[2026-02-10 15:57] Container for fairfuzz/libtiff/tiffcp started in b5b1401fcc88
/magma/targets/libtiff/corpus/tiffcp/11.tif: exit_code 137
/magma/magma/run.sh: line 55: tmp.out: syntax error: invalid arithmetic operator (error token is ".out")
Campaign launched at 2026-02-10 20:57
mv: '/magma_shared/monitor/tmp' and '/magma_shared/monitor/tmp' are the same file
[0;36mafl-fuzz [1;97m2.52b[0m by <lcamtuf@google.com>
[1;92m[+] [0mLooks like we're not running on a tty, so I'll be a bit less verbose.[0m
[1;92m[+] [0mYou have 12 CPU cores and 14 runnable tasks (utilization: 117%).[0m
[1;93m[!] [1;97mWARNING: [0mNot binding to a CPU core (AFL_NO_AFFINITY set).[0m
[1;94m[*] [0mChecking core_pattern...[0m
[1;94m[*] [0mSetting up output directories...[0m
[1;92m[+] [0mOutput directory exists but deemed OK to reuse.[0m
[1;94m[*] [0mDeleting old session data...[0m
[1;92m[+] [0mOutput dir cleanup successful.[0m
[1;94m[*] [0mScanning '/magma/targets/libtiff/corpus/tiffcp'...[0m
[1;92m[+] [0mNo auto-generated dictionary tokens to reuse.[0m
[1;94m[*] [0mCreating hard links for all input files...[0m
[1;94m[*] [0mValidating target binary...[0m
[1;92m[+] [0m[1;95mPersistent mode binary detected.[0m
[1;94m[*] [0mAttempting dry run with 'id:000000,orig:15.tif'...[0m
[1;94m[*] [0mSpinning up the fork server...[0m
[1;92m[+] [0mAll right - fork server is up.[0m
[1;90m    len = 9600, map size = 1283, exec speed = 4225 us
[0m[1;93m[!] [1;97mWARNING: [0mInstrumentation output varies across runs.[0m
[1;94m[*] [0mAttempting dry run with 'id:000001,orig:2.tif'...[0m
[1;90m    len = 12658, map size = 1283, exec speed = 4111 us
[0m[1;94m[*] [0mAttempting dry run with 'id:000002,orig:36.tif'...[0m
[1;90m    len = 14018, map size = 1282, exec speed = 5084 us
[0m[1;94m[*] [0mAttempting dry run with 'id:000003,orig:38.tif'...[0m
[1;90m    len = 6794, map size = 1284, exec speed = 3484 us
[0m[1;94m[*] [0mAttempting dry run with 'id:000004,orig:40.tif'...[0m
[1;90m    len = 7472, map size = 1279, exec speed = 3222 us
[0m[1;94m[*] [0mAttempting dry run with 'id:000005,orig:44.tif'...[0m
[1;90m    len = 6960, map size = 1285, exec speed = 3616 us
[0m[1;94m[*] [0mAttempting dry run with 'id:000006,orig:51.tif'...[0m
[1;90m    len = 14124, map size = 1283, exec speed = 3754 us
[0m[1;94m[*] [0mAttempting dry run with 'id:000007,orig:54.tif'...[0m
[1;90m    len = 9782, map size = 1283, exec speed = 4052 us
[0m[1;94m[*] [0mAttempting dry run with 'id:000008,orig:56.tif'...[0m
[1;90m    len = 6430, map size = 1281, exec speed = 3411 us
[0m[1;94m[*] [0mAttempting dry run with 'id:000009,orig:6.tif'...[0m
[1;90m    len = 6466, map size = 1283, exec speed = 2554 us
[0m[1;94m[*] [0mAttempting dry run with 'id:000010,orig:64.tif'...[0m
[1;90m    len = 14688, map size = 1262, exec speed = 4117 us
[0m[1;94m[*] [0mAttempting dry run with 'id:000011,orig:67.tif'...[0m
[1;90m    len = 14690, map size = 1282, exec speed = 3044 us
[0m[1;94m[*] [0mAttempting dry run with 'id:000012,orig:7.tif'...[0m
[1;90m    len = 1984, map size = 1259, exec speed = 3339 us
[0m[1;94m[*] [0mAttempting dry run with 'id:000013,orig:73.tif'...[0m
[1;90m    len = 9782, map size = 1283, exec speed = 3551 us
[0m[1;94m[*] [0mAttempting dry run with 'id:000014,orig:84.tif'...[0m
[1;90m    len = 14436, map size = 1283, exec speed = 3728 us
[0m[1;94m[*] [0mAttempting dry run with 'id:000015,orig:88.tif'...[0m
[1;90m    len = 8226, map size = 1256, exec speed = 5075 us
[0m[1;93m[!] [1;97mWARNING: [0mNo new instrumentation output, test case may be useless.[0m
[1;94m[*] [0mAttempting dry run with 'id:000016,orig:93.tif'...[0m
[1;90m    len = 14640, map size = 1284, exec speed = 4401 us
[0m[1;94m[*] [0mAttempting dry run with 'id:000017,orig:97.tif'...[0m
[1;90m    len = 11250, map size = 1284, exec speed = 4485 us
[0m[1;94m[*] [0mAttempting dry run with 'id:000018,orig:99.tif'...[0m
[1;90m    len = 12424, map size = 1285, exec speed = 4575 us
[0m[1;94m[*] [0mAttempting dry run with 'id:000019,orig:not_kitty.tiff'...[0m
[1;90m    len = 448, map size = 1588, exec speed = 5322 us
[0m[1;92m[+] [0mAll test cases processed.[0m

[1;93m[!] [1;97mWARNING: [0mSome test cases are big (14.3 kB) - see docs/perf_tips.txt.[0m
[1;93m[!] [1;97mWARNING: [0m[1;91mSome test cases look useless. Consider using a smaller set.[0m
[1;92m[+] [0mHere are some useful stats:

[1;90m    Test case count : [0m6 favored, 1 variable, 20 total
[1;90m       Bitmap range : [0m1256 to 1588 bits (average: 1294.60 bits)
[1;90m        Exec timing : [0m2554 to 5322 us (average: 4002 us)
[0m
[1;94m[*] [0mNo -t option specified, so I'll use exec timeout of 40 ms.[0m
[1;92m[+] [0mAll set and ready to roll![0m
[1;94m[*] [0mEntering queue cycle 1.[0m
[1;94m[*] [0mFuzzing test case #3 (20 total, 0 uniq crashes found)...[0m
[1;94m[*] [0mFuzzing test case #19 (328 total, 0 uniq crashes found)...[0m
[1;94m[*] [0mFuzzing test case #129 (651 total, 0 uniq crashes found)...[0m
[1;94m[*] [0mFuzzing test case #181 (670 total, 0 uniq crashes found)...[0m
[1;94m[*] [0mFuzzing test case #231 (691 total, 0 uniq crashes found)...[0m
[1;94m[*] [0mFuzzing test case #233 (702 total, 0 uniq crashes found)...[0m
[1;94m[*] [0mFuzzing test case #236 (707 total, 0 uniq crashes found)...[0m
[1;94m[*] [0mFuzzing test case #239 (708 total, 0 uniq crashes found)...[0m
[1;94m[*] [0mFuzzing test case #254 (709 total, 0 uniq crashes found)...[0m
[1;94m[*] [0mFuzzing test case #256 (712 total, 0 uniq crashes found)...[0m
[1;94m[*] [0mFuzzing test case #359 (714 total, 0 uniq crashes found)...[0m
[1;94m[*] [0mFuzzing test case #443 (769 total, 0 uniq crashes found)...[0m
[1;94m[*] [0mFuzzing test case #517 (797 total, 0 uniq crashes found)...[0m
[1;94m[*] [0mFuzzing test case #540 (819 total, 0 uniq crashes found)...[0m
[1;94m[*] [0mFuzzing test case #578 (826 total, 0 uniq crashes found)...[0m
[1;94m[*] [0mFuzzing test case #581 (827 total, 0 uniq crashes found)...[0m
[1;94m[*] [0mFuzzing test case #623 (830 total, 0 uniq crashes found)...[0m
[1;94m[*] [0mFuzzing test case #634 (837 total, 0 uniq crashes found)...[0m
[1;94m[*] [0mFuzzing test case #676 (846 total, 0 uniq crashes found)...[0m
[1;94m[*] [0mFuzzing test case #707 (850 total, 0 uniq crashes found)...[0m
[1;94m[*] [0mFuzzing test case #711 (850 total, 0 uniq crashes found)...[0m
[1;94m[*] [0mFuzzing test case #733 (867 total, 0 uniq crashes found)...[0m
[1;94m[*] [0mFuzzing test case #752 (874 total, 0 uniq crashes found)...[0m
[1;94m[*] [0mFuzzing test case #756 (892 total, 0 uniq crashes found)...[0m
[1;94m[*] [0mFuzzing test case #778 (898 total, 0 uniq crashes found)...[0m
[1;94m[*] [0mFuzzing test case #781 (901 total, 0 uniq crashes found)...[0m
[1;94m[*] [0mFuzzing test case #784 (902 total, 0 uniq crashes found)...[0m
[1;94m[*] [0mFuzzing test case #792 (919 total, 0 uniq crashes found)...[0m
[1;94m[*] [0mFuzzing test case #794 (929 total, 0 uniq crashes found)...[0m
[1;94m[*] [0mFuzzing test case #828 (929 total, 0 uniq crashes found)...[0m
[1;94m[*] [0mFuzzing test case #840 (931 total, 0 uniq crashes found)...[0m
[1;94m[*] [0mFuzzing test case #841 (934 total, 0 uniq crashes found)...[0m
[1;94m[*] [0mFuzzing test case #845 (935 total, 0 uniq crashes found)...[0m
[1;94m[*] [0mFuzzing test case #846 (1183 total, 0 uniq crashes found)...[0m
[1;94m[*] [0mFuzzing test case #847 (1188 total, 0 uniq crashes found)...[0m
[1;94m[*] [0mFuzzing test case #851 (1192 total, 0 uniq crashes found)...[0m
[1;94m[*] [0mFuzzing test case #858 (1193 total, 0 uniq crashes found)...[0m
[1;94m[*] [0mFuzzing test case #869 (1198 total, 0 uniq crashes found)...[0m
[1;94m[*] [0mFuzzing test case #876 (1206 total, 0 uniq crashes found)...[0m
[1;94m[*] [0mFuzzing test case #886 (1209 total, 0 uniq crashes found)...[0m
[1;94m[*] [0mFuzzing test case #903 (1218 total, 0 uniq crashes found)...[0m
[1;94m[*] [0mFuzzing test case #904 (1228 total, 0 uniq crashes found)...[0m
[1;94m[*] [0mFuzzing test case #907 (1250 total, 0 uniq crashes found)...[0m
[1;94m[*] [0mFuzzing test case #922 (1255 total, 0 uniq crashes found)...[0m
[1;94m[*] [0mFuzzing test case #924 (1259 total, 0 uniq crashes found)...[0m
[1;94m[*] [0mFuzzing test case #931 (1262 total, 0 uniq crashes found)...[0m
[1;94m[*] [0mFuzzing test case #932 (1271 total, 0 uniq crashes found)...[0m
[1;94m[*] [0mFuzzing test case #934 (1273 total, 0 uniq crashes found)...[0m
[1;94m[*] [0mFuzzing test case #980 (1273 total, 0 uniq crashes found)...[0m
[1;94m[*] [0mFuzzing test case #1154 (1425 total, 0 uniq crashes found)...[0m
[1;94m[*] [0mFuzzing test case #1184 (1452 total, 0 uniq crashes found)...[0m
[1;94m[*] [0mFuzzing test case #1204 (1454 total, 0 uniq crashes found)...[0m
[1;94m[*] [0mFuzzing test case #1213 (1458 total, 0 uniq crashes found)...[0m
[1;94m[*] [0mFuzzing test case #1216 (1463 total, 0 uniq crashes found)...[0m
[1;94m[*] [0mFuzzing test case #1223 (1465 total, 0 uniq crashes found)...[0m
[1;94m[*] [0mFuzzing test case #1234 (1469 total, 0 uniq crashes found)...[0m
[1;94m[*] [0mFuzzing test case #1244 (1472 total, 0 uniq crashes found)...[0m
[1;94m[*] [0mFuzzing test case #1248 (1480 total, 0 uniq crashes found)...[0m
[1;94m[*] [0mFuzzing test case #1249 (1706 total, 0 uniq crashes found)...[0m
[1;94m[*] [0mFuzzing test case #1250 (1709 total, 0 uniq crashes found)...[0m
[1;94m[*] [0mFuzzing test case #1251 (1712 total, 0 uniq crashes found)...[0m
[1;94m[*] [0mFuzzing test case #1258 (1718 total, 0 uniq crashes found)...[0m
[1;94m[*] [0mFuzzing test case #1262 (1721 total, 0 uniq crashes found)...[0m
[1;94m[*] [0mFuzzing test case #1266 (1722 total, 0 uniq crashes found)...[0m
[1;94m[*] [0mFuzzing test case #1268 (1747 total, 0 uniq crashes found)...[0m
[1;94m[*] [0mFuzzing test case #1409 (1751 total, 0 uniq crashes found)...[0m
[1;94m[*] [0mFuzzing test case #1441 (2132 total, 0 uniq crashes found)...[0m
[1;94m[*] [0mFuzzing test case #1450 (2137 total, 0 uniq crashes found)...[0m
[1;94m[*] [0mFuzzing test case #1453 (2137 total, 0 uniq crashes found)...[0m
[1;94m[*] [0mFuzzing test case #1463 (2165 total, 0 uniq crashes found)...[0m
[1;94m[*] [0mFuzzing test case #1466 (2167 total, 0 uniq crashes found)...[0m
[1;94m[*] [0mFuzzing test case #1644 (2183 total, 0 uniq crashes found)...[0m
[1;94m[*] [0mFuzzing test case #1707 (2244 total, 0 uniq crashes found)...[0m
[1;94m[*] [0mFuzzing test case #1712 (2296 total, 0 uniq crashes found)...[0m
[1;94m[*] [0mFuzzing test case #1740 (2316 total, 0 uniq crashes found)...[0m
[1;94m[*] [0mFuzzing test case #1749 (2327 total, 0 uniq crashes found)...[0m
[1;94m[*] [0mFuzzing test case #2024 (2333 total, 0 uniq crashes found)...[0m
[1;94m[*] [0mFuzzing test case #2074 (2438 total, 0 uniq crashes found)...[0m
[1;94m[*] [0mFuzzing test case #2167 (2464 total, 0 uniq crashes found)...[0m
[1;94m[*] [0mFuzzing test case #2234 (2479 total, 0 uniq crashes found)...[0m
[1;94m[*] [0mFuzzing test case #2299 (2489 total, 0 uniq crashes found)...[0m
[1;94m[*] [0mFuzzing test case #2316 (2489 total, 0 uniq crashes found)...[0m
[1;94m[*] [0mFuzzing test case #2321 (2491 total, 0 uniq crashes found)...[0m
[1;94m[*] [0mFuzzing test case #2332 (2492 total, 0 uniq crashes found)...[0m
[1;94m[*] [0mFuzzing test case #2340 (2495 total, 0 uniq crashes found)...[0m
[1;94m[*] [0mFuzzing test case #2450 (2516 total, 0 uniq crashes found)...[0m
[1;94m[*] [0mFuzzing test case #2465 (2542 total, 0 uniq crashes found)...[0m
[1;94m[*] [0mFuzzing test case #2466 (2545 total, 0 uniq crashes found)...[0m
[1;94m[*] [0mFuzzing test case #2489 (2547 total, 0 uniq crashes found)...[0m
[1;94m[*] [0mFuzzing test case #2490 (2552 total, 0 uniq crashes found)...[0m
[1;94m[*] [0mFuzzing test case #2492 (2552 total, 0 uniq crashes found)...[0m
[1;94m[*] [0mFuzzing test case #2499 (2556 total, 0 uniq crashes found)...[0m
[1;94m[*] [0mFuzzing test case #2516 (2579 total, 0 uniq crashes found)...[0m
[1;94m[*] [0mFuzzing test case #2538 (2580 total, 0 uniq crashes found)...[0m
[1;94m[*] [0mFuzzing test case #2542 (2587 total, 0 uniq crashes found)...[0m
[1;94m[*] [0mFuzzing test case #2544 (2593 total, 0 uniq crashes found)...[0m
[1;94m[*] [0mFuzzing test case #2547 (2598 total, 0 uniq crashes found)...[0m
[1;94m[*] [0mFuzzing test case #2552 (2602 total, 0 uniq crashes found)...[0m
[1;94m[*] [0mFuzzing test case #2557 (2603 total, 0 uniq crashes found)...[0m
[1;94m[*] [0mFuzzing test case #2584 (2614 total, 0 uniq crashes found)...[0m
[1;94m[*] [0mFuzzing test case #2586 (2618 total, 0 uniq crashes found)...[0m
[1;94m[*] [0mFuzzing test case #2595 (2625 total, 0 uniq crashes found)...[0m
[1;94m[*] [0mFuzzing test case #2597 (2627 total, 0 uniq crashes found)...[0m
[1;94m[*] [0mFuzzing test case #2598 (2632 total, 0 uniq crashes found)...[0m
[?25h[1;91m

+++ Testing aborted by user +++
[0m
[1;93m[!] [0mStopped during the first cycle, results may be incomplete.
    (For info on resuming, see docs/README.)
[1;92m[+] [0mWe're done here. Have a nice day!
[0m
Campaign terminated at 2026-02-11 04:57
