++ id -u swiftgrass
++ id -g swiftgrass
+ docker build -t magma/fairfuzz/libpng --build-arg fuzzer_name=fairfuzz --build-arg target_name=libpng --build-arg USER_ID=1000 --build-arg GROUP_ID=1000 --build-arg canaries=1 -f /home/swiftgrass/sem4/magma/docker/Dockerfile /home/swiftgrass/sem4/magma
#0 building with "default" instance using docker driver

#1 [internal] load build definition from Dockerfile
#1 transferring dockerfile: 2.45kB done
#1 DONE 0.0s

#2 [internal] load metadata for docker.io/library/ubuntu:18.04
#2 DONE 0.5s

#3 [internal] load .dockerignore
#3 transferring context: 47B done
#3 DONE 0.0s

#4 [internal] load build context
#4 DONE 0.0s

#5 [ 1/20] FROM docker.io/library/ubuntu:18.04@sha256:152dc042452c496007f07ca9127571cb9c29697f42acbfad72324b2bb2e43c98
#5 resolve docker.io/library/ubuntu:18.04@sha256:152dc042452c496007f07ca9127571cb9c29697f42acbfad72324b2bb2e43c98 0.1s done
#5 DONE 0.1s

#4 [internal] load build context
#4 transferring context: 26.82kB 0.1s done
#4 DONE 0.1s

#6 [ 6/20] RUN mkdir -p /magma/magma && chown magma:magma /magma/magma
#6 CACHED

#7 [ 2/20] RUN apt-get update && apt-get install -y sudo
#7 CACHED

#8 [13/20] RUN /magma/fuzzers/fairfuzz/fetch.sh
#8 CACHED

#9 [ 4/20] RUN	ECHO "magma:amgam" | chpasswd && usermod -a -G sudo magma
#9 CACHED

#10 [ 3/20] RUN mkdir -p /home && 	groupadd -g 1000 magma && 	useradd -l -u 1000 -K UMASK=0000 -d /home -g magma magma && 	chown magma:magma /home
#10 CACHED

#11 [17/20] RUN /magma/targets/libpng/preinstall.sh
#11 CACHED

#12 [14/20] RUN /magma/fuzzers/fairfuzz/build.sh
#12 CACHED

#13 [10/20] RUN mkdir -p /magma/fuzzers/fairfuzz && chown magma:magma /magma/fuzzers/fairfuzz
#13 CACHED

#14 [19/20] RUN /magma/magma/apply_patches.sh
#14 CACHED

#15 [15/20] RUN mkdir -p /magma/targets/libpng && chown magma:magma /magma/targets/libpng
#15 CACHED

#16 [18/20] RUN /magma/targets/libpng/fetch.sh
#16 CACHED

#17 [ 8/20] RUN /magma/magma/preinstall.sh
#17 CACHED

#18 [ 9/20] RUN /magma/magma/prebuild.sh
#18 CACHED

#19 [16/20] COPY --chown=magma:magma .//targets/libpng /magma/targets/libpng/
#19 CACHED

#20 [11/20] COPY --chown=magma:magma .//fuzzers/fairfuzz /magma/fuzzers/fairfuzz/
#20 CACHED

#21 [ 5/20] RUN mkdir -p /magma_shared /magma_out && 	chown magma:magma /magma_shared /magma_out && 	chmod 744 /magma_shared /magma_out
#21 CACHED

#22 [ 7/20] COPY --chown=magma:magma .//magma /magma/magma/
#22 CACHED

#23 [12/20] RUN /magma/fuzzers/fairfuzz/preinstall.sh
#23 CACHED

#24 [20/20] RUN /magma/fuzzers/fairfuzz/instrument.sh
#24 CACHED

#25 exporting to image
#25 exporting layers 0.0s done
#25 exporting manifest sha256:3ce05a65c124bdfebd74c7c975d06c72a65bf8771aa980f5787571ff46e11bdb done
#25 exporting config sha256:1f7c680b35c80936c43851931611f0febd00e4cbd2c2ee03a68dae70edd52454 done
#25 exporting attestation manifest sha256:ae0fdda0cc2aa749a413e721d1cb7849a51b73e4b58b5b9564a477da6e3578ca
#25 exporting attestation manifest sha256:ae0fdda0cc2aa749a413e721d1cb7849a51b73e4b58b5b9564a477da6e3578ca 0.1s done
#25 exporting manifest list sha256:73b273a03b74d81d2ef19bdc22a9999dc6c3d101193dc56382509fd5d0cee643 0.1s done
#25 naming to docker.io/magma/fairfuzz/libpng:latest
#25 naming to docker.io/magma/fairfuzz/libpng:latest 0.0s done
#25 unpacking to docker.io/magma/fairfuzz/libpng:latest 0.1s done
#25 DONE 0.3s
+ set +x
magma/fairfuzz/libpng
