++ id -u swiftgrass
++ id -g swiftgrass
+ docker build -t magma/fairfuzz/libsndfile --build-arg fuzzer_name=fairfuzz --build-arg target_name=libsndfile --build-arg USER_ID=1000 --build-arg GROUP_ID=1000 --build-arg canaries=1 -f /home/swiftgrass/sem4/magma/docker/Dockerfile /home/swiftgrass/sem4/magma
#0 building with "default" instance using docker driver

#1 [internal] load build definition from Dockerfile
#1 transferring dockerfile: 2.45kB 0.0s done
#1 DONE 0.1s

#2 [internal] load metadata for docker.io/library/ubuntu:18.04
#2 DONE 1.1s

#3 [internal] load .dockerignore
#3 transferring context: 47B done
#3 DONE 0.0s

#4 [internal] load build context
#4 DONE 0.0s

#5 [ 1/20] FROM docker.io/library/ubuntu:18.04@sha256:152dc042452c496007f07ca9127571cb9c29697f42acbfad72324b2bb2e43c98
#5 resolve docker.io/library/ubuntu:18.04@sha256:152dc042452c496007f07ca9127571cb9c29697f42acbfad72324b2bb2e43c98 0.1s done
#5 DONE 0.1s

#4 [internal] load build context
#4 transferring context: 4.28MB 0.1s done
#4 DONE 0.2s

#6 [13/20] RUN /magma/fuzzers/fairfuzz/fetch.sh
#6 CACHED

#7 [19/20] RUN /magma/magma/apply_patches.sh
#7 CACHED

#8 [ 6/20] RUN mkdir -p /magma/magma && chown magma:magma /magma/magma
#8 CACHED

#9 [10/20] RUN mkdir -p /magma/fuzzers/fairfuzz && chown magma:magma /magma/fuzzers/fairfuzz
#9 CACHED

#10 [11/20] COPY --chown=magma:magma .//fuzzers/fairfuzz /magma/fuzzers/fairfuzz/
#10 CACHED

#11 [ 9/20] RUN /magma/magma/prebuild.sh
#11 CACHED

#12 [15/20] RUN mkdir -p /magma/targets/libsndfile && chown magma:magma /magma/targets/libsndfile
#12 CACHED

#13 [18/20] RUN /magma/targets/libsndfile/fetch.sh
#13 CACHED

#14 [17/20] RUN /magma/targets/libsndfile/preinstall.sh
#14 CACHED

#15 [12/20] RUN /magma/fuzzers/fairfuzz/preinstall.sh
#15 CACHED

#16 [ 8/20] RUN /magma/magma/preinstall.sh
#16 CACHED

#17 [ 4/20] RUN	ECHO "magma:amgam" | chpasswd && usermod -a -G sudo magma
#17 CACHED

#18 [ 3/20] RUN mkdir -p /home && 	groupadd -g 1000 magma && 	useradd -l -u 1000 -K UMASK=0000 -d /home -g magma magma && 	chown magma:magma /home
#18 CACHED

#19 [ 5/20] RUN mkdir -p /magma_shared /magma_out && 	chown magma:magma /magma_shared /magma_out && 	chmod 744 /magma_shared /magma_out
#19 CACHED

#20 [16/20] COPY --chown=magma:magma .//targets/libsndfile /magma/targets/libsndfile/
#20 CACHED

#21 [ 2/20] RUN apt-get update && apt-get install -y sudo
#21 CACHED

#22 [ 7/20] COPY --chown=magma:magma .//magma /magma/magma/
#22 CACHED

#23 [14/20] RUN /magma/fuzzers/fairfuzz/build.sh
#23 CACHED

#24 [20/20] RUN /magma/fuzzers/fairfuzz/instrument.sh
#24 CACHED

#25 exporting to image
#25 exporting layers 0.0s done
#25 exporting manifest sha256:966193fd749e9923351236813bb7be9c5fd3975830e827055ce9b5de204ba05a done
#25 exporting config sha256:e8117cb4f6f0c45acef6b46133d0188bf9714169a11de94fc5f3dc425b371580
#25 exporting config sha256:e8117cb4f6f0c45acef6b46133d0188bf9714169a11de94fc5f3dc425b371580 done
#25 exporting attestation manifest sha256:31cbeda47a6de4f6d0a1e5219e9b5822d2dee9d6d63bfc3fb7f3be4aafafd149 0.1s done
#25 exporting manifest list sha256:18998229799d398ff9c9082b1a350d50b743bb49016643ec83a21417f0b2c432
#25 exporting manifest list sha256:18998229799d398ff9c9082b1a350d50b743bb49016643ec83a21417f0b2c432 0.0s done
#25 naming to docker.io/magma/fairfuzz/libsndfile:latest done
#25 unpacking to docker.io/magma/fairfuzz/libsndfile:latest 0.0s done
#25 DONE 0.3s
+ set +x
magma/fairfuzz/libsndfile
