[2026-02-11 00:09] Container for fairfuzz/poppler/pdftoppm started in a8644a9793f2
/magma/targets/poppler/corpus/pdftoppm/S2.pdf: exit_code 137
/magma/targets/poppler/corpus/pdftoppm/ShowText-ShadingPattern.pdf: exit_code 137
/magma/targets/poppler/corpus/pdftoppm/TAMReview.pdf: exit_code 137
/magma/targets/poppler/corpus/pdftoppm/ZapfDingbats.pdf: exit_code 137
/magma/targets/poppler/corpus/pdftoppm/a2ping.man1.pdf: exit_code 137
/magma/targets/poppler/corpus/pdftoppm/allcm.man1.pdf: exit_code 137
/magma/targets/poppler/corpus/pdftoppm/alphatrans.pdf: exit_code 137
/magma/targets/poppler/corpus/pdftoppm/blendmode.pdf: exit_code 137
/magma/targets/poppler/corpus/pdftoppm/bug852992_reduced.pdf: exit_code 137
/magma/targets/poppler/corpus/pdftoppm/calgray.pdf: exit_code 137
/magma/targets/poppler/corpus/pdftoppm/calrgb.pdf: exit_code 137
/magma/targets/poppler/corpus/pdftoppm/canvas.pdf: exit_code 137
/magma/targets/poppler/corpus/pdftoppm/filled-background.pdf: exit_code 137
/magma/targets/poppler/corpus/pdftoppm/issue1350.pdf: exit_code 137
/magma/targets/poppler/corpus/pdftoppm/issue1905.pdf: exit_code 137
/magma/targets/poppler/corpus/pdftoppm/issue2948.pdf: exit_code 1
/magma/targets/poppler/corpus/pdftoppm/issue5549.pdf: exit_code 137
/magma/targets/poppler/corpus/pdftoppm/issue5747.pdf: exit_code 137
/magma/targets/poppler/corpus/pdftoppm/issue5808.pdf: exit_code 137
/magma/targets/poppler/corpus/pdftoppm/issue5896.pdf: exit_code 137
/magma/targets/poppler/corpus/pdftoppm/issue8092.pdf: exit_code 137
/magma/targets/poppler/corpus/pdftoppm/issue840.pdf: exit_code 137
/magma/targets/poppler/corpus/pdftoppm/issue8702.pdf: exit_code 137
/magma/targets/poppler/corpus/pdftoppm/issue9940.pdf: exit_code 137
/magma/targets/poppler/corpus/pdftoppm/multiple-filters-length-zero.pdf: exit_code 137
/magma/targets/poppler/corpus/pdftoppm/pattern_text_embedded_font.pdf: exit_code 137
/magma/targets/poppler/corpus/pdftoppm/personwithdog.pdf: exit_code 137
/magma/targets/poppler/corpus/pdftoppm/scan-bad.pdf: exit_code 137
/magma/targets/poppler/corpus/pdftoppm/shading_extend.pdf: exit_code 137
/magma/targets/poppler/corpus/pdftoppm/tiling-pattern-large-steps.pdf: exit_code 137
/magma/targets/poppler/corpus/pdftoppm/transparency_group.pdf: exit_code 137
Campaign launched at 2026-02-11 05:09
[0;36mafl-fuzz [1;97m2.52b[0m by <lcamtuf@google.com>
[1;92m[+] [0mLooks like we're not running on a tty, so I'll be a bit less verbose.[0m
[1;92m[+] [0mYou have 12 CPU cores and 14 runnable tasks (utilization: 117%).[0m
[1;93m[!] [1;97mWARNING: [0mNot binding to a CPU core (AFL_NO_AFFINITY set).[0m
[1;94m[*] [0mChecking core_pattern...[0m
[1;94m[*] [0mSetting up output directories...[0m
[1;92m[+] [0mOutput directory exists but deemed OK to reuse.[0m
[1;94m[*] [0mDeleting old session data...[0m
[1;92m[+] [0mOutput dir cleanup successful.[0m
[1;94m[*] [0mScanning '/magma/targets/poppler/corpus/pdftoppm'...[0m
[1;92m[+] [0mNo auto-generated dictionary tokens to reuse.[0m
[1;94m[*] [0mCreating hard links for all input files...[0m
[1;94m[*] [0mValidating target binary...[0m
[1;92m[+] [0m[1;95mPersistent mode binary detected.[0m
[1;94m[*] [0mAttempting dry run with 'id:000000,orig:1-criticalnotes.pdf'...[0m
[1;94m[*] [0mSpinning up the fork server...[0m
[1;92m[+] [0mAll right - fork server is up.[0m
[1;90m    len = 17206, map size = 7147, exec speed = 31549 us
[0m[1;93m[!] [1;97mWARNING: [0mInstrumentation output varies across runs.[0m
[1;94m[*] [0mAttempting dry run with 'id:000001,orig:1-verses.pdf'...[0m
[1;90m    len = 17125, map size = 7121, exec speed = 27499 us
[0m[1;94m[*] [0mAttempting dry run with 'id:000002,orig:100br1.pdf'...[0m
[1;90m    len = 15645, map size = 8110, exec speed = 19016 us
[0m[1;93m[!] [1;97mWARNING: [0mInstrumentation output varies across runs.[0m
[1;94m[*] [0mAttempting dry run with 'id:000003,orig:100br2.pdf'...[0m
[1;90m    len = 15662, map size = 8109, exec speed = 21364 us
[0m[1;94m[*] [0mAttempting dry run with 'id:000004,orig:2-lemma_disambigution.pdf'...[0m
[1;90m    len = 17247, map size = 7181, exec speed = 16962 us
[0m[1;94m[*] [0mAttempting dry run with 'id:000005,orig:2-titles_not_in_line_numbering.pdf'...[0m
[1;90m    len = 17196, map size = 6961, exec speed = 19787 us
[0m[1;94m[*] [0mAttempting dry run with 'id:000006,orig:3-eledpar_mwe.pdf'...[0m
[1;90m    len = 12221, map size = 6934, exec speed = 22664 us
[0m[1;94m[*] [0mAttempting dry run with 'id:000007,orig:3-reledpar_mwe.pdf'...[0m
[1;90m    len = 12216, map size = 6929, exec speed = 23098 us
[0m[1;94m[*] [0mAttempting dry run with 'id:000008,orig:4-reledpar_verse_text_between.pdf'...[0m
[1;90m    len = 16256, map size = 6956, exec speed = 33788 us
[0m[1;94m[*] [0mAttempting dry run with 'id:000009,orig:95-customlists-biber.pdf'...[0m
[1;90m    len = 12157, map size = 6843, exec speed = 13798 us
[0m[1;94m[*] [0mAttempting dry run with 'id:000010,orig:ArabicCIDTrueType.pdf'...[0m
[1;90m    len = 39370, map size = 5967, exec speed = 14450 us
[0m[1;94m[*] [0mAttempting dry run with 'id:000011,orig:IdentityToUnicodeMap_charCodeOf.pdf'...[0m
[1;90m    len = 651, map size = 2815, exec speed = 8737 us
[0m[1;94m[*] [0mAttempting dry run with 'id:000012,orig:PDFJS-7562-reduced.pdf'...[0m
[1;90m    len = 13653, map size = 5637, exec speed = 12414 us
[0m[1;94m[*] [0mAttempting dry run with 'id:000013,orig:Test-plusminus.pdf'...[0m
[1;90m    len = 28401, map size = 6865, exec speed = 30905 us
[0m[1;94m[*] [0mAttempting dry run with 'id:000014,orig:ThuluthFeatures.pdf'...[0m
[1;90m    len = 117677, map size = 6707, exec speed = 69916 us
[0m[1;94m[*] [0mAttempting dry run with 'id:000015,orig:TrueType_without_cmap.pdf'...[0m
[1;90m    len = 3989, map size = 5361, exec speed = 7666 us
[0m[1;94m[*] [0mAttempting dry run with 'id:000016,orig:afm2tfm.man1.pdf'...[0m
[1;90m    len = 16300, map size = 6937, exec speed = 15245 us
[0m[1;94m[*] [0mAttempting dry run with 'id:000017,orig:allec.man1.pdf'...[0m
[1;90m    len = 14137, map size = 6940, exec speed = 16408 us
[0m[1;94m[*] [0mAttempting dry run with 'id:000018,orig:allneeded.man1.pdf'...[0m
[1;90m    len = 14730, map size = 6950, exec speed = 22218 us
[0m[1;94m[*] [0mAttempting dry run with 'id:000019,orig:annotation-border-styles.pdf'...[0m
[1;90m    len = 89833, map size = 6951, exec speed = 20228 us
[0m[1;94m[*] [0mAttempting dry run with 'id:000020,orig:annotation-button-widget.pdf'...[0m
[1;90m    len = 23785, map size = 9209, exec speed = 14590 us
[0m[1;94m[*] [0mAttempting dry run with 'id:000021,orig:annotation-caret-ink.pdf'...[0m
[1;90m    len = 93680, map size = 7558, exec speed = 19113 us
[0m[1;93m[!] [1;97mWARNING: [0mInstrumentation output varies across runs.[0m
[1;94m[*] [0mAttempting dry run with 'id:000022,orig:annotation-choice-widget.pdf'...[0m
[1;90m    len = 91556, map size = 9039, exec speed = 24715 us
[0m[1;94m[*] [0mAttempting dry run with 'id:000023,orig:annotation-fileattachment.pdf'...[0m
[1;90m    len = 93322, map size = 7209, exec speed = 15824 us
[0m[1;94m[*] [0mAttempting dry run with 'id:000024,orig:annotation-freetext.pdf'...[0m
[1;90m    len = 86024, map size = 6898, exec speed = 18227 us
[0m[1;94m[*] [0mAttempting dry run with 'id:000025,orig:annotation-highlight.pdf'...[0m
[1;90m    len = 92397, map size = 7021, exec speed = 13209 us
[0m[1;94m[*] [0mAttempting dry run with 'id:000026,orig:annotation-line.pdf'...[0m
[1;90m    len = 84943, map size = 6904, exec speed = 17486 us
[0m[1;94m[*] [0mAttempting dry run with 'id:000027,orig:annotation-link-text-popup.pdf'...[0m
[1;90m    len = 98997, map size = 7563, exec speed = 15227 us
[0m[1;94m[*] [0mAttempting dry run with 'id:000028,orig:annotation-polyline-polygon.pdf'...[0m
[1;90m    len = 88691, map size = 7186, exec speed = 16331 us
[0m[1;94m[*] [0mAttempting dry run with 'id:000029,orig:annotation-square-circle.pdf'...[0m
[1;90m    len = 88740, map size = 7273, exec speed = 16655 us
[0m[1;94m[*] [0mAttempting dry run with 'id:000030,orig:annotation-squiggly.pdf'...[0m
[1;90m    len = 93644, map size = 7312, exec speed = 19561 us
[0m[1;94m[*] [0mAttempting dry run with 'id:000031,orig:annotation-stamp.pdf'...[0m
[1;90m    len = 88903, map size = 7590, exec speed = 13185 us
[0m[1;94m[*] [0mAttempting dry run with 'id:000032,orig:annotation-strikeout.pdf'...[0m
[1;90m    len = 91804, map size = 7076, exec speed = 16323 us
[0m[1;94m[*] [0mAttempting dry run with 'id:000033,orig:annotation-text-widget.pdf'...[0m
[1;90m    len = 93171, map size = 9390, exec speed = 20900 us
[0m[1;94m[*] [0mAttempting dry run with 'id:000034,orig:annotation-text-without-popup.pdf'...[0m
[1;90m    len = 24281, map size = 7157, exec speed = 8716 us
[0m[1;94m[*] [0mAttempting dry run with 'id:000035,orig:annotation-tx.pdf'...[0m
[1;90m    len = 11672, map size = 4575, exec speed = 29439 us
[0m[1;94m[*] [0mAttempting dry run with 'id:000036,orig:annotation-tx2.pdf'...[0m
[1;90m    len = 21285, map size = 5351, exec speed = 39310 us
[0m[1;94m[*] [0mAttempting dry run with 'id:000037,orig:annotation-tx3.pdf'...[0m
[1;90m    len = 31642, map size = 5388, exec speed = 44485 us
[0m[1;94m[*] [0mAttempting dry run with 'id:000038,orig:annotation-underline.pdf'...[0m
[1;90m    len = 92151, map size = 7125, exec speed = 18169 us
[0m[1;94m[*] [0mAttempting dry run with 'id:000039,orig:anti_eclipse_V2.pdf'...[0m
[1;90m    len = 14679, map size = 7629, exec speed = 35065 us
[0m[1;94m[*] [0mAttempting dry run with 'id:000040,orig:arial_unicode_ab_cidfont.pdf'...[0m
[1;90m    len = 13110, map size = 5482, exec speed = 6461 us
[0m[1;94m[*] [0mAttempting dry run with 'id:000041,orig:arial_unicode_en_cidfont.pdf'...[0m
[1;90m    len = 15779, map size = 3255, exec speed = 5905 us
[0m[1;94m[*] [0mAttempting dry run with 'id:000042,orig:asciihexdecode.pdf'...[0m
[1;90m    len = 743, map size = 3007, exec speed = 10704 us
[0m[1;94m[*] [0mAttempting dry run with 'id:000043,orig:attachment.pdf'...[0m
[1;90m    len = 15299, map size = 5692, exec speed = 11236 us
[0m[1;94m[*] [0mAttempting dry run with 'id:000044,orig:b6of3.pdf'...[0m
[1;90m    len = 12823, map size = 3566, exec speed = 21474 us
[0m[1;94m[*] [0mAttempting dry run with 'id:000045,orig:b6of4.pdf'...[0m
[1;90m    len = 13025, map size = 3574, exec speed = 28612 us
[0m[1;94m[*] [0mAttempting dry run with 'id:000046,orig:bad-PageLabels.pdf'...[0m
[1;90m    len = 798, map size = 2820, exec speed = 7556 us
[0m[1;94m[*] [0mAttempting dry run with 'id:000047,orig:basicapi.pdf'...[0m
[1;90m    len = 105779, map size = 6796, exec speed = 89329 us
[0m[1;94m[*] [0mAttempting dry run with 'id:000048,orig:bigboundingbox.pdf'...[0m
[1;90m    len = 76044, map size = 7373, exec speed = 29904 us
[0m[1;94m[*] [0mAttempting dry run with 'id:000049,orig:boundingBox_invalid.pdf'...[0m
[1;90m    len = 1263, map size = 2854, exec speed = 14774 us
[0m[1;94m[*] [0mAttempting dry run with 'id:000050,orig:bug1001080.pdf'...[0m
[1;90m    len = 12423, map size = 4300, exec speed = 9453 us
[0m[1;93m[!] [1;97mWARNING: [0mInstrumentation output varies across runs.[0m
[1;94m[*] [0mAttempting dry run with 'id:000051,orig:bug1011159.pdf'...[0m
[1;90m    len = 18316, map size = 3495, exec speed = 5879 us
[0m[1;94m[*] [0mAttempting dry run with 'id:000052,orig:bug1020226.pdf'...[0m
[1;90m    len = 184, map size = 1288, exec speed = 3728 us
[0m[1;93m[!] [1;97mWARNING: [0mInstrumentation output varies across runs.[0m
[1;94m[*] [0mAttempting dry run with 'id:000053,orig:bug1020858.pdf'...[0m
[1;90m    len = 1312, map size = 3671, exec speed = 8818 us
[0m[1;94m[*] [0mAttempting dry run with 'id:000054,orig:bug1027533.pdf'...[0m
[1;90m    len = 8900, map size = 5218, exec speed = 6097 us
[0m[1;94m[*] [0mAttempting dry run with 'id:000055,orig:bug1028735.pdf'...[0m
[1;90m    len = 22886, map size = 5167, exec speed = 6468 us
[0m[1;94m[*] [0mAttempting dry run with 'id:000056,orig:bug1046314.pdf'...[0m
[1;90m    len = 39249, map size = 5540, exec speed = 6945 us
[0m[1;94m[*] [0mAttempting dry run with 'id:000057,orig:bug1050040.pdf'...[0m
[1;90m    len = 40946, map size = 3684, exec speed = 8951 us
[0m[1;94m[*] [0mAttempting dry run with 'id:000058,orig:bug1065245.pdf'...[0m
[1;90m    len = 2188, map size = 3720, exec speed = 9309 us
[0m[1;94m[*] [0mAttempting dry run with 'id:000059,orig:bug1068432.pdf'...[0m
[1;90m    len = 2360, map size = 6326, exec speed = 5403 us
[0m[1;94m[*] [0mAttempting dry run with 'id:000060,orig:bug1108301.pdf'...[0m
[1;90m    len = 48421, map size = 5400, exec speed = 7887 us
[0m[1;94m[*] [0mAttempting dry run with 'id:000061,orig:bug1132849.pdf'...[0m
[1;90m    len = 72583, map size = 5559, exec speed = 10073 us
[0m[1;94m[*] [0mAttempting dry run with 'id:000062,orig:bug1146106.pdf'...[0m
[1;90m    len = 4517, map size = 6110, exec speed = 10431 us
[0m[1;94m[*] [0mAttempting dry run with 'id:000063,orig:bug1151216.pdf'...[0m
[1;90m    len = 17254, map size = 5381, exec speed = 7419 us
[0m[1;94m[*] [0mAttempting dry run with 'id:000064,orig:bug1157493.pdf'...[0m
[1;90m    len = 68735, map size = 6307, exec speed = 13962 us
[0m[1;94m[*] [0mAttempting dry run with 'id:000065,orig:bug1175962.pdf'...[0m
[1;90m    len = 20894, map size = 5460, exec speed = 12622 us
[0m[1;94m[*] [0mAttempting dry run with 'id:000066,orig:bug1186827.pdf'...[0m
[1;90m    len = 45013, map size = 6362, exec speed = 15509 us
[0m[1;94m[*] [0mAttempting dry run with 'id:000067,orig:bug1200096.pdf'...[0m
[1;90m    len = 117519, map size = 5138, exec speed = 8995 us
[0m[1;94m[*] [0mAttempting dry run with 'id:000068,orig:bug1245391_reduced.pdf'...[0m
[1;90m    len = 351793, map size = 4095, exec speed = 10796 us
[0m[1;94m[*] [0mAttempting dry run with 'id:000069,orig:bug1250079.pdf'...[0m
[1;90m    len = 711, map size = 2967, exec speed = 12238 us
[0m[1;94m[*] [0mAttempting dry run with 'id:000070,orig:bug1252420.pdf'...[0m
[1;90m    len = 78413, map size = 5654, exec speed = 9472 us
[0m[1;94m[*] [0mAttempting dry run with 'id:000071,orig:bug1308536.pdf'...[0m
[1;90m    len = 6753, map size = 6591, exec speed = 7829 us
[0m[1;94m[*] [0mAttempting dry run with 'id:000072,orig:bug1337429.pdf'...[0m
[1;90m    len = 58689, map size = 5556, exec speed = 15050 us
[0m[1;94m[*] [0mAttempting dry run with 'id:000073,orig:bug1392647.pdf'...[0m
[1;90m    len = 13139, map size = 5297, exec speed = 7585 us
[0m[1;94m[*] [0mAttempting dry run with 'id:000074,orig:bug1473809.pdf'...[0m
[1;90m    len = 178088, map size = 5680, exec speed = 34887 us
[0m[1;94m[*] [0mAttempting dry run with 'id:000075,orig:bug1513120_reduced.pdf'...[0m
[1;90m    len = 30014, map size = 5013, exec speed = 16156 us
[0m[1;94m[*] [0mAttempting dry run with 'id:000076,orig:bug1552113.pdf'...[0m
[1;90m    len = 901, map size = 3812, exec speed = 10721 us
[0m[1;94m[*] [0mAttempting dry run with 'id:000077,orig:bug766086.pdf'...[0m
[1;90m    len = 860, map size = 3816, exec speed = 9174 us
[0m[1;94m[*] [0mAttempting dry run with 'id:000078,orig:bug793632.pdf'...[0m
[1;90m    len = 23529, map size = 6243, exec speed = 18809 us
[0m[1;94m[*] [0mAttempting dry run with 'id:000079,orig:bug816075.pdf'...[0m
[1;90m    len = 21049, map size = 6432, exec speed = 11838 us
[0m[1;93m[!] [1;97mWARNING: [0mInstrumentation output varies across runs.[0m
[1;94m[*] [0mAttempting dry run with 'id:000080,orig:bug847420.pdf'...[0m
[1;90m    len = 1840, map size = 2904, exec speed = 13291 us
[0m[1;94m[*] [0mAttempting dry run with 'id:000081,orig:bug850854.pdf'...[0m
[1;90m    len = 667, map size = 2828, exec speed = 10175 us
[0m[1;94m[*] [0mAttempting dry run with 'id:000082,orig:bug859204.pdf'...[0m
[1;90m    len = 42569, map size = 6492, exec speed = 13876 us
[0m[1;94m[*] [0mAttempting dry run with 'id:000083,orig:bug860632.pdf'...[0m
[1;90m    len = 33087, map size = 6250, exec speed = 15101 us
[0m[1;94m[*] [0mAttempting dry run with 'id:000084,orig:bug864847.pdf'...[0m
[1;90m    len = 1252, map size = 3168, exec speed = 11245 us
[0m[1;94m[*] [0mAttempting dry run with 'id:000085,orig:bug866395.pdf'...[0m
[1;90m    len = 1879, map size = 3661, exec speed = 12558 us
[0m[1;94m[*] [0mAttempting dry run with 'id:000086,orig:bug868745.pdf'...[0m
[1;90m    len = 23766, map size = 5292, exec speed = 10398 us
[0m[1;94m[*] [0mAttempting dry run with 'id:000087,orig:bug878026.pdf'...[0m
[1;90m    len = 676, map size = 2937, exec speed = 9840 us
[0m[1;94m[*] [0mAttempting dry run with 'id:000088,orig:bug886717.pdf'...[0m
[1;90m    len = 133458, map size = 8182, exec speed = 54374 us
[0m[1;94m[*] [0mAttempting dry run with 'id:000089,orig:bug893730.pdf'...[0m
[1;90m    len = 30845, map size = 5611, exec speed = 9614 us
[0m[1;94m[*] [0mAttempting dry run with 'id:000090,orig:bug894572.pdf'...[0m
[1;90m    len = 41937, map size = 5368, exec speed = 10398 us
[0m[1;94m[*] [0mAttempting dry run with 'id:000091,orig:bug898853.pdf'...[0m
[1;90m    len = 15861, map size = 6461, exec speed = 9256 us
[0m[1;94m[*] [0mAttempting dry run with 'id:000092,orig:bug900822.pdf'...[0m
[1;90m    len = 166510, map size = 6598, exec speed = 44777 us
[0m[1;94m[*] [0mAttempting dry run with 'id:000093,orig:bug903856.pdf'...[0m
[1;90m    len = 8439, map size = 5271, exec speed = 7646 us
[0m[1;94m[*] [0mAttempting dry run with 'id:000094,orig:bug911034.pdf'...[0m
[1;90m    len = 56514, map size = 5394, exec speed = 18448 us
[0m[1;94m[*] [0mAttempting dry run with 'id:000095,orig:bug921409.pdf'...[0m
[1;90m    len = 44438, map size = 6476, exec speed = 12787 us
[0m[1;94m[*] [0mAttempting dry run with 'id:000096,orig:bug946506.pdf'...[0m
[1;90m    len = 20555, map size = 6828, exec speed = 101958 us
[0m[1;93m[!] [1;97mWARNING: [0mInstrumentation output varies across runs.[0m
[1;94m[*] [0mAttempting dry run with 'id:000097,orig:ccitt_EndOfBlock_false.pdf'...[0m
[1;90m    len = 3256, map size = 3683, exec speed = 60407 us
[0m[1;94m[*] [0mAttempting dry run with 'id:000098,orig:cid_cff.pdf'...[0m
[1;90m    len = 19970, map size = 6027, exec speed = 9450 us
[0m[1;94m[*] [0mAttempting dry run with 'id:000099,orig:clippath.pdf'...[0m
[1;90m    len = 459, map size = 2873, exec speed = 7169 us
[0m[1;94m[*] [0mAttempting dry run with 'id:000100,orig:close-path-bug.pdf'...[0m
[1;90m    len = 1451, map size = 3545, exec speed = 8968 us
[0m[1;94m[*] [0mAttempting dry run with 'id:000101,orig:cmykjpeg.pdf'...[0m
[1;90m    len = 374080, map size = 3273, exec speed = 21477 us
[0m[1;94m[*] [0mAttempting dry run with 'id:000102,orig:colorkeymask.pdf'...[0m
[1;90m    len = 161533, map size = 3448, exec speed = 21701 us
[0m[1;94m[*] [0mAttempting dry run with 'id:000103,orig:complex_ttf_font.pdf'...[0m
[1;90m    len = 57178, map size = 5330, exec speed = 19790 us
[0m[1;94m[*] [0mAttempting dry run with 'id:000104,orig:coons-allflags-withfunction.pdf'...[0m
[1;90m    len = 3285, map size = 3751, exec speed = 74096 us
[0m[1;94m[*] [0mAttempting dry run with 'id:000105,orig:decodeACSuccessive.pdf'...[0m
[1;90m    len = 2867, map size = 2973, exec speed = 9664 us
[0m[1;94m[*] [0mAttempting dry run with 'id:000106,orig:devicen.pdf'...[0m
[1;90m    len = 15751, map size = 4170, exec speed = 10004 us
[0m[1;94m[*] [0mAttempting dry run with 'id:000107,orig:endchar.pdf'...[0m
[1;90m    len = 18985, map size = 7833, exec speed = 12864 us
[0m[1;94m[*] [0mAttempting dry run with 'id:000108,orig:extgstate.pdf'...[0m
[1;90m    len = 1253, map size = 3783, exec speed = 10187 us
[0m[1;94m[*] [0mAttempting dry run with 'id:000109,orig:file_url_link.pdf'...[0m
[1;90m    len = 856, map size = 3830, exec speed = 7747 us
[0m[1;93m[!] [1;97mWARNING: [0mNo new instrumentation output, test case may be useless.[0m
[1;94m[*] [0mAttempting dry run with 'id:000110,orig:font_ascent_descent.pdf'...[0m
[1;90m    len = 15056, map size = 7896, exec speed = 71941 us
[0m[1;94m[*] [0mAttempting dry run with 'id:000111,orig:franz.pdf'...[0m
[1;90m    len = 2805, map size = 2977, exec speed = 6989 us
[0m[1;94m[*] [0mAttempting dry run with 'id:000112,orig:franz_2.pdf'...[0m
[1;90m    len = 2828, map size = 3664, exec speed = 9196 us
[0m[1;94m[*] [0mAttempting dry run with 'id:000113,orig:german-umlaut-r.pdf'...[0m
[1;90m    len = 14591, map size = 5531, exec speed = 6133 us
[0m[1;94m[*] [0mAttempting dry run with 'id:000114,orig:glyph_accent.pdf'...[0m
[1;90m    len = 5490, map size = 7204, exec speed = 7452 us
[0m[1;94m[*] [0mAttempting dry run with 'id:000115,orig:gradientfill.pdf'...[0m
[1;90m    len = 1444, map size = 3506, exec speed = 24510 us
[0m[1;94m[*] [0mAttempting dry run with 'id:000116,orig:helloworld-bad.pdf'...[0m
[1;90m    len = 745, map size = 3011, exec speed = 10535 us
[0m[1;94m[*] [0mAttempting dry run with 'id:000117,orig:images_1bit_grayscale.pdf'...[0m
[1;90m    len = 4573, map size = 3549, exec speed = 27411 us
[0m[1;94m[*] [0mAttempting dry run with 'id:000118,orig:issue1002.pdf'...[0m
[1;90m    len = 19172, map size = 7481, exec speed = 45597 us
[0m[1;94m[*] [0mAttempting dry run with 'id:000119,orig:issue10084_reduced.pdf'...[0m
[1;90m    len = 15165, map size = 6270, exec speed = 12207 us
[0m[1;94m[*] [0mAttempting dry run with 'id:000120,orig:issue10339_reduced.pdf'...[0m
[1;90m    len = 1819, map size = 3099, exec speed = 10372 us
[0m[1;94m[*] [0mAttempting dry run with 'id:000121,orig:issue10388_reduced.pdf'...[0m
[1;90m    len = 1127, map size = 3792, exec speed = 14561 us
[0m[1;94m[*] [0mAttempting dry run with 'id:000122,orig:issue10402.pdf'...[0m
[1;90m    len = 20955, map size = 5457, exec speed = 10594 us
[0m[1;94m[*] [0mAttempting dry run with 'id:000123,orig:issue10438_reduced.pdf'...[0m
[1;90m    len = 723, map size = 2901, exec speed = 8953 us
[0m[1;94m[*] [0mAttempting dry run with 'id:000124,orig:issue1045.pdf'...[0m
[1;90m    len = 22741, map size = 6462, exec speed = 12218 us
[0m[1;94m[*] [0mAttempting dry run with 'id:000125,orig:issue10519_reduced.pdf'...[0m
[1;90m    len = 13286, map size = 5369, exec speed = 10078 us
[0m[1;94m[*] [0mAttempting dry run with 'id:000126,orig:issue10529.pdf'...[0m
[1;90m    len = 120681, map size = 8349, exec speed = 21164 us
[0m[1;93m[!] [1;97mWARNING: [0mInstrumentation output varies across runs.[0m
[1;94m[*] [0mAttempting dry run with 'id:000127,orig:issue10542_reduced.pdf'...[0m
[1;90m    len = 930, map size = 3456, exec speed = 9132 us
[0m[1;94m[*] [0mAttempting dry run with 'id:000128,orig:issue1055r.pdf'...[0m
[1;90m    len = 1016, map size = 3584, exec speed = 10841 us
[0m[1;94m[*] [0mAttempting dry run with 'id:000129,orig:issue10665_reduced.pdf'...[0m
[1;90m    len = 8809, map size = 6228, exec speed = 11053 us
[0m[1;94m[*] [0mAttempting dry run with 'id:000130,orig:issue11016_reduced.pdf'...[0m
[1;90m    len = 5558, map size = 6361, exec speed = 10725 us
[0m[1;94m[*] [0mAttempting dry run with 'id:000131,orig:issue11045.pdf'...[0m
[1;90m    len = 40875, map size = 8119, exec speed = 20082 us
[0m[1;93m[!] [1;97mWARNING: [0mInstrumentation output varies across runs.[0m
[1;94m[*] [0mAttempting dry run with 'id:000132,orig:issue11150_reduced.pdf'...[0m
[1;90m    len = 32378, map size = 6050, exec speed = 8846 us
[0m[1;94m[*] [0mAttempting dry run with 'id:000133,orig:issue11242_reduced.pdf'...[0m
[1;90m    len = 2751, map size = 3067, exec speed = 7409 us
[0m[1;94m[*] [0mAttempting dry run with 'id:000134,orig:issue11279.pdf'...[0m
[1;90m    len = 2369, map size = 7835, exec speed = 23300 us
[0m[1;94m[*] [0mAttempting dry run with 'id:000135,orig:issue11362.pdf'...[0m
[1;90m    len = 2922, map size = 4517, exec speed = 11559 us
[0m[1;94m[*] [0mAttempting dry run with 'id:000136,orig:issue11442_reduced.pdf'...[0m
[1;90m    len = 689, map size = 2823, exec speed = 8845 us
[0m[1;93m[!] [1;97mWARNING: [0mNo new instrumentation output, test case may be useless.[0m
[1;94m[*] [0mAttempting dry run with 'id:000137,orig:issue1155r.pdf'...[0m
[1;90m    len = 776, map size = 2859, exec speed = 8747 us
[0m[1;94m[*] [0mAttempting dry run with 'id:000138,orig:issue1171.pdf'...[0m
[1;90m    len = 1939, map size = 4974, exec speed = 6679 us
[0m[1;94m[*] [0mAttempting dry run with 'id:000139,orig:issue1249.pdf'...[0m
[1;90m    len = 68783, map size = 6057, exec speed = 16703 us
[0m[1;94m[*] [0mAttempting dry run with 'id:000140,orig:issue1293r.pdf'...[0m
[1;90m    len = 621, map size = 2875, exec speed = 8715 us
[0m[1;94m[*] [0mAttempting dry run with 'id:000141,orig:issue1453.pdf'...[0m
[1;90m    len = 17650, map size = 7675, exec speed = 14033 us
[0m[1;94m[*] [0mAttempting dry run with 'id:000142,orig:issue1512r.pdf'...[0m
[1;90m    len = 31198, map size = 5478, exec speed = 9194 us
[0m[1;94m[*] [0mAttempting dry run with 'id:000143,orig:issue1655r.pdf'...[0m
[1;90m    len = 34275, map size = 6354, exec speed = 10643 us
[0m[1;94m[*] [0mAttempting dry run with 'id:000144,orig:issue1985.pdf'...[0m
[1;90m    len = 9884, map size = 4726, exec speed = 10567 us
[0m[1;93m[!] [1;97mWARNING: [0mInstrumentation output varies across runs.[0m
[1;94m[*] [0mAttempting dry run with 'id:000145,orig:issue2017r.pdf'...[0m
[1;90m    len = 34802, map size = 5162, exec speed = 8036 us
[0m[1;94m[*] [0mAttempting dry run with 'id:000146,orig:issue2074.pdf'...[0m
[1;90m    len = 39478, map size = 5869, exec speed = 16033 us
[0m[1;94m[*] [0mAttempting dry run with 'id:000147,orig:issue2099-1.pdf'...[0m
[1;90m    len = 2861, map size = 3207, exec speed = 8535 us
[0m[1;94m[*] [0mAttempting dry run with 'id:000148,orig:issue2128r.pdf'...[0m
[1;90m    len = 1525, map size = 2766, exec speed = 6783 us
[0m[1;94m[*] [0mAttempting dry run with 'id:000149,orig:issue215.pdf'...[0m
[1;90m    len = 82195, map size = 6702, exec speed = 14259 us
[0m[1;94m[*] [0mAttempting dry run with 'id:000150,orig:issue2176.pdf'...[0m
[1;90m    len = 56760, map size = 7052, exec speed = 15138 us
[0m[1;94m[*] [0mAttempting dry run with 'id:000151,orig:issue2177.pdf'...[0m
[1;90m    len = 3035, map size = 3811, exec speed = 60353 us
[0m[1;94m[*] [0mAttempting dry run with 'id:000152,orig:issue2391-1.pdf'...[0m
[1;90m    len = 2782, map size = 2927, exec speed = 6531 us
[0m[1;94m[*] [0mAttempting dry run with 'id:000153,orig:issue2391-2.pdf'...[0m
[1;90m    len = 2754, map size = 3147, exec speed = 9466 us
[0m[1;94m[*] [0mAttempting dry run with 'id:000154,orig:issue2462.pdf'...[0m
[1;90m    len = 139946, map size = 7833, exec speed = 22122 us
[0m[1;94m[*] [0mAttempting dry run with 'id:000155,orig:issue2537r.pdf'...[0m
[1;90m    len = 27297, map size = 5418, exec speed = 9133 us
[0m[1;94m[*] [0mAttempting dry run with 'id:000156,orig:issue2761.pdf'...[0m
[1;90m    len = 12142, map size = 8593, exec speed = 12224 us
[0m[1;94m[*] [0mAttempting dry run with 'id:000157,orig:issue2833.pdf'...[0m
[1;90m    len = 5615, map size = 6083, exec speed = 11506 us
[0m[1;94m[*] [0mAttempting dry run with 'id:000158,orig:issue2840.pdf'...[0m
[1;90m    len = 3720, map size = 3368, exec speed = 12198 us
[0m[1;94m[*] [0mAttempting dry run with 'id:000159,orig:issue2884_reduced.pdf'...[0m
[1;90m    len = 18416, map size = 3798, exec speed = 6087 us
[0m[1;94m[*] [0mAttempting dry run with 'id:000160,orig:issue2931.pdf'...[0m
[1;90m    len = 25688, map size = 5382, exec speed = 7302 us
[0m[1;94m[*] [0mAttempting dry run with 'id:000161,orig:issue2956.pdf'...[0m
[1;90m    len = 103556, map size = 5822, exec speed = 23206 us
[0m[1;94m[*] [0mAttempting dry run with 'id:000162,orig:issue3025.pdf'...[0m
[1;90m    len = 7467, map size = 5427, exec speed = 5579 us
[0m[1;94m[*] [0mAttempting dry run with 'id:000163,orig:issue3061.pdf'...[0m
[1;90m    len = 17022, map size = 7232, exec speed = 6683 us
[0m[1;94m[*] [0mAttempting dry run with 'id:000164,orig:issue3205r.pdf'...[0m
[1;90m    len = 126273, map size = 5603, exec speed = 7794 us
[0m[1;94m[*] [0mAttempting dry run with 'id:000165,orig:issue3207r.pdf'...[0m
[1;90m    len = 50914, map size = 6129, exec speed = 6905 us
[0m[1;94m[*] [0mAttempting dry run with 'id:000166,orig:issue3214.pdf'...[0m
[1;90m    len = 11139, map size = 3378, exec speed = 57195 us
[0m[1;94m[*] [0mAttempting dry run with 'id:000167,orig:issue3263r.pdf'...[0m
[1;90m    len = 31592, map size = 5176, exec speed = 8635 us
[0m[1;94m[*] [0mAttempting dry run with 'id:000168,orig:issue3323.pdf'...[0m
[1;90m    len = 40553, map size = 5288, exec speed = 6877 us
[0m[1;94m[*] [0mAttempting dry run with 'id:000169,orig:issue3371.pdf'...[0m
[1;90m    len = 12323, map size = 1702, exec speed = 4154 us
[0m[1;94m[*] [0mAttempting dry run with 'id:000170,orig:issue3405r.pdf'...[0m
[1;90m    len = 31492, map size = 4913, exec speed = 5452 us
[0m[1;94m[*] [0mAttempting dry run with 'id:000171,orig:issue3438.pdf'...[0m
[1;90m    len = 70033, map size = 5566, exec speed = 9530 us
[0m[1;94m[*] [0mAttempting dry run with 'id:000172,orig:issue3458.pdf'...[0m
[1;90m    len = 39226, map size = 5787, exec speed = 37133 us
[0m[1;93m[!] [1;97mWARNING: [0mInstrumentation output varies across runs.[0m
[1;94m[*] [0mAttempting dry run with 'id:000173,orig:issue3521.pdf'...[0m
[1;90m    len = 4486, map size = 2809, exec speed = 9414 us
[0m[1;93m[!] [1;97mWARNING: [0mInstrumentation output varies across runs.[0m
[1;94m[*] [0mAttempting dry run with 'id:000174,orig:issue3566.pdf'...[0m
[1;90m    len = 9805, map size = 6364, exec speed = 6612 us
[0m[1;94m[*] [0mAttempting dry run with 'id:000175,orig:issue3584.pdf'...[0m
[1;90m    len = 21424, map size = 6658, exec speed = 9321 us
[0m[1;94m[*] [0mAttempting dry run with 'id:000176,orig:issue3694_reduced.pdf'...[0m
[1;90m    len = 24550, map size = 8278, exec speed = 12240 us
[0m[1;94m[*] [0mAttempting dry run with 'id:000177,orig:issue3879r.pdf'...[0m
[1;90m    len = 984, map size = 3333, exec speed = 7406 us
[0m[1;94m[*] [0mAttempting dry run with 'id:000178,orig:issue3885.pdf'...[0m
[1;90m    len = 6988, map size = 4813, exec speed = 13416 us
[0m[1;94m[*] [0mAttempting dry run with 'id:000179,orig:issue3928.pdf'...[0m
[1;90m    len = 31272, map size = 6553, exec speed = 12632 us
[0m[1;94m[*] [0mAttempting dry run with 'id:000180,orig:issue4061.pdf'...[0m
[1;90m    len = 115240, map size = 5331, exec speed = 17954 us
[0m[1;94m[*] [0mAttempting dry run with 'id:000181,orig:issue4246.pdf'...[0m
[1;90m    len = 7068, map size = 3379, exec speed = 82140 us
[0m[1;94m[*] [0mAttempting dry run with 'id:000182,orig:issue4304.pdf'...[0m
[1;90m    len = 895, map size = 2980, exec speed = 9653 us
[0m[1;94m[*] [0mAttempting dry run with 'id:000183,orig:issue4379.pdf'...[0m
[1;90m    len = 4264, map size = 3632, exec speed = 85933 us
[0m[1;94m[*] [0mAttempting dry run with 'id:000184,orig:issue4402_reduced.pdf'...[0m
[1;90m    len = 22346, map size = 6522, exec speed = 9429 us
[0m[1;94m[*] [0mAttempting dry run with 'id:000185,orig:issue4436r.pdf'...[0m
[1;90m    len = 777, map size = 3168, exec speed = 13158 us
[0m[1;94m[*] [0mAttempting dry run with 'id:000186,orig:issue4461.pdf'...[0m
[1;90m    len = 476, map size = 2227, exec speed = 5114 us
[0m[1;94m[*] [0mAttempting dry run with 'id:000187,orig:issue4550.pdf'...[0m
[1;90m    len = 17003, map size = 6636, exec speed = 9592 us
[0m[1;94m[*] [0mAttempting dry run with 'id:000188,orig:issue4573.pdf'...[0m
[1;90m    len = 8474, map size = 6449, exec speed = 9325 us
[0m[1;94m[*] [0mAttempting dry run with 'id:000189,orig:issue4575.pdf'...[0m
[1;90m    len = 861, map size = 2912, exec speed = 8322 us
[0m[1;94m[*] [0mAttempting dry run with 'id:000190,orig:issue4630.pdf'...[0m
[1;90m    len = 73122, map size = 6207, exec speed = 17191 us
[0m[1;94m[*] [0mAttempting dry run with 'id:000191,orig:issue4650.pdf'...[0m
[1;90m    len = 26856, map size = 6340, exec speed = 8531 us
[0m[1;94m[*] [0mAttempting dry run with 'id:000192,orig:issue4665.pdf'...[0m
[1;90m    len = 42242, map size = 5458, exec speed = 11362 us
[0m[1;94m[*] [0mAttempting dry run with 'id:000193,orig:issue4668.pdf'...[0m
[1;90m    len = 32814, map size = 5235, exec speed = 9157 us
[0m[1;94m[*] [0mAttempting dry run with 'id:000194,orig:issue4684.pdf'...[0m
[1;90m    len = 3714, map size = 3111, exec speed = 5319 us
[0m[1;94m[*] [0mAttempting dry run with 'id:000195,orig:issue4722.pdf'...[0m
[1;90m    len = 1405, map size = 3039, exec speed = 6887 us
[0m[1;94m[*] [0mAttempting dry run with 'id:000196,orig:issue4800.pdf'...[0m
[1;90m    len = 23060, map size = 5475, exec speed = 6465 us
[0m[1;94m[*] [0mAttempting dry run with 'id:000197,orig:issue4801.pdf'...[0m
[1;90m    len = 8375, map size = 6609, exec speed = 7531 us
[0m[1;94m[*] [0mAttempting dry run with 'id:000198,orig:issue4875.pdf'...[0m
[1;90m    len = 202841, map size = 5572, exec speed = 18741 us
[0m[1;94m[*] [0mAttempting dry run with 'id:000199,orig:issue4881.pdf'...[0m
[1;90m    len = 49470, map size = 5148, exec speed = 15616 us
[0m[1;94m[*] [0mAttempting dry run with 'id:000200,orig:issue4909.pdf'...[0m
[1;90m    len = 12688, map size = 5063, exec speed = 9806 us
[0m[1;94m[*] [0mAttempting dry run with 'id:000201,orig:issue4934.pdf'...[0m
[1;90m    len = 1822, map size = 3255, exec speed = 12165 us
[0m[1;94m[*] [0mAttempting dry run with 'id:000202,orig:issue5010.pdf'...[0m
[1;90m    len = 4443, map size = 6025, exec speed = 13678 us
[0m[1;94m[*] [0mAttempting dry run with 'id:000203,orig:issue5039.pdf'...[0m
[1;90m    len = 30475, map size = 4143, exec speed = 11645 us
[0m[1;94m[*] [0mAttempting dry run with 'id:000204,orig:issue5044.pdf'...[0m
[1;90m    len = 24214, map size = 6954, exec speed = 107614 us
[0m[1;94m[*] [0mAttempting dry run with 'id:000205,orig:issue5070.pdf'...[0m
[1;90m    len = 34369, map size = 5953, exec speed = 16793 us
[0m[1;94m[*] [0mAttempting dry run with 'id:000206,orig:issue5084.pdf'...[0m
[1;90m    len = 15526, map size = 6418, exec speed = 11477 us
[0m[1;94m[*] [0mAttempting dry run with 'id:000207,orig:issue5138.pdf'...[0m
[1;90m    len = 4794, map size = 6542, exec speed = 11014 us
[0m[1;94m[*] [0mAttempting dry run with 'id:000208,orig:issue5202.pdf'...[0m
[1;90m    len = 5241, map size = 5299, exec speed = 15110 us
[0m[1;93m[!] [1;97mWARNING: [0mInstrumentation output varies across runs.[0m
[1;94m[*] [0mAttempting dry run with 'id:000209,orig:issue5238.pdf'...[0m
[1;90m    len = 1152, map size = 3198, exec speed = 11812 us
[0m[1;94m[*] [0mAttempting dry run with 'id:000210,orig:issue5244.pdf'...[0m
[1;90m    len = 1703, map size = 3347, exec speed = 11082 us
[0m[1;94m[*] [0mAttempting dry run with 'id:000211,orig:issue5256.pdf'...[0m
[1;90m    len = 6136, map size = 5877, exec speed = 11199 us
[0m[1;94m[*] [0mAttempting dry run with 'id:000212,orig:issue5280.pdf'...[0m
[1;90m    len = 6550, map size = 3598, exec speed = 16483 us
[0m[1;94m[*] [0mAttempting dry run with 'id:000213,orig:issue5291.pdf'...[0m
[1;90m    len = 731, map size = 2871, exec speed = 11788 us
[0m[1;93m[!] [1;97mWARNING: [0mNo new instrumentation output, test case may be useless.[0m
[1;94m[*] [0mAttempting dry run with 'id:000214,orig:issue5334.pdf'...[0m
[1;90m    len = 65778, map size = 6722, exec speed = 12126 us
[0m[1;94m[*] [0mAttempting dry run with 'id:000215,orig:issue5421.pdf'...[0m
[1;90m    len = 3209, map size = 3040, exec speed = 6477 us
[0m[1;94m[*] [0mAttempting dry run with 'id:000216,orig:issue5470.pdf'...[0m
[1;90m    len = 1378, map size = 3361, exec speed = 11734 us
[0m[1;94m[*] [0mAttempting dry run with 'id:000217,orig:issue5475.pdf'...[0m
[1;90m    len = 166026, map size = 3207, exec speed = 143498 us
[0m[1;93m[!] [1;97mWARNING: [0mInstrumentation output varies across runs.[0m
[1;94m[*] [0mAttempting dry run with 'id:000218,orig:issue5501.pdf'...[0m
[1;90m    len = 15180, map size = 4931, exec speed = 14068 us
[0m[1;94m[*] [0mAttempting dry run with 'id:000219,orig:issue5540.pdf'...[0m
[1;90m    len = 17459, map size = 6428, exec speed = 31794 us
[0m[1;94m[*] [0mAttempting dry run with 'id:000220,orig:issue5564_reduced.pdf'...[0m
[1;90m    len = 1859, map size = 5192, exec speed = 40901 us
[0m[1;94m[*] [0mAttempting dry run with 'id:000221,orig:issue5599.pdf'...[0m
[1;90m    len = 756, map size = 2838, exec speed = 21811 us
[0m[1;94m[*] [0mAttempting dry run with 'id:000222,orig:issue5677.pdf'...[0m
[1;90m    len = 194851, map size = 4933, exec speed = 20594 us
[0m[1;94m[*] [0mAttempting dry run with 'id:000223,orig:issue5686.pdf'...[0m
[1;90m    len = 23718, map size = 6290, exec speed = 25379 us
[0m[1;94m[*] [0mAttempting dry run with 'id:000224,orig:issue5701.pdf'...[0m
[1;90m    len = 13993, map size = 5006, exec speed = 8264 us
[0m[1;94m[*] [0mAttempting dry run with 'id:000225,orig:issue5704.pdf'...[0m
[1;90m    len = 17915, map size = 5457, exec speed = 14568 us
[0m[1;94m[*] [0mAttempting dry run with 'id:000226,orig:issue5734.pdf'...[0m
[1;90m    len = 8873, map size = 6589, exec speed = 10101 us
[0m[1;94m[*] [0mAttempting dry run with 'id:000227,orig:issue5751.pdf'...[0m
[1;90m    len = 67017, map size = 6627, exec speed = 15874 us
[0m[1;94m[*] [0mAttempting dry run with 'id:000228,orig:issue5801.pdf'...[0m
[1;90m    len = 12045, map size = 3365, exec speed = 15744 us
[0m[1;94m[*] [0mAttempting dry run with 'id:000229,orig:issue5804.pdf'...[0m
[1;90m    len = 8498, map size = 7173, exec speed = 14556 us
[0m[1;94m[*] [0mAttempting dry run with 'id:000230,orig:issue5874.pdf'...[0m
[1;90m    len = 214331, map size = 6010, exec speed = 30339 us
[0m[1;94m[*] [0mAttempting dry run with 'id:000231,orig:issue5946.pdf'...[0m
[1;90m    len = 239220, map size = 7387, exec speed = 68884 us
[0m[1;94m[*] [0mAttempting dry run with 'id:000232,orig:issue5954.pdf'...[0m
[1;90m    len = 741, map size = 2402, exec speed = 7038 us
[0m[1;94m[*] [0mAttempting dry run with 'id:000233,orig:issue5972.pdf'...[0m
[1;90m    len = 767, map size = 2868, exec speed = 12843 us
[0m[1;93m[!] [1;97mWARNING: [0mNo new instrumentation output, test case may be useless.[0m
[1;94m[*] [0mAttempting dry run with 'id:000234,orig:issue6006.pdf'...[0m
[1;90m    len = 1374, map size = 3467, exec speed = 22217 us
[0m[1;94m[*] [0mAttempting dry run with 'id:000235,orig:issue6010_1.pdf'...[0m
[1;90m    len = 1116, map size = 1388, exec speed = 46786 us
[0m[1;93m[!] [1;97mWARNING: [0mInstrumentation output varies across runs.[0m
[1;94m[*] [0mAttempting dry run with 'id:000236,orig:issue6010_2.pdf'...[0m
[1;90m    len = 1116, map size = 1389, exec speed = 61304 us
[0m[1;94m[*] [0mAttempting dry run with 'id:000237,orig:issue6019.pdf'...[0m
[1;90m    len = 791, map size = 2924, exec speed = 22135 us
[0m[1;94m[*] [0mAttempting dry run with 'id:000238,orig:issue6068.pdf'...[0m
[1;90m    len = 432895, map size = 5607, exec speed = 93369 us
[0m[1;94m[*] [0mAttempting dry run with 'id:000239,orig:issue6069.pdf'...[0m
[1;90m    len = 565, map size = 3006, exec speed = 26616 us
[0m[1;94m[*] [0mAttempting dry run with 'id:000240,orig:issue6081.pdf'...[0m
[1;90m    len = 2266, map size = 4263, exec speed = 27610 us
[0m[1;94m[*] [0mAttempting dry run with 'id:000241,orig:issue6099.pdf'...[0m
[1;90m    len = 13934, map size = 6084, exec speed = 25272 us
[0m[1;94m[*] [0mAttempting dry run with 'id:000242,orig:issue6106.pdf'...[0m
[1;90m    len = 994, map size = 2959, exec speed = 33576 us
[0m[1;93m[!] [1;97mWARNING: [0mNo new instrumentation output, test case may be useless.[0m
[1;94m[*] [0mAttempting dry run with 'id:000243,orig:issue6108.pdf'...[0m
[1;90m    len = 680, map size = 3058, exec speed = 18025 us
[0m[1;94m[*] [0mAttempting dry run with 'id:000244,orig:issue6113.pdf'...[0m
[1;90m    len = 5248, map size = 3831, exec speed = 16026 us
[0m[1;94m[*] [0mAttempting dry run with 'id:000245,orig:issue6151.pdf'...[0m
[1;90m    len = 979, map size = 2857, exec speed = 17058 us
[0m[1;94m[*] [0mAttempting dry run with 'id:000246,orig:issue6179_reduced.pdf'...[0m
[1;90m    len = 16136, map size = 6740, exec speed = 15278 us
[0m[1;94m[*] [0mAttempting dry run with 'id:000247,orig:issue6204.pdf'...[0m
[1;90m    len = 2696, map size = 3827, exec speed = 22799 us
[0m[1;94m[*] [0mAttempting dry run with 'id:000248,orig:issue6231_1.pdf'...[0m
[1;90m    len = 23748, map size = 7964, exec speed = 76428 us
[0m[1;93m[!] [1;97mWARNING: [0mInstrumentation output varies across runs.[0m
[1;94m[*] [0mAttempting dry run with 'id:000249,orig:issue6296.pdf'...[0m
[1;90m    len = 2971, map size = 3625, exec speed = 14801 us
[0m[1;94m[*] [0mAttempting dry run with 'id:000250,orig:issue6298.pdf'...[0m
[1;90m    len = 2979, map size = 3446, exec speed = 73155 us
[0m[1;94m[*] [0mAttempting dry run with 'id:000251,orig:issue6336.pdf'...[0m
[1;90m    len = 10224, map size = 5186, exec speed = 7452 us
[0m[1;94m[*] [0mAttempting dry run with 'id:000252,orig:issue6342.pdf'...[0m
[1;90m    len = 2214, map size = 4035, exec speed = 9042 us
[0m[1;94m[*] [0mAttempting dry run with 'id:000253,orig:issue6387.pdf'...[0m
[1;90m    len = 66117, map size = 7256, exec speed = 27278 us
[0m[1;94m[*] [0mAttempting dry run with 'id:000254,orig:issue6410.pdf'...[0m
[1;90m    len = 211633, map size = 6790, exec speed = 45511 us
[0m[1;94m[*] [0mAttempting dry run with 'id:000255,orig:issue6413.pdf'...[0m
[1;90m    len = 3385, map size = 4142, exec speed = 20336 us
[0m[1;94m[*] [0mAttempting dry run with 'id:000256,orig:issue6541.pdf'...[0m
[1;90m    len = 2154, map size = 3597, exec speed = 10563 us
[0m[1;94m[*] [0mAttempting dry run with 'id:000257,orig:issue6612.pdf'...[0m
[1;90m    len = 7067, map size = 5232, exec speed = 8433 us
[0m[1;94m[*] [0mAttempting dry run with 'id:000258,orig:issue6621.pdf'...[0m
[1;90m    len = 14521, map size = 3244, exec speed = 14531 us
[0m[1;94m[*] [0mAttempting dry run with 'id:000259,orig:issue6652.pdf'...[0m
[1;90m    len = 709, map size = 2974, exec speed = 5931 us
[0m[1;94m[*] [0mAttempting dry run with 'id:000260,orig:issue6721_reduced.pdf'...[0m
[1;90m    len = 103344, map size = 6417, exec speed = 13044 us
[0m[1;94m[*] [0mAttempting dry run with 'id:000261,orig:issue6782.pdf'...[0m
[1;90m    len = 23181, map size = 6726, exec speed = 10591 us
[0m[1;94m[*] [0mAttempting dry run with 'id:000262,orig:issue6889.pdf'...[0m
[1;90m    len = 513863, map size = 5505, exec speed = 35080 us
[0m[1;94m[*] [0mAttempting dry run with 'id:000263,orig:issue6901.pdf'...[0m
[1;90m    len = 25100, map size = 6507, exec speed = 9709 us
[0m[1;94m[*] [0mAttempting dry run with 'id:000264,orig:issue6962.pdf'...[0m
[1;90m    len = 79762, map size = 5358, exec speed = 7064 us
[0m[1;94m[*] [0mAttempting dry run with 'id:000265,orig:issue7014.pdf'...[0m
[1;90m    len = 114757, map size = 8262, exec speed = 43027 us
[0m[1;94m[*] [0mAttempting dry run with 'id:000266,orig:issue7020.pdf'...[0m
[1;90m    len = 17014, map size = 5475, exec speed = 12978 us
[0m[1;94m[*] [0mAttempting dry run with 'id:000267,orig:issue7074_reduced.pdf'...[0m
[1;90m    len = 33952, map size = 6126, exec speed = 8932 us
[0m[1;94m[*] [0mAttempting dry run with 'id:000268,orig:issue7101.pdf'...[0m
[1;90m    len = 6832, map size = 7275, exec speed = 10907 us
[0m[1;94m[*] [0mAttempting dry run with 'id:000269,orig:issue7115.pdf'...[0m
[1;90m    len = 1014, map size = 3830, exec speed = 12991 us
[0m[1;93m[!] [1;97mWARNING: [0mNo new instrumentation output, test case may be useless.[0m
[1;94m[*] [0mAttempting dry run with 'id:000270,orig:issue7180.pdf'...[0m
[1;90m    len = 10391, map size = 6295, exec speed = 9903 us
[0m[1;94m[*] [0mAttempting dry run with 'id:000271,orig:issue7200.pdf'...[0m
[1;90m    len = 37095, map size = 3847, exec speed = 59383 us
[0m[1;94m[*] [0mAttempting dry run with 'id:000272,orig:issue7339_reduced.pdf'...[0m
[1;90m    len = 1360, map size = 3658, exec speed = 10897 us
[0m[1;94m[*] [0mAttempting dry run with 'id:000273,orig:issue7403.pdf'...[0m
[1;90m    len = 51871, map size = 6637, exec speed = 24657 us
[0m[1;94m[*] [0mAttempting dry run with 'id:000274,orig:issue7406.pdf'...[0m
[1;90m    len = 7468, map size = 3298, exec speed = 12948 us
[0m[1;94m[*] [0mAttempting dry run with 'id:000275,orig:issue7426.pdf'...[0m
[1;90m    len = 117531, map size = 5704, exec speed = 23048 us
[0m[1;94m[*] [0mAttempting dry run with 'id:000276,orig:issue7439.pdf'...[0m
[1;90m    len = 18557, map size = 6681, exec speed = 11111 us
[0m[1;93m[!] [1;97mWARNING: [0mInstrumentation output varies across runs.[0m
[1;94m[*] [0mAttempting dry run with 'id:000277,orig:issue7446.pdf'...[0m
[1;90m    len = 720, map size = 2947, exec speed = 10343 us
[0m[1;93m[!] [1;97mWARNING: [0mNo new instrumentation output, test case may be useless.[0m
[1;94m[*] [0mAttempting dry run with 'id:000278,orig:issue7492.pdf'...[0m
[1;90m    len = 4619, map size = 6285, exec speed = 8269 us
[0m[1;94m[*] [0mAttempting dry run with 'id:000279,orig:issue7507.pdf'...[0m
[1;90m    len = 18647, map size = 5418, exec speed = 9276 us
[0m[1;94m[*] [0mAttempting dry run with 'id:000280,orig:issue7544.pdf'...[0m
[1;90m    len = 21143, map size = 5531, exec speed = 10184 us
[0m[1;94m[*] [0mAttempting dry run with 'id:000281,orig:issue7580.pdf'...[0m
[1;90m    len = 1440, map size = 3024, exec speed = 8544 us
[0m[1;94m[*] [0mAttempting dry run with 'id:000282,orig:issue7598.pdf'...[0m
[1;90m    len = 74785, map size = 6425, exec speed = 18848 us
[0m[1;94m[*] [0mAttempting dry run with 'id:000283,orig:issue7665.pdf'...[0m
[1;90m    len = 1472, map size = 3328, exec speed = 38182 us
[0m[1;94m[*] [0mAttempting dry run with 'id:000284,orig:issue7696.pdf'...[0m
[1;90m    len = 3523, map size = 3020, exec speed = 14667 us
[0m[1;94m[*] [0mAttempting dry run with 'id:000285,orig:issue7769.pdf'...[0m
[1;90m    len = 10923, map size = 6863, exec speed = 11757 us
[0m[1;94m[*] [0mAttempting dry run with 'id:000286,orig:issue7835.pdf'...[0m
[1;90m    len = 4650, map size = 3217, exec speed = 9264 us
[0m[1;94m[*] [0mAttempting dry run with 'id:000287,orig:issue7855.pdf'...[0m
[1;90m    len = 50862, map size = 5434, exec speed = 6134 us
[0m[1;94m[*] [0mAttempting dry run with 'id:000288,orig:issue7872.pdf'...[0m
[1;90m    len = 870, map size = 2823, exec speed = 8252 us
[0m[1;93m[!] [1;97mWARNING: [0mNo new instrumentation output, test case may be useless.[0m
[1;94m[*] [0mAttempting dry run with 'id:000289,orig:issue7878.pdf'...[0m
[1;90m    len = 36048, map size = 6034, exec speed = 10362 us
[0m[1;94m[*] [0mAttempting dry run with 'id:000290,orig:issue7901.pdf'...[0m
[1;90m    len = 38225, map size = 6651, exec speed = 9741 us
[0m[1;94m[*] [0mAttempting dry run with 'id:000291,orig:issue8061.pdf'...[0m
[1;90m    len = 87672, map size = 5460, exec speed = 14660 us
[0m[1;94m[*] [0mAttempting dry run with 'id:000292,orig:issue8088.pdf'...[0m
[1;90m    len = 1583, map size = 2893, exec speed = 13908 us
[0m[1;94m[*] [0mAttempting dry run with 'id:000293,orig:issue8097_reduced.pdf'...[0m
[1;90m    len = 51582, map size = 5952, exec speed = 13236 us
[0m[1;94m[*] [0mAttempting dry run with 'id:000294,orig:issue8125.pdf'...[0m
[1;90m    len = 690, map size = 2817, exec speed = 7294 us
[0m[1;93m[!] [1;97mWARNING: [0mNo new instrumentation output, test case may be useless.[0m
[1;94m[*] [0mAttempting dry run with 'id:000295,orig:issue8187.pdf'...[0m
[1;90m    len = 2841, map size = 4934, exec speed = 6143 us
[0m[1;94m[*] [0mAttempting dry run with 'id:000296,orig:issue8229.pdf'...[0m
[1;90m    len = 20854, map size = 5466, exec speed = 7142 us
[0m[1;94m[*] [0mAttempting dry run with 'id:000297,orig:issue8234.pdf'...[0m
[1;90m    len = 13704, map size = 5288, exec speed = 7592 us
[0m[1;94m[*] [0mAttempting dry run with 'id:000298,orig:issue8276_reduced.pdf'...[0m
[1;90m    len = 682, map size = 2876, exec speed = 10251 us
[0m[1;93m[!] [1;97mWARNING: [0mNo new instrumentation output, test case may be useless.[0m
[1;94m[*] [0mAttempting dry run with 'id:000299,orig:issue8372.pdf'...[0m
[1;90m    len = 1143, map size = 2666, exec speed = 5888 us
[0m[1;93m[!] [1;97mWARNING: [0mNo new instrumentation output, test case may be useless.[0m
[1;94m[*] [0mAttempting dry run with 'id:000300,orig:issue8424.pdf'...[0m
[1;90m    len = 49015, map size = 6020, exec speed = 12942 us
[0m[1;94m[*] [0mAttempting dry run with 'id:000301,orig:issue845r.pdf'...[0m
[1;90m    len = 27472, map size = 6262, exec speed = 7660 us
[0m[1;94m[*] [0mAttempting dry run with 'id:000302,orig:issue8480.pdf'...[0m
[1;90m    len = 45238, map size = 7299, exec speed = 9558 us
[0m[1;94m[*] [0mAttempting dry run with 'id:000303,orig:issue8570.pdf'...[0m
[1;90m    len = 229717, map size = 5467, exec speed = 18771 us
[0m[1;94m[*] [0mAttempting dry run with 'id:000304,orig:issue8586.pdf'...[0m
[1;90m    len = 4146, map size = 6253, exec speed = 5814 us
[0m[1;94m[*] [0mAttempting dry run with 'id:000305,orig:issue8697.pdf'...[0m
[1;90m    len = 1400, map size = 2923, exec speed = 6945 us
[0m[1;93m[!] [1;97mWARNING: [0mNo new instrumentation output, test case may be useless.[0m
[1;94m[*] [0mAttempting dry run with 'id:000306,orig:issue8707.pdf'...[0m
[1;90m    len = 10055, map size = 5057, exec speed = 5522 us
[0m[1;94m[*] [0mAttempting dry run with 'id:000307,orig:issue8798r.pdf'...[0m
[1;90m    len = 823, map size = 3196, exec speed = 6701 us
[0m[1;94m[*] [0mAttempting dry run with 'id:000308,orig:issue8823.pdf'...[0m
[1;90m    len = 1771, map size = 2673, exec speed = 7690 us
[0m[1;94m[*] [0mAttempting dry run with 'id:000309,orig:issue8960_reduced.pdf'...[0m
[1;90m    len = 8414, map size = 6013, exec speed = 6147 us
[0m[1;94m[*] [0mAttempting dry run with 'id:000310,orig:issue9084.pdf'...[0m
[1;90m    len = 25823, map size = 3403, exec speed = 8480 us
[0m[1;94m[*] [0mAttempting dry run with 'id:000311,orig:issue9105_reduced.pdf'...[0m
[1;90m    len = 723, map size = 2901, exec speed = 7183 us
[0m[1;93m[!] [1;97mWARNING: [0mNo new instrumentation output, test case may be useless.[0m
[1;94m[*] [0mAttempting dry run with 'id:000312,orig:issue918.pdf'...[0m
[1;90m    len = 52483, map size = 3918, exec speed = 24726 us
[0m[1;94m[*] [0mAttempting dry run with 'id:000313,orig:issue925.pdf'...[0m
[1;90m    len = 80185, map size = 7219, exec speed = 13293 us
[0m[1;94m[*] [0mAttempting dry run with 'id:000314,orig:issue9252.pdf'...[0m
[1;90m    len = 1289, map size = 3016, exec speed = 8163 us
[0m[1;94m[*] [0mAttempting dry run with 'id:000315,orig:issue9278.pdf'...[0m
[1;90m    len = 8662, map size = 6988, exec speed = 11334 us
[0m[1;94m[*] [0mAttempting dry run with 'id:000316,orig:issue9291.pdf'...[0m
[1;90m    len = 2040, map size = 2920, exec speed = 6691 us
[0m[1;93m[!] [1;97mWARNING: [0mNo new instrumentation output, test case may be useless.[0m
[1;94m[*] [0mAttempting dry run with 'id:000317,orig:issue9418.pdf'...[0m
[1;90m    len = 151088, map size = 1869, exec speed = 6634 us
[0m[1;94m[*] [0mAttempting dry run with 'id:000318,orig:issue9458.pdf'...[0m
[1;90m    len = 106412, map size = 5428, exec speed = 16727 us
[0m[1;94m[*] [0mAttempting dry run with 'id:000319,orig:issue9534_reduced.pdf'...[0m
[1;90m    len = 32585, map size = 6637, exec speed = 8266 us
[0m[1;94m[*] [0mAttempting dry run with 'id:000320,orig:issue9655_reduced.pdf'...[0m
[1;90m    len = 31518, map size = 3644, exec speed = 8198 us
[0m[1;94m[*] [0mAttempting dry run with 'id:000321,orig:issue9915_reduced.pdf'...[0m
[1;90m    len = 13814, map size = 6455, exec speed = 5503 us
[0m[1;94m[*] [0mAttempting dry run with 'id:000322,orig:issue9949.pdf'...[0m
[1;90m    len = 844757, map size = 7161, exec speed = 17394 us
[0m[1;94m[*] [0mAttempting dry run with 'id:000323,orig:issue9972-1.pdf'...[0m
[1;90m    len = 80970, map size = 8306, exec speed = 40657 us
[0m[1;94m[*] [0mAttempting dry run with 'id:000324,orig:issue9972-2.pdf'...[0m
[1;90m    len = 80960, map size = 8306, exec speed = 41368 us
[0m[1;94m[*] [0mAttempting dry run with 'id:000325,orig:issue9972-3.pdf'...[0m
[1;90m    len = 80951, map size = 8306, exec speed = 53090 us
[0m[1;93m[!] [1;97mWARNING: [0mInstrumentation output varies across runs.[0m
[1;94m[*] [0mAttempting dry run with 'id:000326,orig:javauninstall-7r.pdf'...[0m
[1;90m    len = 77197, map size = 5370, exec speed = 17591 us
[0m[1;94m[*] [0mAttempting dry run with 'id:000327,orig:jbig2_symbol_offset.pdf'...[0m
[1;90m    len = 1157, map size = 3596, exec speed = 8862 us
[0m[1;93m[!] [1;97mWARNING: [0mInstrumentation output varies across runs.[0m
[1;94m[*] [0mAttempting dry run with 'id:000328,orig:mixedfonts.pdf'...[0m
[1;90m    len = 405432, map size = 7229, exec speed = 50419 us
[0m[1;94m[*] [0mAttempting dry run with 'id:000329,orig:mmtype1.pdf'...[0m
[1;90m    len = 8044, map size = 6632, exec speed = 9265 us
[0m[1;94m[*] [0mAttempting dry run with 'id:000330,orig:noembed-eucjp.pdf'...[0m
[1;90m    len = 1472, map size = 2702, exec speed = 8528 us
[0m[1;93m[!] [1;97mWARNING: [0mNo new instrumentation output, test case may be useless.[0m
[1;94m[*] [0mAttempting dry run with 'id:000331,orig:noembed-identity-2.pdf'...[0m
[1;90m    len = 2147, map size = 2710, exec speed = 6260 us
[0m[1;93m[!] [1;97mWARNING: [0mNo new instrumentation output, test case may be useless.[0m
[1;94m[*] [0mAttempting dry run with 'id:000332,orig:noembed-identity.pdf'...[0m
[1;90m    len = 3054, map size = 6750, exec speed = 7889 us
[0m[1;94m[*] [0mAttempting dry run with 'id:000333,orig:noembed-jis7.pdf'...[0m
[1;90m    len = 15306, map size = 6677, exec speed = 8189 us
[0m[1;94m[*] [0mAttempting dry run with 'id:000334,orig:noembed-sjis.pdf'...[0m
[1;90m    len = 1472, map size = 2699, exec speed = 6466 us
[0m[1;94m[*] [0mAttempting dry run with 'id:000335,orig:non-embedded-NuptialScript.pdf'...[0m
[1;90m    len = 1627, map size = 2886, exec speed = 6974 us
[0m[1;93m[!] [1;97mWARNING: [0mNo new instrumentation output, test case may be useless.[0m
[1;94m[*] [0mAttempting dry run with 'id:000336,orig:openoffice.pdf'...[0m
[1;90m    len = 10388, map size = 5489, exec speed = 40661 us
[0m[1;94m[*] [0mAttempting dry run with 'id:000337,orig:operator-in-TJ-array.pdf'...[0m
[1;90m    len = 1004, map size = 3192, exec speed = 16632 us
[0m[1;94m[*] [0mAttempting dry run with 'id:000338,orig:pdfjsbad1586.pdf'...[0m
[1;90m    len = 7911, map size = 5868, exec speed = 19005 us
[0m[1;94m[*] [0mAttempting dry run with 'id:000339,orig:pdfkit_compressed.pdf'...[0m
[1;90m    len = 8286, map size = 5528, exec speed = 19131 us
[0m[1;94m[*] [0mAttempting dry run with 'id:000340,orig:pr4922.pdf'...[0m
[1;90m    len = 63472, map size = 7145, exec speed = 43317 us
[0m[1;94m[*] [0mAttempting dry run with 'id:000341,orig:pr6531_1.pdf'...[0m
[1;90m    len = 43414, map size = 1723, exec speed = 25547 us
[0m[1;94m[*] [0mAttempting dry run with 'id:000342,orig:pr6531_2.pdf'...[0m
[1;90m    len = 6139, map size = 4277, exec speed = 36786 us
[0m[1;94m[*] [0mAttempting dry run with 'id:000343,orig:pr7352.pdf'...[0m
[1;90m    len = 1648, map size = 4436, exec speed = 13370 us
[0m[1;94m[*] [0mAttempting dry run with 'id:000344,orig:rotated.pdf'...[0m
[1;90m    len = 12963, map size = 5750, exec speed = 9822 us
[0m[1;94m[*] [0mAttempting dry run with 'id:000345,orig:rotation.pdf'...[0m
[1;90m    len = 6605, map size = 3792, exec speed = 16298 us
[0m[1;94m[*] [0mAttempting dry run with 'id:000346,orig:scorecard_reduced.pdf'...[0m
[1;90m    len = 6975, map size = 4922, exec speed = 50224 us
[0m[1;94m[*] [0mAttempting dry run with 'id:000347,orig:simpletype3font.pdf'...[0m
[1;90m    len = 1624, map size = 3615, exec speed = 7066 us
[0m[1;94m[*] [0mAttempting dry run with 'id:000348,orig:sizes.pdf'...[0m
[1;90m    len = 13739, map size = 5626, exec speed = 9508 us
[0m[1;94m[*] [0mAttempting dry run with 'id:000349,orig:small.pdf'...[0m
[1;90m    len = 176, map size = 2048, exec speed = 6205 us
[0m[1;94m[*] [0mAttempting dry run with 'id:000350,orig:smaskdim.pdf'...[0m
[1;90m    len = 29745, map size = 7490, exec speed = 27867 us
[0m[1;94m[*] [0mAttempting dry run with 'id:000351,orig:tensor-allflags-withfunction.pdf'...[0m
[1;90m    len = 3381, map size = 3752, exec speed = 66289 us
[0m[1;94m[*] [0mAttempting dry run with 'id:000352,orig:text_clip_cff_cid.pdf'...[0m
[1;90m    len = 7393, map size = 6550, exec speed = 16449 us
[0m[1;94m[*] [0mAttempting dry run with 'id:000353,orig:tiling-pattern-box.pdf'...[0m
[1;90m    len = 59948, map size = 4412, exec speed = 26749 us
[0m[1;94m[*] [0mAttempting dry run with 'id:000354,orig:transparent.pdf'...[0m
[1;90m    len = 56597, map size = 3748, exec speed = 7637 us
[0m[1;94m[*] [0mAttempting dry run with 'id:000355,orig:type4psfunc.pdf'...[0m
[1;90m    len = 25751, map size = 4469, exec speed = 24953 us
[0m[1;94m[*] [0mAttempting dry run with 'id:000356,orig:vertical.pdf'...[0m
[1;90m    len = 6905, map size = 3335, exec speed = 7080 us
[0m[1;93m[!] [1;97mWARNING: [0mInstrumentation output varies across runs.[0m
[1;94m[*] [0mAttempting dry run with 'id:000357,orig:xobject-image.pdf'...[0m
[1;90m    len = 1462, map size = 2957, exec speed = 19750 us
[0m[1;94m[*] [0mAttempting dry run with 'id:000358,orig:xref_command_missing.pdf'...[0m
[1;90m    len = 631, map size = 2905, exec speed = 9520 us
[0m[1;94m[*] [0mAttempting dry run with 'id:000359,orig:zero_descent.pdf'...[0m
[1;90m    len = 66554, map size = 7257, exec speed = 14419 us
[0m[1;94m[*] [0mAttempting dry run with 'id:000360,orig:zerowidthline.pdf'...[0m
[1;90m    len = 6569, map size = 4143, exec speed = 11678 us
[0m[1;92m[+] [0mAll test cases processed.[0m

[1;93m[!] [1;97mWARNING: [0m[1;91mThe target binary is pretty slow! See docs/perf_tips.txt.[0m
[1;93m[!] [1;97mWARNING: [0m[1;91mSome test cases are huge (824 kB) - see docs/perf_tips.txt![0m
[1;93m[!] [1;97mWARNING: [0m[1;91mSome test cases look useless. Consider using a smaller set.[0m
[1;93m[!] [1;97mWARNING: [0m[1;91mYou probably have far too many input files! Consider trimming down.[0m
[1;92m[+] [0mHere are some useful stats:

[1;90m    Test case count : [0m224 favored, 20 variable, 361 total
[1;90m       Bitmap range : [0m1288 to 9390 bits (average: 5130.98 bits)
[1;90m        Exec timing : [0m3728 to 143k us (average: 18.7k us)
[0m
[1;94m[*] [0mNo -t option specified, so I'll use exec timeout of 160 ms.[0m
[1;92m[+] [0mAll set and ready to roll![0m
[1;94m[*] [0mEntering queue cycle 1.[0m
[1;94m[*] [0mFuzzing test case #2 (361 total, 0 uniq crashes found)...[0m
[?25h[1;91m

+++ Testing aborted by user +++
[0m
[1;93m[!] [0mStopped during the first cycle, results may be incomplete.
    (For info on resuming, see docs/README.)
[1;92m[+] [0mWe're done here. Have a nice day!
[0m
Campaign terminated at 2026-02-11 13:09
/magma/magma/run.sh: line 81:  6981 Terminated              while true; do
    "$OUT/monitor" --dump row > "$MONITOR/tmp"; if [ $? -eq 0 ]; then
        mv "$MONITOR/tmp" "$MONITOR/$counter";
    else
        rm "$MONITOR/tmp";
    fi; counter=$(( counter + POLL )); sleep $POLL;
done
