[2026-02-09 18:01] Container for honggfuzz/libtiff/tiff_read_rgba_fuzzer started in 008894d3cf19
Campaign launched at 2026-02-09 23:01
Persistent mode: Launched new persistent pid=17954
Thread 0 (pid=17954) initial speed set at 670 us/exec
Sz:3775 Tm:29494us (i/b/h/e/p/c) New:0/0/0/0/0/7, Cur:0/0/0/372/0/770
[2026-02-10T07:24:16+0000][W][337] subproc_checkTimeLimit():531 pid=17954 took too much time (limit 1 s). Killing it with SIGKILL
[2026-02-10T07:24:16+0000][W][337] arch_checkWait():241 Persistent mode: pid=17954 exited with status: SIGNALED, signal: 9 (Killed)
Persistent mode: Launched new persistent pid=17961
Thread 0 (pid=17961) initial speed set at 900 us/exec
[2026-02-10T07:24:27+0000][W][337] subproc_checkTimeLimit():531 pid=17961 took too much time (limit 1 s). Killing it with SIGKILL
[2026-02-10T07:24:27+0000][W][337] arch_checkWait():241 Persistent mode: pid=17961 exited with status: SIGNALED, signal: 9 (Killed)
Persistent mode: Launched new persistent pid=17968
[2026-02-10T07:24:28+0000][W][337] subproc_checkTimeLimit():531 pid=17968 took too much time (limit 1 s). Killing it with SIGKILL
[2026-02-10T07:24:28+0000][W][337] arch_checkWait():241 Persistent mode: pid=17968 exited with status: SIGNALED, signal: 9 (Killed)
Persistent mode: Launched new persistent pid=17969
Thread 0 (pid=17969) initial speed set at 609 us/exec
[2026-02-10T07:24:32+0000][W][337] subproc_checkTimeLimit():531 pid=17969 took too much time (limit 1 s). Killing it with SIGKILL
[2026-02-10T07:24:32+0000][W][337] arch_checkWait():241 Persistent mode: pid=17969 exited with status: SIGNALED, signal: 9 (Killed)
Persistent mode: Launched new persistent pid=17973
Thread 0 (pid=17973) initial speed set at 4447007 us/exec
[2026-02-10T12:06:26+0000][W][337] subproc_checkTimeLimit():531 pid=17973 took too much time (limit 1 s). Killing it with SIGKILL
[2026-02-10T12:06:26+0000][W][337] arch_checkWait():241 Persistent mode: pid=17973 exited with status: SIGNALED, signal: 9 (Killed)
Persistent mode: Launched new persistent pid=17977
Thread 0 (pid=17977) initial speed set at 475 us/exec
[2026-02-10T12:06:30+0000][W][337] subproc_checkTimeLimit():531 pid=17977 took too much time (limit 1 s). Killing it with SIGKILL
[2026-02-10T12:06:30+0000][W][337] arch_checkWait():241 Persistent mode: pid=17977 exited with status: SIGNALED, signal: 9 (Killed)
Persistent mode: Launched new persistent pid=17981
[2026-02-10T12:06:32+0000][W][337] subproc_checkTimeLimit():531 pid=17981 took too much time (limit 1 s). Killing it with SIGKILL
[2026-02-10T12:06:33+0000][W][337] arch_checkWait():241 Persistent mode: pid=17981 exited with status: SIGNALED, signal: 9 (Killed)
Persistent mode: Launched new persistent pid=17985
Thread 0 (pid=17985) initial speed set at 585 us/exec
[2026-02-10T12:06:39+0000][W][337] subproc_checkTimeLimit():531 pid=17985 took too much time (limit 1 s). Killing it with SIGKILL
[2026-02-10T12:06:39+0000][W][337] arch_checkWait():241 Persistent mode: pid=17985 exited with status: SIGNALED, signal: 9 (Killed)
Persistent mode: Launched new persistent pid=17989
Sz:493 Tm:262us (i/b/h/e/p/c) New:0/0/0/0/0/1, Cur:0/0/0/315/0/479
Thread 0 (pid=17989) initial speed set at 355 us/exec
[2026-02-10T12:06:42+0000][W][337] subproc_checkTimeLimit():531 pid=17989 took too much time (limit 1 s). Killing it with SIGKILL
[2026-02-10T12:06:42+0000][W][337] arch_checkWait():241 Persistent mode: pid=17989 exited with status: SIGNALED, signal: 9 (Killed)
Persistent mode: Launched new persistent pid=17990
Thread 0 (pid=17990) initial speed set at 448 us/exec
[2026-02-10T12:06:45+0000][W][337] subproc_checkTimeLimit():531 pid=17990 took too much time (limit 1 s). Killing it with SIGKILL
[2026-02-10T12:06:46+0000][W][337] arch_checkWait():241 Persistent mode: pid=17990 exited with status: SIGNALED, signal: 9 (Killed)
Persistent mode: Launched new persistent pid=17994
Thread 0 (pid=17994) initial speed set at 312 us/exec
[2026-02-10T12:06:53+0000][W][337] subproc_checkTimeLimit():531 pid=17994 took too much time (limit 1 s). Killing it with SIGKILL
[2026-02-10T12:06:53+0000][W][337] arch_checkWait():241 Persistent mode: pid=17994 exited with status: SIGNALED, signal: 9 (Killed)
Persistent mode: Launched new persistent pid=18001
Sz:1147 Tm:11429us (i/b/h/e/p/c) New:0/0/0/0/0/1, Cur:0/0/0/426/0/4069
Sz:1005 Tm:16068us (i/b/h/e/p/c) New:0/0/0/0/0/2, Cur:0/0/0/413/0/1793
Thread 0 (pid=18001) initial speed set at 498 us/exec
[2026-02-10T12:07:02+0000][W][337] subproc_checkTimeLimit():531 pid=18001 took too much time (limit 1 s). Killing it with SIGKILL
[2026-02-10T12:07:02+0000][W][337] arch_checkWait():241 Persistent mode: pid=18001 exited with status: SIGNALED, signal: 9 (Killed)
Persistent mode: Launched new persistent pid=18005
Thread 0 (pid=18005) initial speed set at 494 us/exec
[2026-02-10T12:07:06+0000][W][337] subproc_checkTimeLimit():531 pid=18005 took too much time (limit 1 s). Killing it with SIGKILL
[2026-02-10T12:07:07+0000][W][337] arch_checkWait():241 Persistent mode: pid=18005 exited with status: SIGNALED, signal: 9 (Killed)
Persistent mode: Launched new persistent pid=18009
Thread 0 (pid=18009) initial speed set at 311 us/exec
[2026-02-10T12:07:23+0000][W][337] subproc_checkTimeLimit():531 pid=18009 took too much time (limit 1 s). Killing it with SIGKILL
[2026-02-10T12:07:23+0000][W][337] arch_checkWait():241 Persistent mode: pid=18009 exited with status: SIGNALED, signal: 9 (Killed)
Persistent mode: Launched new persistent pid=18022
Thread 0 (pid=18022) initial speed set at 426 us/exec
[2026-02-10T12:07:34+0000][W][337] subproc_checkTimeLimit():531 pid=18022 took too much time (limit 1 s). Killing it with SIGKILL
[2026-02-10T12:07:34+0000][W][337] arch_checkWait():241 Persistent mode: pid=18022 exited with status: SIGNALED, signal: 9 (Killed)
Persistent mode: Launched new persistent pid=18029
Thread 0 (pid=18029) initial speed set at 213 us/exec
[2026-02-10T12:07:36+0000][W][337] subproc_checkTimeLimit():531 pid=18029 took too much time (limit 1 s). Killing it with SIGKILL
[2026-02-10T12:07:36+0000][W][337] arch_checkWait():241 Persistent mode: pid=18029 exited with status: SIGNALED, signal: 9 (Killed)
Persistent mode: Launched new persistent pid=18030
[2026-02-10T12:07:39+0000][W][337] subproc_checkTimeLimit():531 pid=18030 took too much time (limit 1 s). Killing it with SIGKILL
[2026-02-10T12:07:39+0000][W][337] arch_checkWait():241 Persistent mode: pid=18030 exited with status: SIGNALED, signal: 9 (Killed)
Persistent mode: Launched new persistent pid=18034
[2026-02-10T12:07:40+0000][W][337] subproc_checkTimeLimit():531 pid=18034 took too much time (limit 1 s). Killing it with SIGKILL
[2026-02-10T12:07:40+0000][W][337] arch_checkWait():241 Persistent mode: pid=18034 exited with status: SIGNALED, signal: 9 (Killed)
Persistent mode: Launched new persistent pid=18035
Thread 0 (pid=18035) initial speed set at 272 us/exec
[2026-02-10T12:07:43+0000][W][337] subproc_checkTimeLimit():531 pid=18035 took too much time (limit 1 s). Killing it with SIGKILL
[2026-02-10T12:07:43+0000][W][337] arch_checkWait():241 Persistent mode: pid=18035 exited with status: SIGNALED, signal: 9 (Killed)
Persistent mode: Launched new persistent pid=18039
Thread 0 (pid=18039) initial speed set at 373 us/exec
Sz:498 Tm:486us (i/b/h/e/p/c) New:0/0/0/0/0/1, Cur:0/0/0/394/0/707
[2026-02-10T12:08:32+0000][W][337] subproc_checkTimeLimit():531 pid=18039 took too much time (limit 1 s). Killing it with SIGKILL
[2026-02-10T12:08:32+0000][W][337] arch_checkWait():241 Persistent mode: pid=18039 exited with status: SIGNALED, signal: 9 (Killed)
Persistent mode: Launched new persistent pid=18067
Thread 0 (pid=18067) initial speed set at 157 us/exec
Sz:1612 Tm:20284us (i/b/h/e/p/c) New:0/0/0/0/0/1, Cur:0/0/0/378/0/605
[2026-02-10T12:08:46+0000][W][337] subproc_checkTimeLimit():531 pid=18067 took too much time (limit 1 s). Killing it with SIGKILL
[2026-02-10T12:08:46+0000][W][337] arch_checkWait():241 Persistent mode: pid=18067 exited with status: SIGNALED, signal: 9 (Killed)
Persistent mode: Launched new persistent pid=18077
[2026-02-10T12:08:48+0000][W][337] subproc_checkTimeLimit():531 pid=18077 took too much time (limit 1 s). Killing it with SIGKILL
[2026-02-10T12:08:48+0000][W][337] arch_checkWait():241 Persistent mode: pid=18077 exited with status: SIGNALED, signal: 9 (Killed)
Persistent mode: Launched new persistent pid=18081
Thread 0 (pid=18081) initial speed set at 630 us/exec
[2026-02-10T12:08:55+0000][W][337] subproc_checkTimeLimit():531 pid=18081 took too much time (limit 1 s). Killing it with SIGKILL
[2026-02-10T12:08:55+0000][W][337] arch_checkWait():241 Persistent mode: pid=18081 exited with status: SIGNALED, signal: 9 (Killed)
Persistent mode: Launched new persistent pid=18085
Thread 0 (pid=18085) initial speed set at 273 us/exec
[2026-02-10T12:09:00+0000][W][337] subproc_checkTimeLimit():531 pid=18085 took too much time (limit 1 s). Killing it with SIGKILL
[2026-02-10T12:09:00+0000][W][337] arch_checkWait():241 Persistent mode: pid=18085 exited with status: SIGNALED, signal: 9 (Killed)
Persistent mode: Launched new persistent pid=18089
Thread 0 (pid=18089) initial speed set at 231 us/exec
[2026-02-10T12:09:08+0000][W][337] subproc_checkTimeLimit():531 pid=18089 took too much time (limit 1 s). Killing it with SIGKILL
[2026-02-10T12:09:08+0000][W][337] arch_checkWait():241 Persistent mode: pid=18089 exited with status: SIGNALED, signal: 9 (Killed)
Persistent mode: Launched new persistent pid=18096
Thread 0 (pid=18096) initial speed set at 394 us/exec
Sz:1010 Tm:15570us (i/b/h/e/p/c) New:0/0/0/0/0/14, Cur:0/0/0/364/0/686
[2026-02-10T12:09:40+0000][W][337] subproc_checkTimeLimit():531 pid=18096 took too much time (limit 1 s). Killing it with SIGKILL
[2026-02-10T12:09:40+0000][W][337] arch_checkWait():241 Persistent mode: pid=18096 exited with status: SIGNALED, signal: 9 (Killed)
Persistent mode: Launched new persistent pid=18115
Thread 0 (pid=18115) initial speed set at 313 us/exec
[2026-02-10T12:09:47+0000][W][337] subproc_checkTimeLimit():531 pid=18115 took too much time (limit 1 s). Killing it with SIGKILL
[2026-02-10T12:09:47+0000][W][337] arch_checkWait():241 Persistent mode: pid=18115 exited with status: SIGNALED, signal: 9 (Killed)
Persistent mode: Launched new persistent pid=18119
Thread 0 (pid=18119) initial speed set at 279 us/exec
[2026-02-10T12:10:37+0000][W][337] subproc_checkTimeLimit():531 pid=18119 took too much time (limit 1 s). Killing it with SIGKILL
[2026-02-10T12:10:37+0000][W][337] arch_checkWait():241 Persistent mode: pid=18119 exited with status: SIGNALED, signal: 9 (Killed)
Persistent mode: Launched new persistent pid=18150
Thread 0 (pid=18150) initial speed set at 313 us/exec
[2026-02-10T12:10:47+0000][W][337] subproc_checkTimeLimit():531 pid=18150 took too much time (limit 1 s). Killing it with SIGKILL
[2026-02-10T12:10:47+0000][W][337] arch_checkWait():241 Persistent mode: pid=18150 exited with status: SIGNALED, signal: 9 (Killed)
Persistent mode: Launched new persistent pid=18157
Thread 0 (pid=18157) initial speed set at 380 us/exec
[2026-02-10T12:10:53+0000][W][337] subproc_checkTimeLimit():531 pid=18157 took too much time (limit 1 s). Killing it with SIGKILL
[2026-02-10T12:10:54+0000][W][337] arch_checkWait():241 Persistent mode: pid=18157 exited with status: SIGNALED, signal: 9 (Killed)
Persistent mode: Launched new persistent pid=18164
Thread 0 (pid=18164) initial speed set at 290 us/exec
[2026-02-10T12:11:02+0000][W][337] subproc_checkTimeLimit():531 pid=18164 took too much time (limit 1 s). Killing it with SIGKILL
[2026-02-10T12:11:02+0000][W][337] arch_checkWait():241 Persistent mode: pid=18164 exited with status: SIGNALED, signal: 9 (Killed)
Persistent mode: Launched new persistent pid=18168
Thread 0 (pid=18168) initial speed set at 276 us/exec
Sz:1033 Tm:9540us (i/b/h/e/p/c) New:0/0/0/0/0/1, Cur:0/0/0/419/0/2317
[2026-02-10T12:11:10+0000][W][337] subproc_checkTimeLimit():531 pid=18168 took too much time (limit 1 s). Killing it with SIGKILL
[2026-02-10T12:11:10+0000][W][337] arch_checkWait():241 Persistent mode: pid=18168 exited with status: SIGNALED, signal: 9 (Killed)
Persistent mode: Launched new persistent pid=18175
Thread 0 (pid=18175) initial speed set at 270 us/exec
[2026-02-10T12:11:15+0000][W][337] subproc_checkTimeLimit():531 pid=18175 took too much time (limit 1 s). Killing it with SIGKILL
[2026-02-10T12:11:15+0000][W][337] arch_checkWait():241 Persistent mode: pid=18175 exited with status: SIGNALED, signal: 9 (Killed)
Persistent mode: Launched new persistent pid=18179
Thread 0 (pid=18179) initial speed set at 171 us/exec
[2026-02-10T12:11:18+0000][W][337] subproc_checkTimeLimit():531 pid=18179 took too much time (limit 1 s). Killing it with SIGKILL
[2026-02-10T12:11:19+0000][W][337] arch_checkWait():241 Persistent mode: pid=18179 exited with status: SIGNALED, signal: 9 (Killed)
Persistent mode: Launched new persistent pid=18183
Thread 0 (pid=18183) initial speed set at 292 us/exec
Sz:463 Tm:186us (i/b/h/e/p/c) New:0/0/0/0/0/2, Cur:0/0/0/267/0/473
[2026-02-10T12:11:32+0000][W][337] subproc_checkTimeLimit():531 pid=18183 took too much time (limit 1 s). Killing it with SIGKILL
[2026-02-10T12:11:32+0000][W][337] arch_checkWait():241 Persistent mode: pid=18183 exited with status: SIGNALED, signal: 9 (Killed)
Persistent mode: Launched new persistent pid=18190
Thread 0 (pid=18190) initial speed set at 495 us/exec
[2026-02-10T12:11:46+0000][W][337] subproc_checkTimeLimit():531 pid=18190 took too much time (limit 1 s). Killing it with SIGKILL
[2026-02-10T12:11:46+0000][W][337] arch_checkWait():241 Persistent mode: pid=18190 exited with status: SIGNALED, signal: 9 (Killed)
Persistent mode: Launched new persistent pid=18200
Thread 0 (pid=18200) initial speed set at 270 us/exec
[2026-02-10T12:11:49+0000][W][337] subproc_checkTimeLimit():531 pid=18200 took too much time (limit 1 s). Killing it with SIGKILL
[2026-02-10T12:11:49+0000][W][337] arch_checkWait():241 Persistent mode: pid=18200 exited with status: SIGNALED, signal: 9 (Killed)
Persistent mode: Launched new persistent pid=18204
Thread 0 (pid=18204) initial speed set at 374 us/exec
[2026-02-10T12:11:54+0000][W][337] subproc_checkTimeLimit():531 pid=18204 took too much time (limit 1 s). Killing it with SIGKILL
[2026-02-10T12:11:55+0000][W][337] arch_checkWait():241 Persistent mode: pid=18204 exited with status: SIGNALED, signal: 9 (Killed)
Persistent mode: Launched new persistent pid=18208
[2026-02-10T12:11:56+0000][W][337] subproc_checkTimeLimit():531 pid=18208 took too much time (limit 1 s). Killing it with SIGKILL
[2026-02-10T12:11:56+0000][W][337] arch_checkWait():241 Persistent mode: pid=18208 exited with status: SIGNALED, signal: 9 (Killed)
Persistent mode: Launched new persistent pid=18209
Thread 0 (pid=18209) initial speed set at 246 us/exec
[2026-02-10T12:12:11+0000][W][337] subproc_checkTimeLimit():531 pid=18209 took too much time (limit 1 s). Killing it with SIGKILL
[2026-02-10T12:12:11+0000][W][337] arch_checkWait():241 Persistent mode: pid=18209 exited with status: SIGNALED, signal: 9 (Killed)
Persistent mode: Launched new persistent pid=18219
Thread 0 (pid=18219) initial speed set at 438 us/exec
[2026-02-10T12:12:17+0000][W][337] subproc_checkTimeLimit():531 pid=18219 took too much time (limit 1 s). Killing it with SIGKILL
[2026-02-10T12:12:17+0000][W][337] arch_checkWait():241 Persistent mode: pid=18219 exited with status: SIGNALED, signal: 9 (Killed)
Persistent mode: Launched new persistent pid=18223
Thread 0 (pid=18223) initial speed set at 157 us/exec
[2026-02-10T12:12:43+0000][W][337] subproc_checkTimeLimit():531 pid=18223 took too much time (limit 1 s). Killing it with SIGKILL
[2026-02-10T12:12:44+0000][W][337] arch_checkWait():241 Persistent mode: pid=18223 exited with status: SIGNALED, signal: 9 (Killed)
Persistent mode: Launched new persistent pid=18242
Thread 0 (pid=18242) initial speed set at 482 us/exec
[2026-02-10T12:12:55+0000][W][337] subproc_checkTimeLimit():531 pid=18242 took too much time (limit 1 s). Killing it with SIGKILL
[2026-02-10T12:12:55+0000][W][337] arch_checkWait():241 Persistent mode: pid=18242 exited with status: SIGNALED, signal: 9 (Killed)
Persistent mode: Launched new persistent pid=18249
Thread 0 (pid=18249) initial speed set at 427 us/exec
[2026-02-10T12:13:05+0000][W][337] subproc_checkTimeLimit():531 pid=18249 took too much time (limit 1 s). Killing it with SIGKILL
[2026-02-10T12:13:05+0000][W][337] arch_checkWait():241 Persistent mode: pid=18249 exited with status: SIGNALED, signal: 9 (Killed)
Persistent mode: Launched new persistent pid=18256
Thread 0 (pid=18256) initial speed set at 429 us/exec
Sz:1002 Tm:10003us (i/b/h/e/p/c) New:0/0/0/0/0/10, Cur:0/0/0/384/0/703
[2026-02-10T12:13:20+0000][W][337] subproc_checkTimeLimit():531 pid=18256 took too much time (limit 1 s). Killing it with SIGKILL
[2026-02-10T12:13:20+0000][W][337] arch_checkWait():241 Persistent mode: pid=18256 exited with status: SIGNALED, signal: 9 (Killed)
Persistent mode: Launched new persistent pid=18266
Thread 0 (pid=18266) initial speed set at 446 us/exec
[2026-02-10T12:13:24+0000][W][337] subproc_checkTimeLimit():531 pid=18266 took too much time (limit 1 s). Killing it with SIGKILL
[2026-02-10T12:13:24+0000][W][337] arch_checkWait():241 Persistent mode: pid=18266 exited with status: SIGNALED, signal: 9 (Killed)
Persistent mode: Launched new persistent pid=18270
Thread 0 (pid=18270) initial speed set at 180 us/exec
[2026-02-10T12:13:28+0000][W][337] subproc_checkTimeLimit():531 pid=18270 took too much time (limit 1 s). Killing it with SIGKILL
[2026-02-10T12:13:28+0000][W][337] arch_checkWait():241 Persistent mode: pid=18270 exited with status: SIGNALED, signal: 9 (Killed)
Persistent mode: Launched new persistent pid=18274
Thread 0 (pid=18274) initial speed set at 385 us/exec
[2026-02-10T12:13:32+0000][W][337] subproc_checkTimeLimit():531 pid=18274 took too much time (limit 1 s). Killing it with SIGKILL
[2026-02-10T12:13:32+0000][W][337] arch_checkWait():241 Persistent mode: pid=18274 exited with status: SIGNALED, signal: 9 (Killed)
Persistent mode: Launched new persistent pid=18275
Thread 0 (pid=18275) initial speed set at 240 us/exec
Sz:997 Tm:377us (i/b/h/e/p/c) New:0/0/0/0/0/1, Cur:0/0/0/390/0/685
[2026-02-10T12:13:56+0000][W][337] subproc_checkTimeLimit():531 pid=18275 took too much time (limit 1 s). Killing it with SIGKILL
[2026-02-10T12:13:56+0000][W][337] arch_checkWait():241 Persistent mode: pid=18275 exited with status: SIGNALED, signal: 9 (Killed)
Persistent mode: Launched new persistent pid=18291
Thread 0 (pid=18291) initial speed set at 304 us/exec
[2026-02-10T12:14:05+0000][W][337] subproc_checkTimeLimit():531 pid=18291 took too much time (limit 1 s). Killing it with SIGKILL
[2026-02-10T12:14:05+0000][W][337] arch_checkWait():241 Persistent mode: pid=18291 exited with status: SIGNALED, signal: 9 (Killed)
Persistent mode: Launched new persistent pid=18298
Thread 0 (pid=18298) initial speed set at 208 us/exec
[2026-02-10T12:14:08+0000][W][337] subproc_checkTimeLimit():531 pid=18298 took too much time (limit 1 s). Killing it with SIGKILL
[2026-02-10T12:14:08+0000][W][337] arch_checkWait():241 Persistent mode: pid=18298 exited with status: SIGNALED, signal: 9 (Killed)
Persistent mode: Launched new persistent pid=18299
Thread 0 (pid=18299) initial speed set at 355 us/exec
[2026-02-10T12:14:30+0000][W][337] subproc_checkTimeLimit():531 pid=18299 took too much time (limit 1 s). Killing it with SIGKILL
[2026-02-10T12:14:30+0000][W][337] arch_checkWait():241 Persistent mode: pid=18299 exited with status: SIGNALED, signal: 9 (Killed)
Persistent mode: Launched new persistent pid=18315
Thread 0 (pid=18315) initial speed set at 302 us/exec
Sz:5371 Tm:14607us (i/b/h/e/p/c) New:0/0/0/0/0/10, Cur:0/0/0/374/0/1501
[2026-02-10T12:14:44+0000][W][337] subproc_checkTimeLimit():531 pid=18315 took too much time (limit 1 s). Killing it with SIGKILL
[2026-02-10T12:14:44+0000][W][337] arch_checkWait():241 Persistent mode: pid=18315 exited with status: SIGNALED, signal: 9 (Killed)
Persistent mode: Launched new persistent pid=18325
Thread 0 (pid=18325) initial speed set at 404 us/exec
[2026-02-10T12:14:53+0000][W][337] subproc_checkTimeLimit():531 pid=18325 took too much time (limit 1 s). Killing it with SIGKILL
[2026-02-10T12:14:53+0000][W][337] arch_checkWait():241 Persistent mode: pid=18325 exited with status: SIGNALED, signal: 9 (Killed)
Persistent mode: Launched new persistent pid=18329
[2026-02-10T12:14:54+0000][W][337] subproc_checkTimeLimit():531 pid=18329 took too much time (limit 1 s). Killing it with SIGKILL
[2026-02-10T12:14:54+0000][W][337] arch_checkWait():241 Persistent mode: pid=18329 exited with status: SIGNALED, signal: 9 (Killed)
Persistent mode: Launched new persistent pid=18333
Thread 0 (pid=18333) initial speed set at 271 us/exec
Sz:14690 Tm:1651us (i/b/h/e/p/c) New:0/0/0/0/0/1, Cur:0/0/0/469/0/1129
Sz:512 Tm:186us (i/b/h/e/p/c) New:0/0/0/0/0/1, Cur:0/0/0/284/0/508
[2026-02-10T12:15:05+0000][W][337] subproc_checkTimeLimit():531 pid=18333 took too much time (limit 1 s). Killing it with SIGKILL
[2026-02-10T12:15:06+0000][W][337] arch_checkWait():241 Persistent mode: pid=18333 exited with status: SIGNALED, signal: 9 (Killed)
Persistent mode: Launched new persistent pid=18340
Thread 0 (pid=18340) initial speed set at 395 us/exec
[2026-02-10T12:15:10+0000][W][337] subproc_checkTimeLimit():531 pid=18340 took too much time (limit 1 s). Killing it with SIGKILL
[2026-02-10T12:15:10+0000][W][337] arch_checkWait():241 Persistent mode: pid=18340 exited with status: SIGNALED, signal: 9 (Killed)
Persistent mode: Launched new persistent pid=18344
Thread 0 (pid=18344) initial speed set at 283 us/exec
Sz:472 Tm:225us (i/b/h/e/p/c) New:0/0/0/0/0/4, Cur:0/0/0/351/0/715
[2026-02-10T12:16:01+0000][W][337] subproc_checkTimeLimit():531 pid=18344 took too much time (limit 1 s). Killing it with SIGKILL
[2026-02-10T12:16:01+0000][W][337] arch_checkWait():241 Persistent mode: pid=18344 exited with status: SIGNALED, signal: 9 (Killed)
Persistent mode: Launched new persistent pid=18375
Thread 0 (pid=18375) initial speed set at 306 us/exec
Sz:6035 Tm:33934us (i/b/h/e/p/c) New:0/0/0/0/0/23, Cur:0/0/0/364/0/1666
[2026-02-10T12:16:17+0000][W][337] subproc_checkTimeLimit():531 pid=18375 took too much time (limit 1 s). Killing it with SIGKILL
[2026-02-10T12:16:18+0000][W][337] arch_checkWait():241 Persistent mode: pid=18375 exited with status: SIGNALED, signal: 9 (Killed)
Persistent mode: Launched new persistent pid=18385
Thread 0 (pid=18385) initial speed set at 431 us/exec
[2026-02-10T12:16:33+0000][W][337] subproc_checkTimeLimit():531 pid=18385 took too much time (limit 1 s). Killing it with SIGKILL
[2026-02-10T12:16:33+0000][W][337] arch_checkWait():241 Persistent mode: pid=18385 exited with status: SIGNALED, signal: 9 (Killed)
Persistent mode: Launched new persistent pid=18395
[2026-02-10T12:16:34+0000][W][337] subproc_checkTimeLimit():531 pid=18395 took too much time (limit 1 s). Killing it with SIGKILL
[2026-02-10T12:16:34+0000][W][337] arch_checkWait():241 Persistent mode: pid=18395 exited with status: SIGNALED, signal: 9 (Killed)
Persistent mode: Launched new persistent pid=18399
Thread 0 (pid=18399) initial speed set at 207 us/exec
[2026-02-10T12:16:38+0000][W][337] subproc_checkTimeLimit():531 pid=18399 took too much time (limit 1 s). Killing it with SIGKILL
[2026-02-10T12:16:38+0000][W][337] arch_checkWait():241 Persistent mode: pid=18399 exited with status: SIGNALED, signal: 9 (Killed)
Persistent mode: Launched new persistent pid=18400
Thread 0 (pid=18400) initial speed set at 276 us/exec
[2026-02-10T12:16:49+0000][W][337] subproc_checkTimeLimit():531 pid=18400 took too much time (limit 1 s). Killing it with SIGKILL
[2026-02-10T12:16:49+0000][W][337] arch_checkWait():241 Persistent mode: pid=18400 exited with status: SIGNALED, signal: 9 (Killed)
Persistent mode: Launched new persistent pid=18410
Thread 0 (pid=18410) initial speed set at 299 us/exec
[2026-02-10T12:16:53+0000][W][337] subproc_checkTimeLimit():531 pid=18410 took too much time (limit 1 s). Killing it with SIGKILL
[2026-02-10T12:16:54+0000][W][337] arch_checkWait():241 Persistent mode: pid=18410 exited with status: SIGNALED, signal: 9 (Killed)
Persistent mode: Launched new persistent pid=18411
Thread 0 (pid=18411) initial speed set at 347 us/exec
[2026-02-10T12:17:01+0000][W][337] subproc_checkTimeLimit():531 pid=18411 took too much time (limit 1 s). Killing it with SIGKILL
[2026-02-10T12:17:01+0000][W][337] arch_checkWait():241 Persistent mode: pid=18411 exited with status: SIGNALED, signal: 9 (Killed)
Persistent mode: Launched new persistent pid=18418
Thread 0 (pid=18418) initial speed set at 482 us/exec
Sz:559 Tm:339us (i/b/h/e/p/c) New:0/0/0/0/0/2, Cur:0/0/0/275/0/655
Sz:4079 Tm:10218us (i/b/h/e/p/c) New:0/0/0/1/0/1, Cur:0/0/0/392/0/616
[2026-02-10T12:17:30+0000][W][337] subproc_checkTimeLimit():531 pid=18418 took too much time (limit 1 s). Killing it with SIGKILL
[2026-02-10T12:17:30+0000][W][337] arch_checkWait():241 Persistent mode: pid=18418 exited with status: SIGNALED, signal: 9 (Killed)
Persistent mode: Launched new persistent pid=18437
Thread 0 (pid=18437) initial speed set at 301 us/exec
[2026-02-10T12:17:36+0000][W][337] subproc_checkTimeLimit():531 pid=18437 took too much time (limit 1 s). Killing it with SIGKILL
[2026-02-10T12:17:36+0000][W][337] arch_checkWait():241 Persistent mode: pid=18437 exited with status: SIGNALED, signal: 9 (Killed)
Persistent mode: Launched new persistent pid=18441
[2026-02-10T12:17:38+0000][W][337] subproc_checkTimeLimit():531 pid=18441 took too much time (limit 1 s). Killing it with SIGKILL
[2026-02-10T12:17:39+0000][W][337] arch_checkWait():241 Persistent mode: pid=18441 exited with status: SIGNALED, signal: 9 (Killed)
Persistent mode: Launched new persistent pid=18442
Thread 0 (pid=18442) initial speed set at 294 us/exec
Sz:4097 Tm:481us (i/b/h/e/p/c) New:0/0/0/2/0/95, Cur:0/0/0/289/0/485
[2026-02-10T12:18:54+0000][W][337] subproc_checkTimeLimit():531 pid=18442 took too much time (limit 1 s). Killing it with SIGKILL
[2026-02-10T12:18:54+0000][W][337] arch_checkWait():241 Persistent mode: pid=18442 exited with status: SIGNALED, signal: 9 (Killed)
Persistent mode: Launched new persistent pid=18488
Thread 0 (pid=18488) initial speed set at 273 us/exec
[2026-02-10T12:19:06+0000][W][337] subproc_checkTimeLimit():531 pid=18488 took too much time (limit 1 s). Killing it with SIGKILL
[2026-02-10T12:19:06+0000][W][337] arch_checkWait():241 Persistent mode: pid=18488 exited with status: SIGNALED, signal: 9 (Killed)
Persistent mode: Launched new persistent pid=18498
[2026-02-10T12:19:08+0000][W][337] subproc_checkTimeLimit():531 pid=18498 took too much time (limit 1 s). Killing it with SIGKILL
[2026-02-10T12:19:08+0000][W][337] arch_checkWait():241 Persistent mode: pid=18498 exited with status: SIGNALED, signal: 9 (Killed)
Persistent mode: Launched new persistent pid=18499
Thread 0 (pid=18499) initial speed set at 356 us/exec
[2026-02-10T12:19:12+0000][W][337] subproc_checkTimeLimit():531 pid=18499 took too much time (limit 1 s). Killing it with SIGKILL
[2026-02-10T12:19:12+0000][W][337] arch_checkWait():241 Persistent mode: pid=18499 exited with status: SIGNALED, signal: 9 (Killed)
Persistent mode: Launched new persistent pid=18503
[2026-02-10T12:19:14+0000][W][337] subproc_checkTimeLimit():531 pid=18503 took too much time (limit 1 s). Killing it with SIGKILL
[2026-02-10T12:19:14+0000][W][337] arch_checkWait():241 Persistent mode: pid=18503 exited with status: SIGNALED, signal: 9 (Killed)
Persistent mode: Launched new persistent pid=18507
Thread 0 (pid=18507) initial speed set at 369 us/exec
[2026-02-10T12:19:18+0000][W][337] subproc_checkTimeLimit():531 pid=18507 took too much time (limit 1 s). Killing it with SIGKILL
[2026-02-10T12:19:18+0000][W][337] arch_checkWait():241 Persistent mode: pid=18507 exited with status: SIGNALED, signal: 9 (Killed)
Persistent mode: Launched new persistent pid=18508
[2026-02-10T12:19:19+0000][W][337] subproc_checkTimeLimit():531 pid=18508 took too much time (limit 1 s). Killing it with SIGKILL
[2026-02-10T12:19:19+0000][W][337] arch_checkWait():241 Persistent mode: pid=18508 exited with status: SIGNALED, signal: 9 (Killed)
Persistent mode: Launched new persistent pid=18512
Thread 0 (pid=18512) initial speed set at 248 us/exec
[2026-02-10T12:19:23+0000][W][337] subproc_checkTimeLimit():531 pid=18512 took too much time (limit 1 s). Killing it with SIGKILL
[2026-02-10T12:19:23+0000][W][337] arch_checkWait():241 Persistent mode: pid=18512 exited with status: SIGNALED, signal: 9 (Killed)
Persistent mode: Launched new persistent pid=18513
Thread 0 (pid=18513) initial speed set at 450 us/exec
[2026-02-10T12:19:36+0000][W][337] subproc_checkTimeLimit():531 pid=18513 took too much time (limit 1 s). Killing it with SIGKILL
[2026-02-10T12:19:36+0000][W][337] arch_checkWait():241 Persistent mode: pid=18513 exited with status: SIGNALED, signal: 9 (Killed)
Persistent mode: Launched new persistent pid=18523
Thread 0 (pid=18523) initial speed set at 333 us/exec
Sz:489 Tm:13562us (i/b/h/e/p/c) New:0/0/0/0/0/2, Cur:0/0/0/415/0/2027
Sz:1301 Tm:672us (i/b/h/e/p/c) New:0/0/0/1/0/0, Cur:0/0/0/303/0/518
Sz:1016 Tm:18997us (i/b/h/e/p/c) New:0/0/0/0/0/4, Cur:0/0/0/347/0/609
Sz:6346 Tm:10348us (i/b/h/e/p/c) New:0/0/0/0/0/1, Cur:0/0/0/344/0/502
[2026-02-10T12:21:02+0000][W][337] subproc_checkTimeLimit():531 pid=18523 took too much time (limit 1 s). Killing it with SIGKILL
[2026-02-10T12:21:02+0000][W][337] arch_checkWait():241 Persistent mode: pid=18523 exited with status: SIGNALED, signal: 9 (Killed)
Persistent mode: Launched new persistent pid=18575
Thread 0 (pid=18575) initial speed set at 295 us/exec
[2026-02-10T12:21:19+0000][W][337] subproc_checkTimeLimit():531 pid=18575 took too much time (limit 1 s). Killing it with SIGKILL
[2026-02-10T12:21:19+0000][W][337] arch_checkWait():241 Persistent mode: pid=18575 exited with status: SIGNALED, signal: 9 (Killed)
Persistent mode: Launched new persistent pid=18585
[2026-02-10T12:21:22+0000][W][337] subproc_checkTimeLimit():531 pid=18585 took too much time (limit 1 s). Killing it with SIGKILL
[2026-02-10T12:21:22+0000][W][337] arch_checkWait():241 Persistent mode: pid=18585 exited with status: SIGNALED, signal: 9 (Killed)
Persistent mode: Launched new persistent pid=18589
Thread 0 (pid=18589) initial speed set at 180 us/exec
[2026-02-10T12:21:26+0000][W][337] subproc_checkTimeLimit():531 pid=18589 took too much time (limit 1 s). Killing it with SIGKILL
[2026-02-10T12:21:26+0000][W][337] arch_checkWait():241 Persistent mode: pid=18589 exited with status: SIGNALED, signal: 9 (Killed)
Persistent mode: Launched new persistent pid=18593
[2026-02-10T12:21:28+0000][W][337] subproc_checkTimeLimit():531 pid=18593 took too much time (limit 1 s). Killing it with SIGKILL
[2026-02-10T12:21:28+0000][W][337] arch_checkWait():241 Persistent mode: pid=18593 exited with status: SIGNALED, signal: 9 (Killed)
Persistent mode: Launched new persistent pid=18594
Sz:486 Tm:18664us (i/b/h/e/p/c) New:0/0/0/0/0/1, Cur:0/0/0/432/0/3297
Thread 0 (pid=18594) initial speed set at 217 us/exec
Sz:12427 Tm:12477us (i/b/h/e/p/c) New:0/0/0/0/0/1, Cur:0/0/0/402/0/1895
Sz:463 Tm:197us (i/b/h/e/p/c) New:0/0/0/0/0/2, Cur:0/0/0/267/0/487
[2026-02-10T12:21:43+0000][W][337] subproc_checkTimeLimit():531 pid=18594 took too much time (limit 1 s). Killing it with SIGKILL
[2026-02-10T12:21:43+0000][W][337] arch_checkWait():241 Persistent mode: pid=18594 exited with status: SIGNALED, signal: 9 (Killed)
Persistent mode: Launched new persistent pid=18604
Thread 0 (pid=18604) initial speed set at 273 us/exec
[2026-02-10T12:21:55+0000][W][337] subproc_checkTimeLimit():531 pid=18604 took too much time (limit 1 s). Killing it with SIGKILL
[2026-02-10T12:21:56+0000][W][337] arch_checkWait():241 Persistent mode: pid=18604 exited with status: SIGNALED, signal: 9 (Killed)
Persistent mode: Launched new persistent pid=18614
Thread 0 (pid=18614) initial speed set at 321 us/exec
Sz:3128 Tm:16165us (i/b/h/e/p/c) New:0/0/0/0/0/4, Cur:0/0/0/391/0/2251
[2026-02-10T12:22:13+0000][W][337] subproc_checkTimeLimit():531 pid=18614 took too much time (limit 1 s). Killing it with SIGKILL
[2026-02-10T12:22:13+0000][W][337] arch_checkWait():241 Persistent mode: pid=18614 exited with status: SIGNALED, signal: 9 (Killed)
Persistent mode: Launched new persistent pid=18624
Thread 0 (pid=18624) initial speed set at 258 us/exec
[2026-02-10T12:22:16+0000][W][337] subproc_checkTimeLimit():531 pid=18624 took too much time (limit 1 s). Killing it with SIGKILL
[2026-02-10T12:22:16+0000][W][337] arch_checkWait():241 Persistent mode: pid=18624 exited with status: SIGNALED, signal: 9 (Killed)
Persistent mode: Launched new persistent pid=18628
Thread 0 (pid=18628) initial speed set at 287 us/exec
[2026-02-10T12:22:26+0000][W][337] subproc_checkTimeLimit():531 pid=18628 took too much time (limit 1 s). Killing it with SIGKILL
[2026-02-10T12:22:26+0000][W][337] arch_checkWait():241 Persistent mode: pid=18628 exited with status: SIGNALED, signal: 9 (Killed)
Persistent mode: Launched new persistent pid=18635
[2026-02-10T12:22:29+0000][W][337] subproc_checkTimeLimit():531 pid=18635 took too much time (limit 1 s). Killing it with SIGKILL
[2026-02-10T12:22:29+0000][W][337] arch_checkWait():241 Persistent mode: pid=18635 exited with status: SIGNALED, signal: 9 (Killed)
Persistent mode: Launched new persistent pid=18636
[2026-02-10T12:22:30+0000][W][337] subproc_checkTimeLimit():531 pid=18636 took too much time (limit 1 s). Killing it with SIGKILL
[2026-02-10T12:22:30+0000][W][337] arch_checkWait():241 Persistent mode: pid=18636 exited with status: SIGNALED, signal: 9 (Killed)
Persistent mode: Launched new persistent pid=18640
Thread 0 (pid=18640) initial speed set at 242 us/exec
[2026-02-10T12:22:34+0000][W][337] subproc_checkTimeLimit():531 pid=18640 took too much time (limit 1 s). Killing it with SIGKILL
[2026-02-10T12:22:34+0000][W][337] arch_checkWait():241 Persistent mode: pid=18640 exited with status: SIGNALED, signal: 9 (Killed)
Persistent mode: Launched new persistent pid=18641
Thread 0 (pid=18641) initial speed set at 302 us/exec
Sz:1000 Tm:2406us (i/b/h/e/p/c) New:0/0/0/0/0/1, Cur:0/0/0/377/0/594
[2026-02-10T12:22:53+0000][W][337] subproc_checkTimeLimit():531 pid=18641 took too much time (limit 1 s). Killing it with SIGKILL
[2026-02-10T12:22:53+0000][W][337] arch_checkWait():241 Persistent mode: pid=18641 exited with status: SIGNALED, signal: 9 (Killed)
Persistent mode: Launched new persistent pid=18654
Thread 0 (pid=18654) initial speed set at 181 us/exec
[2026-02-10T12:23:39+0000][W][337] subproc_checkTimeLimit():531 pid=18654 took too much time (limit 1 s). Killing it with SIGKILL
[2026-02-10T12:23:39+0000][W][337] arch_checkWait():241 Persistent mode: pid=18654 exited with status: SIGNALED, signal: 9 (Killed)
Persistent mode: Launched new persistent pid=18682
Thread 0 (pid=18682) initial speed set at 476 us/exec
[2026-02-10T12:23:47+0000][W][337] subproc_checkTimeLimit():531 pid=18682 took too much time (limit 1 s). Killing it with SIGKILL
[2026-02-10T12:23:47+0000][W][337] arch_checkWait():241 Persistent mode: pid=18682 exited with status: SIGNALED, signal: 9 (Killed)
Persistent mode: Launched new persistent pid=18689
Thread 0 (pid=18689) initial speed set at 296 us/exec
[2026-02-10T12:23:54+0000][W][337] subproc_checkTimeLimit():531 pid=18689 took too much time (limit 1 s). Killing it with SIGKILL
[2026-02-10T12:23:54+0000][W][337] arch_checkWait():241 Persistent mode: pid=18689 exited with status: SIGNALED, signal: 9 (Killed)
Persistent mode: Launched new persistent pid=18693
Thread 0 (pid=18693) initial speed set at 407 us/exec
[2026-02-10T12:23:58+0000][W][337] subproc_checkTimeLimit():531 pid=18693 took too much time (limit 1 s). Killing it with SIGKILL
[2026-02-10T12:23:58+0000][W][337] arch_checkWait():241 Persistent mode: pid=18693 exited with status: SIGNALED, signal: 9 (Killed)
Persistent mode: Launched new persistent pid=18697
Sz:589 Tm:244us (i/b/h/e/p/c) New:0/0/0/0/0/3, Cur:0/0/0/270/0/742
Thread 0 (pid=18697) initial speed set at 471 us/exec
[2026-02-10T12:24:18+0000][W][337] subproc_checkTimeLimit():531 pid=18697 took too much time (limit 1 s). Killing it with SIGKILL
[2026-02-10T12:24:18+0000][W][337] arch_checkWait():241 Persistent mode: pid=18697 exited with status: SIGNALED, signal: 9 (Killed)
Persistent mode: Launched new persistent pid=18710
[2026-02-10T12:24:20+0000][W][337] subproc_checkTimeLimit():531 pid=18710 took too much time (limit 1 s). Killing it with SIGKILL
[2026-02-10T12:24:20+0000][W][337] arch_checkWait():241 Persistent mode: pid=18710 exited with status: SIGNALED, signal: 9 (Killed)
Persistent mode: Launched new persistent pid=18711
Thread 0 (pid=18711) initial speed set at 357 us/exec
[2026-02-10T12:24:29+0000][W][337] subproc_checkTimeLimit():531 pid=18711 took too much time (limit 1 s). Killing it with SIGKILL
[2026-02-10T12:24:30+0000][W][337] arch_checkWait():241 Persistent mode: pid=18711 exited with status: SIGNALED, signal: 9 (Killed)
Persistent mode: Launched new persistent pid=18718
Thread 0 (pid=18718) initial speed set at 191 us/exec
Sz:453 Tm:183us (i/b/h/e/p/c) New:0/0/0/0/0/1, Cur:0/0/0/384/0/735
[2026-02-10T12:24:36+0000][W][337] subproc_checkTimeLimit():531 pid=18718 took too much time (limit 1 s). Killing it with SIGKILL
[2026-02-10T12:24:36+0000][W][337] arch_checkWait():241 Persistent mode: pid=18718 exited with status: SIGNALED, signal: 9 (Killed)
Persistent mode: Launched new persistent pid=18725
Thread 0 (pid=18725) initial speed set at 183 us/exec
[2026-02-10T12:24:45+0000][W][337] subproc_checkTimeLimit():531 pid=18725 took too much time (limit 1 s). Killing it with SIGKILL
[2026-02-10T12:24:45+0000][W][337] arch_checkWait():241 Persistent mode: pid=18725 exited with status: SIGNALED, signal: 9 (Killed)
Persistent mode: Launched new persistent pid=18729
Thread 0 (pid=18729) initial speed set at 335 us/exec
[2026-02-10T12:24:59+0000][W][337] subproc_checkTimeLimit():531 pid=18729 took too much time (limit 1 s). Killing it with SIGKILL
[2026-02-10T12:24:59+0000][W][337] arch_checkWait():241 Persistent mode: pid=18729 exited with status: SIGNALED, signal: 9 (Killed)
Persistent mode: Launched new persistent pid=18739
Thread 0 (pid=18739) initial speed set at 359 us/exec
Sz:1800 Tm:8850us (i/b/h/e/p/c) New:0/0/0/0/0/8, Cur:0/0/0/400/0/3771
[2026-02-10T12:25:18+0000][W][337] subproc_checkTimeLimit():531 pid=18739 took too much time (limit 1 s). Killing it with SIGKILL
[2026-02-10T12:25:19+0000][W][337] arch_checkWait():241 Persistent mode: pid=18739 exited with status: SIGNALED, signal: 9 (Killed)
Persistent mode: Launched new persistent pid=18752
Thread 0 (pid=18752) initial speed set at 239 us/exec
[2026-02-10T12:25:27+0000][W][337] subproc_checkTimeLimit():531 pid=18752 took too much time (limit 1 s). Killing it with SIGKILL
[2026-02-10T12:25:27+0000][W][337] arch_checkWait():241 Persistent mode: pid=18752 exited with status: SIGNALED, signal: 9 (Killed)
Persistent mode: Launched new persistent pid=18759
Thread 0 (pid=18759) initial speed set at 310 us/exec
[2026-02-10T12:25:38+0000][W][337] subproc_checkTimeLimit():531 pid=18759 took too much time (limit 1 s). Killing it with SIGKILL
[2026-02-10T12:25:38+0000][W][337] arch_checkWait():241 Persistent mode: pid=18759 exited with status: SIGNALED, signal: 9 (Killed)
Persistent mode: Launched new persistent pid=18766
Thread 0 (pid=18766) initial speed set at 287 us/exec
[2026-02-10T12:25:46+0000][W][337] subproc_checkTimeLimit():531 pid=18766 took too much time (limit 1 s). Killing it with SIGKILL
[2026-02-10T12:25:46+0000][W][337] arch_checkWait():241 Persistent mode: pid=18766 exited with status: SIGNALED, signal: 9 (Killed)
Persistent mode: Launched new persistent pid=18773
Thread 0 (pid=18773) initial speed set at 155 us/exec
[2026-02-10T12:25:50+0000][W][337] subproc_checkTimeLimit():531 pid=18773 took too much time (limit 1 s). Killing it with SIGKILL
[2026-02-10T12:25:50+0000][W][337] arch_checkWait():241 Persistent mode: pid=18773 exited with status: SIGNALED, signal: 9 (Killed)
Persistent mode: Launched new persistent pid=18774
Sz:488 Tm:268us (i/b/h/e/p/c) New:0/0/0/0/0/1, Cur:0/0/0/556/0/1332
Thread 0 (pid=18774) initial speed set at 324 us/exec
Sz:6547 Tm:14400us (i/b/h/e/p/c) New:0/0/0/0/0/1, Cur:0/0/0/371/0/790
[2026-02-10T12:26:19+0000][W][337] subproc_checkTimeLimit():531 pid=18774 took too much time (limit 1 s). Killing it with SIGKILL
[2026-02-10T12:26:19+0000][W][337] arch_checkWait():241 Persistent mode: pid=18774 exited with status: SIGNALED, signal: 9 (Killed)
Persistent mode: Launched new persistent pid=18793
Thread 0 (pid=18793) initial speed set at 387 us/exec
[2026-02-10T12:26:45+0000][W][337] subproc_checkTimeLimit():531 pid=18793 took too much time (limit 1 s). Killing it with SIGKILL
[2026-02-10T12:26:45+0000][W][337] arch_checkWait():241 Persistent mode: pid=18793 exited with status: SIGNALED, signal: 9 (Killed)
Persistent mode: Launched new persistent pid=18809
Thread 0 (pid=18809) initial speed set at 258 us/exec
Sz:467 Tm:208us (i/b/h/e/p/c) New:0/0/0/0/0/3, Cur:0/0/0/262/0/431
[2026-02-10T12:27:12+0000][W][337] subproc_checkTimeLimit():531 pid=18809 took too much time (limit 1 s). Killing it with SIGKILL
[2026-02-10T12:27:12+0000][W][337] arch_checkWait():241 Persistent mode: pid=18809 exited with status: SIGNALED, signal: 9 (Killed)
Persistent mode: Launched new persistent pid=18828
Thread 0 (pid=18828) initial speed set at 366 us/exec
[2026-02-10T12:27:24+0000][W][337] subproc_checkTimeLimit():531 pid=18828 took too much time (limit 1 s). Killing it with SIGKILL
[2026-02-10T12:27:24+0000][W][337] arch_checkWait():241 Persistent mode: pid=18828 exited with status: SIGNALED, signal: 9 (Killed)
Persistent mode: Launched new persistent pid=18835
Thread 0 (pid=18835) initial speed set at 311 us/exec
Sz:7089 Tm:13063us (i/b/h/e/p/c) New:0/0/0/0/0/2, Cur:0/0/0/379/0/561
Sz:643 Tm:11714us (i/b/h/e/p/c) New:0/0/0/30/4/464, Cur:0/0/0/187/0/1651
[2026-02-10T12:27:55+0000][W][337] subproc_checkTimeLimit():531 pid=18835 took too much time (limit 1 s). Killing it with SIGKILL
[2026-02-10T12:27:55+0000][W][337] arch_checkWait():241 Persistent mode: pid=18835 exited with status: SIGNALED, signal: 9 (Killed)
Persistent mode: Launched new persistent pid=18854
Thread 0 (pid=18854) initial speed set at 297 us/exec
Sz:632 Tm:13641us (i/b/h/e/p/c) New:0/0/0/0/0/3, Cur:0/0/0/189/0/1651
Sz:7094 Tm:15816us (i/b/h/e/p/c) New:0/0/0/0/0/1, Cur:0/0/0/390/0/1057
[2026-02-10T12:28:03+0000][W][337] subproc_checkTimeLimit():531 pid=18854 took too much time (limit 1 s). Killing it with SIGKILL
[2026-02-10T12:28:03+0000][W][337] arch_checkWait():241 Persistent mode: pid=18854 exited with status: SIGNALED, signal: 9 (Killed)
Persistent mode: Launched new persistent pid=18861
Thread 0 (pid=18861) initial speed set at 347 us/exec
[2026-02-10T12:28:08+0000][W][337] subproc_checkTimeLimit():531 pid=18861 took too much time (limit 1 s). Killing it with SIGKILL
[2026-02-10T12:28:09+0000][W][337] arch_checkWait():241 Persistent mode: pid=18861 exited with status: SIGNALED, signal: 9 (Killed)
Persistent mode: Launched new persistent pid=18865
Thread 0 (pid=18865) initial speed set at 210 us/exec
[2026-02-10T12:28:23+0000][W][337] subproc_checkTimeLimit():531 pid=18865 took too much time (limit 1 s). Killing it with SIGKILL
[2026-02-10T12:28:23+0000][W][337] arch_checkWait():241 Persistent mode: pid=18865 exited with status: SIGNALED, signal: 9 (Killed)
Persistent mode: Launched new persistent pid=18875
Thread 0 (pid=18875) initial speed set at 348 us/exec
Sz:1790 Tm:11810us (i/b/h/e/p/c) New:0/0/0/0/0/3, Cur:0/0/0/437/0/4403
Sz:589 Tm:157us (i/b/h/e/p/c) New:0/0/0/0/0/1, Cur:0/0/0/267/0/650
[2026-02-10T12:29:05+0000][W][337] subproc_checkTimeLimit():531 pid=18875 took too much time (limit 1 s). Killing it with SIGKILL
[2026-02-10T12:29:05+0000][W][337] arch_checkWait():241 Persistent mode: pid=18875 exited with status: SIGNALED, signal: 9 (Killed)
Persistent mode: Launched new persistent pid=18900
Thread 0 (pid=18900) initial speed set at 188 us/exec
[2026-02-10T12:29:20+0000][W][337] subproc_checkTimeLimit():531 pid=18900 took too much time (limit 1 s). Killing it with SIGKILL
[2026-02-10T12:29:20+0000][W][337] arch_checkWait():241 Persistent mode: pid=18900 exited with status: SIGNALED, signal: 9 (Killed)
Persistent mode: Launched new persistent pid=18910
Thread 0 (pid=18910) initial speed set at 307 us/exec
[2026-02-10T12:29:23+0000][W][337] subproc_checkTimeLimit():531 pid=18910 took too much time (limit 1 s). Killing it with SIGKILL
[2026-02-10T12:29:23+0000][W][337] arch_checkWait():241 Persistent mode: pid=18910 exited with status: SIGNALED, signal: 9 (Killed)
Persistent mode: Launched new persistent pid=18914
[2026-02-10T12:29:25+0000][W][337] subproc_checkTimeLimit():531 pid=18914 took too much time (limit 1 s). Killing it with SIGKILL
[2026-02-10T12:29:25+0000][W][337] arch_checkWait():241 Persistent mode: pid=18914 exited with status: SIGNALED, signal: 9 (Killed)
Persistent mode: Launched new persistent pid=18915
Thread 0 (pid=18915) initial speed set at 343 us/exec
[2026-02-10T12:29:39+0000][W][337] subproc_checkTimeLimit():531 pid=18915 took too much time (limit 1 s). Killing it with SIGKILL
[2026-02-10T12:29:40+0000][W][337] arch_checkWait():241 Persistent mode: pid=18915 exited with status: SIGNALED, signal: 9 (Killed)
Persistent mode: Launched new persistent pid=18925
Thread 0 (pid=18925) initial speed set at 419 us/exec
[2026-02-10T12:29:43+0000][W][337] subproc_checkTimeLimit():531 pid=18925 took too much time (limit 1 s). Killing it with SIGKILL
[2026-02-10T12:29:43+0000][W][337] arch_checkWait():241 Persistent mode: pid=18925 exited with status: SIGNALED, signal: 9 (Killed)
Persistent mode: Launched new persistent pid=18929
Thread 0 (pid=18929) initial speed set at 398 us/exec
[2026-02-10T12:30:17+0000][W][337] subproc_checkTimeLimit():531 pid=18929 took too much time (limit 1 s). Killing it with SIGKILL
[2026-02-10T12:30:17+0000][W][337] arch_checkWait():241 Persistent mode: pid=18929 exited with status: SIGNALED, signal: 9 (Killed)
Persistent mode: Launched new persistent pid=18951
Thread 0 (pid=18951) initial speed set at 171 us/exec
[2026-02-10T12:30:26+0000][W][337] subproc_checkTimeLimit():531 pid=18951 took too much time (limit 1 s). Killing it with SIGKILL
[2026-02-10T12:30:26+0000][W][337] arch_checkWait():241 Persistent mode: pid=18951 exited with status: SIGNALED, signal: 9 (Killed)
Persistent mode: Launched new persistent pid=18955
Thread 0 (pid=18955) initial speed set at 208 us/exec
[2026-02-10T12:31:03+0000][W][337] subproc_checkTimeLimit():531 pid=18955 took too much time (limit 1 s). Killing it with SIGKILL
[2026-02-10T12:31:03+0000][W][337] arch_checkWait():241 Persistent mode: pid=18955 exited with status: SIGNALED, signal: 9 (Killed)
Persistent mode: Launched new persistent pid=18980
Thread 0 (pid=18980) initial speed set at 385 us/exec
Sz:2297 Tm:13151us (i/b/h/e/p/c) New:0/0/0/0/0/1, Cur:0/0/0/391/0/1300
[2026-02-10T12:31:21+0000][W][337] subproc_checkTimeLimit():531 pid=18980 took too much time (limit 1 s). Killing it with SIGKILL
[2026-02-10T12:31:21+0000][W][337] arch_checkWait():241 Persistent mode: pid=18980 exited with status: SIGNALED, signal: 9 (Killed)
Persistent mode: Launched new persistent pid=18990
Thread 0 (pid=18990) initial speed set at 281 us/exec
[2026-02-10T12:31:27+0000][W][337] subproc_checkTimeLimit():531 pid=18990 took too much time (limit 1 s). Killing it with SIGKILL
[2026-02-10T12:31:28+0000][W][337] arch_checkWait():241 Persistent mode: pid=18990 exited with status: SIGNALED, signal: 9 (Killed)
Persistent mode: Launched new persistent pid=18997
[2026-02-10T12:31:29+0000][W][337] subproc_checkTimeLimit():531 pid=18997 took too much time (limit 1 s). Killing it with SIGKILL
[2026-02-10T12:31:29+0000][W][337] arch_checkWait():241 Persistent mode: pid=18997 exited with status: SIGNALED, signal: 9 (Killed)
Persistent mode: Launched new persistent pid=18998
Thread 0 (pid=18998) initial speed set at 411 us/exec
[2026-02-10T12:32:09+0000][W][337] subproc_checkTimeLimit():531 pid=18998 took too much time (limit 1 s). Killing it with SIGKILL
[2026-02-10T12:32:09+0000][W][337] arch_checkWait():241 Persistent mode: pid=18998 exited with status: SIGNALED, signal: 9 (Killed)
Persistent mode: Launched new persistent pid=19023
Thread 0 (pid=19023) initial speed set at 247 us/exec
[2026-02-10T12:32:20+0000][W][337] subproc_checkTimeLimit():531 pid=19023 took too much time (limit 1 s). Killing it with SIGKILL
[2026-02-10T12:32:21+0000][W][337] arch_checkWait():241 Persistent mode: pid=19023 exited with status: SIGNALED, signal: 9 (Killed)
Persistent mode: Launched new persistent pid=19030
Thread 0 (pid=19030) initial speed set at 325 us/exec
Sz:462 Tm:498us (i/b/h/e/p/c) New:0/0/0/1/0/1, Cur:0/0/0/274/0/502
[2026-02-10T12:32:38+0000][W][337] subproc_checkTimeLimit():531 pid=19030 took too much time (limit 1 s). Killing it with SIGKILL
[2026-02-10T12:32:38+0000][W][337] arch_checkWait():241 Persistent mode: pid=19030 exited with status: SIGNALED, signal: 9 (Killed)
Persistent mode: Launched new persistent pid=19043
Thread 0 (pid=19043) initial speed set at 180 us/exec
Sz:1006 Tm:11971us (i/b/h/e/p/c) New:0/0/0/0/0/3, Cur:0/0/0/410/0/1439
[2026-02-10T12:32:54+0000][W][337] subproc_checkTimeLimit():531 pid=19043 took too much time (limit 1 s). Killing it with SIGKILL
[2026-02-10T12:32:54+0000][W][337] arch_checkWait():241 Persistent mode: pid=19043 exited with status: SIGNALED, signal: 9 (Killed)
Persistent mode: Launched new persistent pid=19053
Thread 0 (pid=19053) initial speed set at 211 us/exec
[2026-02-10T12:33:04+0000][W][337] subproc_checkTimeLimit():531 pid=19053 took too much time (limit 1 s). Killing it with SIGKILL
[2026-02-10T12:33:04+0000][W][337] arch_checkWait():241 Persistent mode: pid=19053 exited with status: SIGNALED, signal: 9 (Killed)
Persistent mode: Launched new persistent pid=19060
Thread 0 (pid=19060) initial speed set at 182 us/exec
[2026-02-10T12:33:17+0000][W][337] subproc_checkTimeLimit():531 pid=19060 took too much time (limit 1 s). Killing it with SIGKILL
[2026-02-10T12:33:17+0000][W][337] arch_checkWait():241 Persistent mode: pid=19060 exited with status: SIGNALED, signal: 9 (Killed)
Persistent mode: Launched new persistent pid=19070
Thread 0 (pid=19070) initial speed set at 323 us/exec
[2026-02-10T12:33:28+0000][W][337] subproc_checkTimeLimit():531 pid=19070 took too much time (limit 1 s). Killing it with SIGKILL
[2026-02-10T12:33:28+0000][W][337] arch_checkWait():241 Persistent mode: pid=19070 exited with status: SIGNALED, signal: 9 (Killed)
Persistent mode: Launched new persistent pid=19077
Thread 0 (pid=19077) initial speed set at 166 us/exec
[2026-02-10T12:33:34+0000][W][337] subproc_checkTimeLimit():531 pid=19077 took too much time (limit 1 s). Killing it with SIGKILL
[2026-02-10T12:33:34+0000][W][337] arch_checkWait():241 Persistent mode: pid=19077 exited with status: SIGNALED, signal: 9 (Killed)
Persistent mode: Launched new persistent pid=19081
Thread 0 (pid=19081) initial speed set at 294 us/exec
[2026-02-10T12:33:45+0000][W][337] subproc_checkTimeLimit():531 pid=19081 took too much time (limit 1 s). Killing it with SIGKILL
[2026-02-10T12:33:45+0000][W][337] arch_checkWait():241 Persistent mode: pid=19081 exited with status: SIGNALED, signal: 9 (Killed)
Persistent mode: Launched new persistent pid=19088
Thread 0 (pid=19088) initial speed set at 219 us/exec
[2026-02-10T12:33:51+0000][W][337] subproc_checkTimeLimit():531 pid=19088 took too much time (limit 1 s). Killing it with SIGKILL
[2026-02-10T12:33:51+0000][W][337] arch_checkWait():241 Persistent mode: pid=19088 exited with status: SIGNALED, signal: 9 (Killed)
Persistent mode: Launched new persistent pid=19092
Thread 0 (pid=19092) initial speed set at 245 us/exec
[2026-02-10T12:34:01+0000][W][337] subproc_checkTimeLimit():531 pid=19092 took too much time (limit 1 s). Killing it with SIGKILL
[2026-02-10T12:34:02+0000][W][337] arch_checkWait():241 Persistent mode: pid=19092 exited with status: SIGNALED, signal: 9 (Killed)
Persistent mode: Launched new persistent pid=19099
Thread 0 (pid=19099) initial speed set at 358 us/exec
Sz:589 Tm:170us (i/b/h/e/p/c) New:0/0/0/0/0/1, Cur:0/0/0/245/0/511
[2026-02-10T12:34:10+0000][W][337] subproc_checkTimeLimit():531 pid=19099 took too much time (limit 1 s). Killing it with SIGKILL
[2026-02-10T12:34:10+0000][W][337] arch_checkWait():241 Persistent mode: pid=19099 exited with status: SIGNALED, signal: 9 (Killed)
Persistent mode: Launched new persistent pid=19106
Thread 0 (pid=19106) initial speed set at 187 us/exec
[2026-02-10T12:34:14+0000][W][337] subproc_checkTimeLimit():531 pid=19106 took too much time (limit 1 s). Killing it with SIGKILL
[2026-02-10T12:34:14+0000][W][337] arch_checkWait():241 Persistent mode: pid=19106 exited with status: SIGNALED, signal: 9 (Killed)
Persistent mode: Launched new persistent pid=19110
Thread 0 (pid=19110) initial speed set at 360 us/exec
Sz:799 Tm:183us (i/b/h/e/p/c) New:0/0/0/0/1/0, Cur:0/0/0/392/0/772
[2026-02-10T12:34:20+0000][W][337] subproc_checkTimeLimit():531 pid=19110 took too much time (limit 1 s). Killing it with SIGKILL
[2026-02-10T12:34:20+0000][W][337] arch_checkWait():241 Persistent mode: pid=19110 exited with status: SIGNALED, signal: 9 (Killed)
Persistent mode: Launched new persistent pid=19114
Thread 0 (pid=19114) initial speed set at 378 us/exec
Sz:727 Tm:273us (i/b/h/e/p/c) New:0/0/0/4/0/76, Cur:0/0/0/266/0/498
[2026-02-10T12:35:08+0000][W][337] subproc_checkTimeLimit():531 pid=19114 took too much time (limit 1 s). Killing it with SIGKILL
[2026-02-10T12:35:08+0000][W][337] arch_checkWait():241 Persistent mode: pid=19114 exited with status: SIGNALED, signal: 9 (Killed)
Persistent mode: Launched new persistent pid=19145
Thread 0 (pid=19145) initial speed set at 415 us/exec
[2026-02-10T12:35:18+0000][W][337] subproc_checkTimeLimit():531 pid=19145 took too much time (limit 1 s). Killing it with SIGKILL
[2026-02-10T12:35:18+0000][W][337] arch_checkWait():241 Persistent mode: pid=19145 exited with status: SIGNALED, signal: 9 (Killed)
Persistent mode: Launched new persistent pid=19152
Thread 0 (pid=19152) initial speed set at 321 us/exec
[2026-02-10T12:35:25+0000][W][337] subproc_checkTimeLimit():531 pid=19152 took too much time (limit 1 s). Killing it with SIGKILL
[2026-02-10T12:35:25+0000][W][337] arch_checkWait():241 Persistent mode: pid=19152 exited with status: SIGNALED, signal: 9 (Killed)
Persistent mode: Launched new persistent pid=19156
Thread 0 (pid=19156) initial speed set at 273 us/exec
[2026-02-10T12:35:34+0000][W][337] subproc_checkTimeLimit():531 pid=19156 took too much time (limit 1 s). Killing it with SIGKILL
[2026-02-10T12:35:34+0000][W][337] arch_checkWait():241 Persistent mode: pid=19156 exited with status: SIGNALED, signal: 9 (Killed)
Persistent mode: Launched new persistent pid=19163
Thread 0 (pid=19163) initial speed set at 304 us/exec
[2026-02-10T12:35:45+0000][W][337] subproc_checkTimeLimit():531 pid=19163 took too much time (limit 1 s). Killing it with SIGKILL
[2026-02-10T12:35:45+0000][W][337] arch_checkWait():241 Persistent mode: pid=19163 exited with status: SIGNALED, signal: 9 (Killed)
Persistent mode: Launched new persistent pid=19170
Thread 0 (pid=19170) initial speed set at 461 us/exec
[2026-02-10T12:35:48+0000][W][337] subproc_checkTimeLimit():531 pid=19170 took too much time (limit 1 s). Killing it with SIGKILL
[2026-02-10T12:35:48+0000][W][337] arch_checkWait():241 Persistent mode: pid=19170 exited with status: SIGNALED, signal: 9 (Killed)
Persistent mode: Launched new persistent pid=19174
Thread 0 (pid=19174) initial speed set at 405 us/exec
[2026-02-10T12:36:03+0000][W][337] subproc_checkTimeLimit():531 pid=19174 took too much time (limit 1 s). Killing it with SIGKILL
[2026-02-10T12:36:04+0000][W][337] arch_checkWait():241 Persistent mode: pid=19174 exited with status: SIGNALED, signal: 9 (Killed)
Persistent mode: Launched new persistent pid=19184
Thread 0 (pid=19184) initial speed set at 260 us/exec
[2026-02-10T12:36:15+0000][W][337] subproc_checkTimeLimit():531 pid=19184 took too much time (limit 1 s). Killing it with SIGKILL
[2026-02-10T12:36:15+0000][W][337] arch_checkWait():241 Persistent mode: pid=19184 exited with status: SIGNALED, signal: 9 (Killed)
Persistent mode: Launched new persistent pid=19191
Thread 0 (pid=19191) initial speed set at 153 us/exec
[2026-02-10T12:36:18+0000][W][337] subproc_checkTimeLimit():531 pid=19191 took too much time (limit 1 s). Killing it with SIGKILL
[2026-02-10T12:36:18+0000][W][337] arch_checkWait():241 Persistent mode: pid=19191 exited with status: SIGNALED, signal: 9 (Killed)
Persistent mode: Launched new persistent pid=19195
Thread 0 (pid=19195) initial speed set at 181 us/exec
[2026-02-10T12:36:32+0000][W][337] subproc_checkTimeLimit():531 pid=19195 took too much time (limit 1 s). Killing it with SIGKILL
[2026-02-10T12:36:32+0000][W][337] arch_checkWait():241 Persistent mode: pid=19195 exited with status: SIGNALED, signal: 9 (Killed)
Persistent mode: Launched new persistent pid=19202
Thread 0 (pid=19202) initial speed set at 332 us/exec
[2026-02-10T12:36:39+0000][W][337] subproc_checkTimeLimit():531 pid=19202 took too much time (limit 1 s). Killing it with SIGKILL
[2026-02-10T12:36:39+0000][W][337] arch_checkWait():241 Persistent mode: pid=19202 exited with status: SIGNALED, signal: 9 (Killed)
Persistent mode: Launched new persistent pid=19209
Thread 0 (pid=19209) initial speed set at 467 us/exec
[2026-02-10T12:37:03+0000][W][337] subproc_checkTimeLimit():531 pid=19209 took too much time (limit 1 s). Killing it with SIGKILL
[2026-02-10T12:37:03+0000][W][337] arch_checkWait():241 Persistent mode: pid=19209 exited with status: SIGNALED, signal: 9 (Killed)
Persistent mode: Launched new persistent pid=19225
[2026-02-10T12:37:05+0000][W][337] subproc_checkTimeLimit():531 pid=19225 took too much time (limit 1 s). Killing it with SIGKILL
[2026-02-10T12:37:05+0000][W][337] arch_checkWait():241 Persistent mode: pid=19225 exited with status: SIGNALED, signal: 9 (Killed)
Persistent mode: Launched new persistent pid=19226
Thread 0 (pid=19226) initial speed set at 263 us/exec
[2026-02-10T12:37:08+0000][W][337] subproc_checkTimeLimit():531 pid=19226 took too much time (limit 1 s). Killing it with SIGKILL
[2026-02-10T12:37:08+0000][W][337] arch_checkWait():241 Persistent mode: pid=19226 exited with status: SIGNALED, signal: 9 (Killed)
Persistent mode: Launched new persistent pid=19230
Thread 0 (pid=19230) initial speed set at 433 us/exec
[2026-02-10T12:37:18+0000][W][337] subproc_checkTimeLimit():531 pid=19230 took too much time (limit 1 s). Killing it with SIGKILL
[2026-02-10T12:37:18+0000][W][337] arch_checkWait():241 Persistent mode: pid=19230 exited with status: SIGNALED, signal: 9 (Killed)
Persistent mode: Launched new persistent pid=19237
Thread 0 (pid=19237) initial speed set at 313 us/exec
Sz:1103 Tm:203us (i/b/h/e/p/c) New:0/0/0/0/0/1, Cur:0/0/0/366/0/598
[2026-02-10T12:37:43+0000][W][337] subproc_checkTimeLimit():531 pid=19237 took too much time (limit 1 s). Killing it with SIGKILL
[2026-02-10T12:37:43+0000][W][337] arch_checkWait():241 Persistent mode: pid=19237 exited with status: SIGNALED, signal: 9 (Killed)
Persistent mode: Launched new persistent pid=19250
Thread 0 (pid=19250) initial speed set at 353 us/exec
[2026-02-10T12:37:49+0000][W][337] subproc_checkTimeLimit():531 pid=19250 took too much time (limit 1 s). Killing it with SIGKILL
[2026-02-10T12:37:49+0000][W][337] arch_checkWait():241 Persistent mode: pid=19250 exited with status: SIGNALED, signal: 9 (Killed)
Persistent mode: Launched new persistent pid=19257
Thread 0 (pid=19257) initial speed set at 398 us/exec
[2026-02-10T12:37:55+0000][W][337] subproc_checkTimeLimit():531 pid=19257 took too much time (limit 1 s). Killing it with SIGKILL
[2026-02-10T12:37:55+0000][W][337] arch_checkWait():241 Persistent mode: pid=19257 exited with status: SIGNALED, signal: 9 (Killed)
Persistent mode: Launched new persistent pid=19261
Thread 0 (pid=19261) initial speed set at 289 us/exec
Sz:1005 Tm:2186us (i/b/h/e/p/c) New:0/0/0/0/0/1, Cur:0/0/0/376/0/574
[2026-02-10T12:38:18+0000][W][337] subproc_checkTimeLimit():531 pid=19261 took too much time (limit 1 s). Killing it with SIGKILL
[2026-02-10T12:38:18+0000][W][337] arch_checkWait():241 Persistent mode: pid=19261 exited with status: SIGNALED, signal: 9 (Killed)
Persistent mode: Launched new persistent pid=19277
Thread 0 (pid=19277) initial speed set at 459 us/exec
[2026-02-10T12:38:39+0000][W][337] subproc_checkTimeLimit():531 pid=19277 took too much time (limit 1 s). Killing it with SIGKILL
[2026-02-10T12:38:39+0000][W][337] arch_checkWait():241 Persistent mode: pid=19277 exited with status: SIGNALED, signal: 9 (Killed)
Persistent mode: Launched new persistent pid=19290
Thread 0 (pid=19290) initial speed set at 319 us/exec
[2026-02-10T12:38:50+0000][W][337] subproc_checkTimeLimit():531 pid=19290 took too much time (limit 1 s). Killing it with SIGKILL
[2026-02-10T12:38:50+0000][W][337] arch_checkWait():241 Persistent mode: pid=19290 exited with status: SIGNALED, signal: 9 (Killed)
Persistent mode: Launched new persistent pid=19297
Thread 0 (pid=19297) initial speed set at 242 us/exec
[2026-02-10T12:39:06+0000][W][337] subproc_checkTimeLimit():531 pid=19297 took too much time (limit 1 s). Killing it with SIGKILL
[2026-02-10T12:39:06+0000][W][337] arch_checkWait():241 Persistent mode: pid=19297 exited with status: SIGNALED, signal: 9 (Killed)
Persistent mode: Launched new persistent pid=19307
Thread 0 (pid=19307) initial speed set at 336 us/exec
[2026-02-10T12:39:18+0000][W][337] subproc_checkTimeLimit():531 pid=19307 took too much time (limit 1 s). Killing it with SIGKILL
[2026-02-10T12:39:18+0000][W][337] arch_checkWait():241 Persistent mode: pid=19307 exited with status: SIGNALED, signal: 9 (Killed)
Persistent mode: Launched new persistent pid=19317
Thread 0 (pid=19317) initial speed set at 370 us/exec
[2026-02-10T12:39:34+0000][W][337] subproc_checkTimeLimit():531 pid=19317 took too much time (limit 1 s). Killing it with SIGKILL
[2026-02-10T12:39:34+0000][W][337] arch_checkWait():241 Persistent mode: pid=19317 exited with status: SIGNALED, signal: 9 (Killed)
Persistent mode: Launched new persistent pid=19327
Thread 0 (pid=19327) initial speed set at 263 us/exec
[2026-02-10T12:39:37+0000][W][337] subproc_checkTimeLimit():531 pid=19327 took too much time (limit 1 s). Killing it with SIGKILL
[2026-02-10T12:39:37+0000][W][337] arch_checkWait():241 Persistent mode: pid=19327 exited with status: SIGNALED, signal: 9 (Killed)
Persistent mode: Launched new persistent pid=19328
Thread 0 (pid=19328) initial speed set at 632 us/exec
[2026-02-10T12:40:06+0000][W][337] subproc_checkTimeLimit():531 pid=19328 took too much time (limit 1 s). Killing it with SIGKILL
[2026-02-10T12:40:07+0000][W][337] arch_checkWait():241 Persistent mode: pid=19328 exited with status: SIGNALED, signal: 9 (Killed)
Persistent mode: Launched new persistent pid=19347
Thread 0 (pid=19347) initial speed set at 197 us/exec
[2026-02-10T12:40:28+0000][W][337] subproc_checkTimeLimit():531 pid=19347 took too much time (limit 1 s). Killing it with SIGKILL
[2026-02-10T12:40:28+0000][W][337] arch_checkWait():241 Persistent mode: pid=19347 exited with status: SIGNALED, signal: 9 (Killed)
Persistent mode: Launched new persistent pid=19360
Thread 0 (pid=19360) initial speed set at 395 us/exec
[2026-02-10T12:40:38+0000][W][337] subproc_checkTimeLimit():531 pid=19360 took too much time (limit 1 s). Killing it with SIGKILL
[2026-02-10T12:40:39+0000][W][337] arch_checkWait():241 Persistent mode: pid=19360 exited with status: SIGNALED, signal: 9 (Killed)
Persistent mode: Launched new persistent pid=19370
Thread 0 (pid=19370) initial speed set at 194 us/exec
[2026-02-10T12:40:45+0000][W][337] subproc_checkTimeLimit():531 pid=19370 took too much time (limit 1 s). Killing it with SIGKILL
[2026-02-10T12:40:45+0000][W][337] arch_checkWait():241 Persistent mode: pid=19370 exited with status: SIGNALED, signal: 9 (Killed)
Persistent mode: Launched new persistent pid=19374
Thread 0 (pid=19374) initial speed set at 340 us/exec
[2026-02-10T12:40:56+0000][W][337] subproc_checkTimeLimit():531 pid=19374 took too much time (limit 1 s). Killing it with SIGKILL
[2026-02-10T12:40:56+0000][W][337] arch_checkWait():241 Persistent mode: pid=19374 exited with status: SIGNALED, signal: 9 (Killed)
Persistent mode: Launched new persistent pid=19381
Thread 0 (pid=19381) initial speed set at 346 us/exec
[2026-02-10T12:41:02+0000][W][337] subproc_checkTimeLimit():531 pid=19381 took too much time (limit 1 s). Killing it with SIGKILL
[2026-02-10T12:41:02+0000][W][337] arch_checkWait():241 Persistent mode: pid=19381 exited with status: SIGNALED, signal: 9 (Killed)
Persistent mode: Launched new persistent pid=19385
Thread 0 (pid=19385) initial speed set at 203 us/exec
[2026-02-10T12:41:39+0000][W][337] subproc_checkTimeLimit():531 pid=19385 took too much time (limit 1 s). Killing it with SIGKILL
[2026-02-10T12:41:39+0000][W][337] arch_checkWait():241 Persistent mode: pid=19385 exited with status: SIGNALED, signal: 9 (Killed)
Persistent mode: Launched new persistent pid=19410
Thread 0 (pid=19410) initial speed set at 375 us/exec
[2026-02-10T12:41:58+0000][W][337] subproc_checkTimeLimit():531 pid=19410 took too much time (limit 1 s). Killing it with SIGKILL
[2026-02-10T12:41:58+0000][W][337] arch_checkWait():241 Persistent mode: pid=19410 exited with status: SIGNALED, signal: 9 (Killed)
Persistent mode: Launched new persistent pid=19420
Thread 0 (pid=19420) initial speed set at 484 us/exec
[2026-02-10T12:42:17+0000][W][337] subproc_checkTimeLimit():531 pid=19420 took too much time (limit 1 s). Killing it with SIGKILL
[2026-02-10T12:42:17+0000][W][337] arch_checkWait():241 Persistent mode: pid=19420 exited with status: SIGNALED, signal: 9 (Killed)
Persistent mode: Launched new persistent pid=19433
Thread 0 (pid=19433) initial speed set at 246 us/exec
[2026-02-10T12:42:32+0000][W][337] subproc_checkTimeLimit():531 pid=19433 took too much time (limit 1 s). Killing it with SIGKILL
[2026-02-10T12:42:32+0000][W][337] arch_checkWait():241 Persistent mode: pid=19433 exited with status: SIGNALED, signal: 9 (Killed)
Persistent mode: Launched new persistent pid=19443
Thread 0 (pid=19443) initial speed set at 367 us/exec
[2026-02-10T12:42:39+0000][W][337] subproc_checkTimeLimit():531 pid=19443 took too much time (limit 1 s). Killing it with SIGKILL
[2026-02-10T12:42:39+0000][W][337] arch_checkWait():241 Persistent mode: pid=19443 exited with status: SIGNALED, signal: 9 (Killed)
Persistent mode: Launched new persistent pid=19447
Thread 0 (pid=19447) initial speed set at 495 us/exec
[2026-02-10T12:42:43+0000][W][337] subproc_checkTimeLimit():531 pid=19447 took too much time (limit 1 s). Killing it with SIGKILL
[2026-02-10T12:42:43+0000][W][337] arch_checkWait():241 Persistent mode: pid=19447 exited with status: SIGNALED, signal: 9 (Killed)
Persistent mode: Launched new persistent pid=19451
Thread 0 (pid=19451) initial speed set at 282 us/exec
[2026-02-10T12:42:49+0000][W][337] subproc_checkTimeLimit():531 pid=19451 took too much time (limit 1 s). Killing it with SIGKILL
[2026-02-10T12:42:49+0000][W][337] arch_checkWait():241 Persistent mode: pid=19451 exited with status: SIGNALED, signal: 9 (Killed)
Persistent mode: Launched new persistent pid=19458
Thread 0 (pid=19458) initial speed set at 398 us/exec
[2026-02-10T12:42:53+0000][W][337] subproc_checkTimeLimit():531 pid=19458 took too much time (limit 1 s). Killing it with SIGKILL
[2026-02-10T12:42:53+0000][W][337] arch_checkWait():241 Persistent mode: pid=19458 exited with status: SIGNALED, signal: 9 (Killed)
Persistent mode: Launched new persistent pid=19459
Thread 0 (pid=19459) initial speed set at 335 us/exec
[2026-02-10T12:43:10+0000][W][337] subproc_checkTimeLimit():531 pid=19459 took too much time (limit 1 s). Killing it with SIGKILL
[2026-02-10T12:43:10+0000][W][337] arch_checkWait():241 Persistent mode: pid=19459 exited with status: SIGNALED, signal: 9 (Killed)
Persistent mode: Launched new persistent pid=19472
Sz:1330 Tm:419259us (i/b/h/e/p/c) New:0/0/0/0/0/2, Cur:0/0/0/397/0/998
Thread 0 (pid=19472) initial speed set at 479 us/exec
[2026-02-10T12:44:08+0000][W][337] subproc_checkTimeLimit():531 pid=19472 took too much time (limit 1 s). Killing it with SIGKILL
[2026-02-10T12:44:08+0000][W][337] arch_checkWait():241 Persistent mode: pid=19472 exited with status: SIGNALED, signal: 9 (Killed)
Persistent mode: Launched new persistent pid=19506
Thread 0 (pid=19506) initial speed set at 325 us/exec
[2026-02-10T12:44:16+0000][W][337] subproc_checkTimeLimit():531 pid=19506 took too much time (limit 1 s). Killing it with SIGKILL
[2026-02-10T12:44:16+0000][W][337] arch_checkWait():241 Persistent mode: pid=19506 exited with status: SIGNALED, signal: 9 (Killed)
Persistent mode: Launched new persistent pid=19513
Thread 0 (pid=19513) initial speed set at 245 us/exec
Sz:442 Tm:188us (i/b/h/e/p/c) New:0/0/0/1/0/1, Cur:0/0/0/268/0/625
[2026-02-10T12:44:32+0000][W][337] subproc_checkTimeLimit():531 pid=19513 took too much time (limit 1 s). Killing it with SIGKILL
[2026-02-10T12:44:32+0000][W][337] arch_checkWait():241 Persistent mode: pid=19513 exited with status: SIGNALED, signal: 9 (Killed)
Persistent mode: Launched new persistent pid=19523
Thread 0 (pid=19523) initial speed set at 352 us/exec
Sz:1367 Tm:331us (i/b/h/e/p/c) New:0/0/0/0/0/1, Cur:0/0/0/380/0/761
[2026-02-10T12:44:58+0000][W][337] subproc_checkTimeLimit():531 pid=19523 took too much time (limit 1 s). Killing it with SIGKILL
[2026-02-10T12:44:58+0000][W][337] arch_checkWait():241 Persistent mode: pid=19523 exited with status: SIGNALED, signal: 9 (Killed)
Persistent mode: Launched new persistent pid=19539
Thread 0 (pid=19539) initial speed set at 355 us/exec
[2026-02-10T12:45:08+0000][W][337] subproc_checkTimeLimit():531 pid=19539 took too much time (limit 1 s). Killing it with SIGKILL
[2026-02-10T12:45:08+0000][W][337] arch_checkWait():241 Persistent mode: pid=19539 exited with status: SIGNALED, signal: 9 (Killed)
Persistent mode: Launched new persistent pid=19546
Thread 0 (pid=19546) initial speed set at 356 us/exec
Sz:518 Tm:167us (i/b/h/e/p/c) New:0/0/0/1/0/1, Cur:0/0/0/269/0/382
[2026-02-10T12:45:28+0000][W][337] subproc_checkTimeLimit():531 pid=19546 took too much time (limit 1 s). Killing it with SIGKILL
[2026-02-10T12:45:28+0000][W][337] arch_checkWait():241 Persistent mode: pid=19546 exited with status: SIGNALED, signal: 9 (Killed)
Persistent mode: Launched new persistent pid=19559
Thread 0 (pid=19559) initial speed set at 313 us/exec
[2026-02-10T12:45:47+0000][W][337] subproc_checkTimeLimit():531 pid=19559 took too much time (limit 1 s). Killing it with SIGKILL
[2026-02-10T12:45:47+0000][W][337] arch_checkWait():241 Persistent mode: pid=19559 exited with status: SIGNALED, signal: 9 (Killed)
Persistent mode: Launched new persistent pid=19572
Thread 0 (pid=19572) initial speed set at 287 us/exec
[2026-02-10T12:45:55+0000][W][337] subproc_checkTimeLimit():531 pid=19572 took too much time (limit 1 s). Killing it with SIGKILL
[2026-02-10T12:45:55+0000][W][337] arch_checkWait():241 Persistent mode: pid=19572 exited with status: SIGNALED, signal: 9 (Killed)
Persistent mode: Launched new persistent pid=19579
Thread 0 (pid=19579) initial speed set at 329 us/exec
Sz:1167 Tm:7767us (i/b/h/e/p/c) New:0/0/0/0/0/4, Cur:0/0/0/409/0/3196
Sz:3773 Tm:11218us (i/b/h/e/p/c) New:0/0/0/0/0/1, Cur:0/0/0/378/0/623
[2026-02-10T12:46:09+0000][W][337] subproc_checkTimeLimit():531 pid=19579 took too much time (limit 1 s). Killing it with SIGKILL
[2026-02-10T12:46:09+0000][W][337] arch_checkWait():241 Persistent mode: pid=19579 exited with status: SIGNALED, signal: 9 (Killed)
Persistent mode: Launched new persistent pid=19586
[2026-02-10T12:46:11+0000][W][337] subproc_checkTimeLimit():531 pid=19586 took too much time (limit 1 s). Killing it with SIGKILL
[2026-02-10T12:46:11+0000][W][337] arch_checkWait():241 Persistent mode: pid=19586 exited with status: SIGNALED, signal: 9 (Killed)
Persistent mode: Launched new persistent pid=19590
Thread 0 (pid=19590) initial speed set at 368 us/exec
[2026-02-10T12:46:37+0000][W][337] subproc_checkTimeLimit():531 pid=19590 took too much time (limit 1 s). Killing it with SIGKILL
[2026-02-10T12:46:37+0000][W][337] arch_checkWait():241 Persistent mode: pid=19590 exited with status: SIGNALED, signal: 9 (Killed)
Persistent mode: Launched new persistent pid=19606
[2026-02-10T12:46:38+0000][W][337] subproc_checkTimeLimit():531 pid=19606 took too much time (limit 1 s). Killing it with SIGKILL
[2026-02-10T12:46:38+0000][W][337] arch_checkWait():241 Persistent mode: pid=19606 exited with status: SIGNALED, signal: 9 (Killed)
Persistent mode: Launched new persistent pid=19607
Thread 0 (pid=19607) initial speed set at 259 us/exec
[2026-02-10T12:47:02+0000][W][337] subproc_checkTimeLimit():531 pid=19607 took too much time (limit 1 s). Killing it with SIGKILL
[2026-02-10T12:47:02+0000][W][337] arch_checkWait():241 Persistent mode: pid=19607 exited with status: SIGNALED, signal: 9 (Killed)
Persistent mode: Launched new persistent pid=19623
[2026-02-10T12:47:04+0000][W][337] subproc_checkTimeLimit():531 pid=19623 took too much time (limit 1 s). Killing it with SIGKILL
[2026-02-10T12:47:05+0000][W][337] arch_checkWait():241 Persistent mode: pid=19623 exited with status: SIGNALED, signal: 9 (Killed)
Persistent mode: Launched new persistent pid=19627
Thread 0 (pid=19627) initial speed set at 218 us/exec
[2026-02-10T12:47:09+0000][W][337] subproc_checkTimeLimit():531 pid=19627 took too much time (limit 1 s). Killing it with SIGKILL
[2026-02-10T12:47:09+0000][W][337] arch_checkWait():241 Persistent mode: pid=19627 exited with status: SIGNALED, signal: 9 (Killed)
Persistent mode: Launched new persistent pid=19628
Thread 0 (pid=19628) initial speed set at 447 us/exec
[2026-02-10T12:47:22+0000][W][337] subproc_checkTimeLimit():531 pid=19628 took too much time (limit 1 s). Killing it with SIGKILL
[2026-02-10T12:47:22+0000][W][337] arch_checkWait():241 Persistent mode: pid=19628 exited with status: SIGNALED, signal: 9 (Killed)
Persistent mode: Launched new persistent pid=19638
Thread 0 (pid=19638) initial speed set at 222 us/exec
[2026-02-10T12:47:26+0000][W][337] subproc_checkTimeLimit():531 pid=19638 took too much time (limit 1 s). Killing it with SIGKILL
[2026-02-10T12:47:26+0000][W][337] arch_checkWait():241 Persistent mode: pid=19638 exited with status: SIGNALED, signal: 9 (Killed)
Persistent mode: Launched new persistent pid=19642
Thread 0 (pid=19642) initial speed set at 201 us/exec
[2026-02-10T12:47:40+0000][W][337] subproc_checkTimeLimit():531 pid=19642 took too much time (limit 1 s). Killing it with SIGKILL
[2026-02-10T12:47:40+0000][W][337] arch_checkWait():241 Persistent mode: pid=19642 exited with status: SIGNALED, signal: 9 (Killed)
Persistent mode: Launched new persistent pid=19652
Thread 0 (pid=19652) initial speed set at 485 us/exec
[2026-02-10T12:47:46+0000][W][337] subproc_checkTimeLimit():531 pid=19652 took too much time (limit 1 s). Killing it with SIGKILL
[2026-02-10T12:47:46+0000][W][337] arch_checkWait():241 Persistent mode: pid=19652 exited with status: SIGNALED, signal: 9 (Killed)
Persistent mode: Launched new persistent pid=19656
Sz:12504 Tm:17180us (i/b/h/e/p/c) New:0/0/0/0/0/1, Cur:0/0/0/416/0/2041
Thread 0 (pid=19656) initial speed set at 316 us/exec
[2026-02-10T12:48:41+0000][W][337] subproc_checkTimeLimit():531 pid=19656 took too much time (limit 1 s). Killing it with SIGKILL
[2026-02-10T12:48:41+0000][W][337] arch_checkWait():241 Persistent mode: pid=19656 exited with status: SIGNALED, signal: 9 (Killed)
Persistent mode: Launched new persistent pid=19690
Thread 0 (pid=19690) initial speed set at 394 us/exec
[2026-02-10T12:48:45+0000][W][337] subproc_checkTimeLimit():531 pid=19690 took too much time (limit 1 s). Killing it with SIGKILL
[2026-02-10T12:48:45+0000][W][337] arch_checkWait():241 Persistent mode: pid=19690 exited with status: SIGNALED, signal: 9 (Killed)
Persistent mode: Launched new persistent pid=19691
Thread 0 (pid=19691) initial speed set at 268 us/exec
[2026-02-10T12:48:54+0000][W][337] subproc_checkTimeLimit():531 pid=19691 took too much time (limit 1 s). Killing it with SIGKILL
[2026-02-10T12:48:54+0000][W][337] arch_checkWait():241 Persistent mode: pid=19691 exited with status: SIGNALED, signal: 9 (Killed)
Persistent mode: Launched new persistent pid=19698
Thread 0 (pid=19698) initial speed set at 530 us/exec
[2026-02-10T12:49:24+0000][W][337] subproc_checkTimeLimit():531 pid=19698 took too much time (limit 1 s). Killing it with SIGKILL
[2026-02-10T12:49:24+0000][W][337] arch_checkWait():241 Persistent mode: pid=19698 exited with status: SIGNALED, signal: 9 (Killed)
Persistent mode: Launched new persistent pid=19717
Thread 0 (pid=19717) initial speed set at 534 us/exec
[2026-02-10T12:49:49+0000][W][337] subproc_checkTimeLimit():531 pid=19717 took too much time (limit 1 s). Killing it with SIGKILL
[2026-02-10T12:49:50+0000][W][337] arch_checkWait():241 Persistent mode: pid=19717 exited with status: SIGNALED, signal: 9 (Killed)
Persistent mode: Launched new persistent pid=19733
Thread 0 (pid=19733) initial speed set at 257 us/exec
[2026-02-10T12:50:18+0000][W][337] subproc_checkTimeLimit():531 pid=19733 took too much time (limit 1 s). Killing it with SIGKILL
[2026-02-10T12:50:18+0000][W][337] arch_checkWait():241 Persistent mode: pid=19733 exited with status: SIGNALED, signal: 9 (Killed)
Persistent mode: Launched new persistent pid=19752
Thread 0 (pid=19752) initial speed set at 166 us/exec
Sz:780 Tm:12597us (i/b/h/e/p/c) New:0/0/0/0/0/4, Cur:0/0/0/174/0/264
[2026-02-10T12:50:54+0000][W][337] subproc_checkTimeLimit():531 pid=19752 took too much time (limit 1 s). Killing it with SIGKILL
[2026-02-10T12:50:54+0000][W][337] arch_checkWait():241 Persistent mode: pid=19752 exited with status: SIGNALED, signal: 9 (Killed)
Persistent mode: Launched new persistent pid=19774
Thread 0 (pid=19774) initial speed set at 360 us/exec
[2026-02-10T12:51:00+0000][W][337] subproc_checkTimeLimit():531 pid=19774 took too much time (limit 1 s). Killing it with SIGKILL
[2026-02-10T12:51:00+0000][W][337] arch_checkWait():241 Persistent mode: pid=19774 exited with status: SIGNALED, signal: 9 (Killed)
Persistent mode: Launched new persistent pid=19778
Thread 0 (pid=19778) initial speed set at 393 us/exec
[2026-02-10T12:51:06+0000][W][337] subproc_checkTimeLimit():531 pid=19778 took too much time (limit 1 s). Killing it with SIGKILL
[2026-02-10T12:51:06+0000][W][337] arch_checkWait():241 Persistent mode: pid=19778 exited with status: SIGNALED, signal: 9 (Killed)
Persistent mode: Launched new persistent pid=19785
Thread 0 (pid=19785) initial speed set at 240 us/exec
[2026-02-10T12:51:20+0000][W][337] subproc_checkTimeLimit():531 pid=19785 took too much time (limit 1 s). Killing it with SIGKILL
[2026-02-10T12:51:21+0000][W][337] arch_checkWait():241 Persistent mode: pid=19785 exited with status: SIGNALED, signal: 9 (Killed)
Persistent mode: Launched new persistent pid=19795
Thread 0 (pid=19795) initial speed set at 334 us/exec
[2026-02-10T12:51:24+0000][W][337] subproc_checkTimeLimit():531 pid=19795 took too much time (limit 1 s). Killing it with SIGKILL
[2026-02-10T12:51:24+0000][W][337] arch_checkWait():241 Persistent mode: pid=19795 exited with status: SIGNALED, signal: 9 (Killed)
Persistent mode: Launched new persistent pid=19796
Thread 0 (pid=19796) initial speed set at 252 us/exec
[2026-02-10T12:51:28+0000][W][337] subproc_checkTimeLimit():531 pid=19796 took too much time (limit 1 s). Killing it with SIGKILL
[2026-02-10T12:51:28+0000][W][337] arch_checkWait():241 Persistent mode: pid=19796 exited with status: SIGNALED, signal: 9 (Killed)
Persistent mode: Launched new persistent pid=19800
Thread 0 (pid=19800) initial speed set at 531 us/exec
Sz:633 Tm:8968us (i/b/h/e/p/c) New:0/0/0/0/0/1, Cur:0/0/0/172/0/1635
[2026-02-10T12:51:40+0000][W][337] subproc_checkTimeLimit():531 pid=19800 took too much time (limit 1 s). Killing it with SIGKILL
[2026-02-10T12:51:40+0000][W][337] arch_checkWait():241 Persistent mode: pid=19800 exited with status: SIGNALED, signal: 9 (Killed)
Persistent mode: Launched new persistent pid=19807
[2026-02-10T12:51:41+0000][W][337] subproc_checkTimeLimit():531 pid=19807 took too much time (limit 1 s). Killing it with SIGKILL
[2026-02-10T12:51:41+0000][W][337] arch_checkWait():241 Persistent mode: pid=19807 exited with status: SIGNALED, signal: 9 (Killed)
Persistent mode: Launched new persistent pid=19811
Thread 0 (pid=19811) initial speed set at 235 us/exec
[2026-02-10T12:51:53+0000][W][337] subproc_checkTimeLimit():531 pid=19811 took too much time (limit 1 s). Killing it with SIGKILL
[2026-02-10T12:51:53+0000][W][337] arch_checkWait():241 Persistent mode: pid=19811 exited with status: SIGNALED, signal: 9 (Killed)
Persistent mode: Launched new persistent pid=19818
Thread 0 (pid=19818) initial speed set at 428 us/exec
[2026-02-10T12:52:13+0000][W][337] subproc_checkTimeLimit():531 pid=19818 took too much time (limit 1 s). Killing it with SIGKILL
[2026-02-10T12:52:14+0000][W][337] arch_checkWait():241 Persistent mode: pid=19818 exited with status: SIGNALED, signal: 9 (Killed)
Persistent mode: Launched new persistent pid=19831
Thread 0 (pid=19831) initial speed set at 519 us/exec
[2026-02-10T12:52:33+0000][W][337] subproc_checkTimeLimit():531 pid=19831 took too much time (limit 1 s). Killing it with SIGKILL
[2026-02-10T12:52:34+0000][W][337] arch_checkWait():241 Persistent mode: pid=19831 exited with status: SIGNALED, signal: 9 (Killed)
Persistent mode: Launched new persistent pid=19844
Thread 0 (pid=19844) initial speed set at 389 us/exec
[2026-02-10T12:52:39+0000][W][337] subproc_checkTimeLimit():531 pid=19844 took too much time (limit 1 s). Killing it with SIGKILL
[2026-02-10T12:52:40+0000][W][337] arch_checkWait():241 Persistent mode: pid=19844 exited with status: SIGNALED, signal: 9 (Killed)
Persistent mode: Launched new persistent pid=19848
Thread 0 (pid=19848) initial speed set at 362 us/exec
[2026-02-10T12:52:47+0000][W][337] subproc_checkTimeLimit():531 pid=19848 took too much time (limit 1 s). Killing it with SIGKILL
[2026-02-10T12:52:47+0000][W][337] arch_checkWait():241 Persistent mode: pid=19848 exited with status: SIGNALED, signal: 9 (Killed)
Persistent mode: Launched new persistent pid=19855
Thread 0 (pid=19855) initial speed set at 178 us/exec
[2026-02-10T12:52:51+0000][W][337] subproc_checkTimeLimit():531 pid=19855 took too much time (limit 1 s). Killing it with SIGKILL
[2026-02-10T12:52:51+0000][W][337] arch_checkWait():241 Persistent mode: pid=19855 exited with status: SIGNALED, signal: 9 (Killed)
Persistent mode: Launched new persistent pid=19856
[2026-02-10T12:52:52+0000][W][337] subproc_checkTimeLimit():531 pid=19856 took too much time (limit 1 s). Killing it with SIGKILL
[2026-02-10T12:52:52+0000][W][337] arch_checkWait():241 Persistent mode: pid=19856 exited with status: SIGNALED, signal: 9 (Killed)
Persistent mode: Launched new persistent pid=19860
[2026-02-10T12:52:53+0000][W][337] subproc_checkTimeLimit():531 pid=19860 took too much time (limit 1 s). Killing it with SIGKILL
[2026-02-10T12:52:54+0000][W][337] arch_checkWait():241 Persistent mode: pid=19860 exited with status: SIGNALED, signal: 9 (Killed)
Persistent mode: Launched new persistent pid=19861
Thread 0 (pid=19861) initial speed set at 386 us/exec
[2026-02-10T12:52:59+0000][W][337] subproc_checkTimeLimit():531 pid=19861 took too much time (limit 1 s). Killing it with SIGKILL
[2026-02-10T12:52:59+0000][W][337] arch_checkWait():241 Persistent mode: pid=19861 exited with status: SIGNALED, signal: 9 (Killed)
Persistent mode: Launched new persistent pid=19865
Thread 0 (pid=19865) initial speed set at 184 us/exec
[2026-02-10T12:53:06+0000][W][337] subproc_checkTimeLimit():531 pid=19865 took too much time (limit 1 s). Killing it with SIGKILL
[2026-02-10T12:53:06+0000][W][337] arch_checkWait():241 Persistent mode: pid=19865 exited with status: SIGNALED, signal: 9 (Killed)
Persistent mode: Launched new persistent pid=19869
Thread 0 (pid=19869) initial speed set at 407 us/exec
Sz:518 Tm:357us (i/b/h/e/p/c) New:0/0/0/1/0/1, Cur:0/0/0/275/0/379
[2026-02-10T12:53:52+0000][W][337] subproc_checkTimeLimit():531 pid=19869 took too much time (limit 1 s). Killing it with SIGKILL
[2026-02-10T12:53:52+0000][W][337] arch_checkWait():241 Persistent mode: pid=19869 exited with status: SIGNALED, signal: 9 (Killed)
Persistent mode: Launched new persistent pid=19900
Thread 0 (pid=19900) initial speed set at 703 us/exec
Sz:476 Tm:183us (i/b/h/e/p/c) New:0/0/0/2/0/39, Cur:0/0/0/278/0/567
[2026-02-10T12:54:17+0000][W][337] subproc_checkTimeLimit():531 pid=19900 took too much time (limit 1 s). Killing it with SIGKILL
[2026-02-10T12:54:17+0000][W][337] arch_checkWait():241 Persistent mode: pid=19900 exited with status: SIGNALED, signal: 9 (Killed)
Persistent mode: Launched new persistent pid=19916
Thread 0 (pid=19916) initial speed set at 404 us/exec
[2026-02-10T12:54:28+0000][W][337] subproc_checkTimeLimit():531 pid=19916 took too much time (limit 1 s). Killing it with SIGKILL
[2026-02-10T12:54:28+0000][W][337] arch_checkWait():241 Persistent mode: pid=19916 exited with status: SIGNALED, signal: 9 (Killed)
Persistent mode: Launched new persistent pid=19923
[2026-02-10T12:54:30+0000][W][337] subproc_checkTimeLimit():531 pid=19923 took too much time (limit 1 s). Killing it with SIGKILL
[2026-02-10T12:54:30+0000][W][337] arch_checkWait():241 Persistent mode: pid=19923 exited with status: SIGNALED, signal: 9 (Killed)
Persistent mode: Launched new persistent pid=19924
Thread 0 (pid=19924) initial speed set at 585 us/exec
[2026-02-10T12:54:49+0000][W][337] subproc_checkTimeLimit():531 pid=19924 took too much time (limit 1 s). Killing it with SIGKILL
[2026-02-10T12:54:49+0000][W][337] arch_checkWait():241 Persistent mode: pid=19924 exited with status: SIGNALED, signal: 9 (Killed)
Persistent mode: Launched new persistent pid=19937
Thread 0 (pid=19937) initial speed set at 276 us/exec
[2026-02-10T12:54:52+0000][W][337] subproc_checkTimeLimit():531 pid=19937 took too much time (limit 1 s). Killing it with SIGKILL
[2026-02-10T12:54:52+0000][W][337] arch_checkWait():241 Persistent mode: pid=19937 exited with status: SIGNALED, signal: 9 (Killed)
Persistent mode: Launched new persistent pid=19941
[2026-02-10T12:54:54+0000][W][337] subproc_checkTimeLimit():531 pid=19941 took too much time (limit 1 s). Killing it with SIGKILL
[2026-02-10T12:54:55+0000][W][337] arch_checkWait():241 Persistent mode: pid=19941 exited with status: SIGNALED, signal: 9 (Killed)
Persistent mode: Launched new persistent pid=19942
Thread 0 (pid=19942) initial speed set at 258 us/exec
[2026-02-10T12:54:58+0000][W][337] subproc_checkTimeLimit():531 pid=19942 took too much time (limit 1 s). Killing it with SIGKILL
[2026-02-10T12:54:58+0000][W][337] arch_checkWait():241 Persistent mode: pid=19942 exited with status: SIGNALED, signal: 9 (Killed)
Persistent mode: Launched new persistent pid=19946
Thread 0 (pid=19946) initial speed set at 192 us/exec
[2026-02-10T12:55:05+0000][W][337] subproc_checkTimeLimit():531 pid=19946 took too much time (limit 1 s). Killing it with SIGKILL
[2026-02-10T12:55:05+0000][W][337] arch_checkWait():241 Persistent mode: pid=19946 exited with status: SIGNALED, signal: 9 (Killed)
Persistent mode: Launched new persistent pid=19950
Thread 0 (pid=19950) initial speed set at 390 us/exec
Sz:469 Tm:167us (i/b/h/e/p/c) New:0/0/0/1/0/32, Cur:0/0/0/241/0/378
[2026-02-10T12:55:18+0000][W][337] subproc_checkTimeLimit():531 pid=19950 took too much time (limit 1 s). Killing it with SIGKILL
[2026-02-10T12:55:18+0000][W][337] arch_checkWait():241 Persistent mode: pid=19950 exited with status: SIGNALED, signal: 9 (Killed)
Persistent mode: Launched new persistent pid=19960
Thread 0 (pid=19960) initial speed set at 438 us/exec
Sz:651 Tm:21981us (i/b/h/e/p/c) New:0/0/0/0/0/2, Cur:0/0/0/176/0/267
[2026-02-10T12:55:29+0000][W][337] subproc_checkTimeLimit():531 pid=19960 took too much time (limit 1 s). Killing it with SIGKILL
[2026-02-10T12:55:29+0000][W][337] arch_checkWait():241 Persistent mode: pid=19960 exited with status: SIGNALED, signal: 9 (Killed)
Persistent mode: Launched new persistent pid=19967
Thread 0 (pid=19967) initial speed set at 450 us/exec
Sz:481 Tm:223us (i/b/h/e/p/c) New:0/0/0/0/0/1, Cur:0/0/0/380/0/542
[2026-02-10T12:55:49+0000][W][337] subproc_checkTimeLimit():531 pid=19967 took too much time (limit 1 s). Killing it with SIGKILL
[2026-02-10T12:55:49+0000][W][337] arch_checkWait():241 Persistent mode: pid=19967 exited with status: SIGNALED, signal: 9 (Killed)
Persistent mode: Launched new persistent pid=19980
Thread 0 (pid=19980) initial speed set at 435 us/exec
[2026-02-10T12:55:57+0000][W][337] subproc_checkTimeLimit():531 pid=19980 took too much time (limit 1 s). Killing it with SIGKILL
[2026-02-10T12:55:57+0000][W][337] arch_checkWait():241 Persistent mode: pid=19980 exited with status: SIGNALED, signal: 9 (Killed)
Persistent mode: Launched new persistent pid=19987
Thread 0 (pid=19987) initial speed set at 291 us/exec
[2026-02-10T12:56:01+0000][W][337] subproc_checkTimeLimit():531 pid=19987 took too much time (limit 1 s). Killing it with SIGKILL
[2026-02-10T12:56:01+0000][W][337] arch_checkWait():241 Persistent mode: pid=19987 exited with status: SIGNALED, signal: 9 (Killed)
Persistent mode: Launched new persistent pid=19988
Thread 0 (pid=19988) initial speed set at 319 us/exec
Sz:659 Tm:8818us (i/b/h/e/p/c) New:0/0/0/0/0/1, Cur:0/0/0/209/0/263
[2026-02-10T12:56:23+0000][W][337] subproc_checkTimeLimit():531 pid=19988 took too much time (limit 1 s). Killing it with SIGKILL
[2026-02-10T12:56:23+0000][W][337] arch_checkWait():241 Persistent mode: pid=19988 exited with status: SIGNALED, signal: 9 (Killed)
Persistent mode: Launched new persistent pid=20004
Thread 0 (pid=20004) initial speed set at 329 us/exec
[2026-02-10T12:56:26+0000][W][337] subproc_checkTimeLimit():531 pid=20004 took too much time (limit 1 s). Killing it with SIGKILL
[2026-02-10T12:56:26+0000][W][337] arch_checkWait():241 Persistent mode: pid=20004 exited with status: SIGNALED, signal: 9 (Killed)
Persistent mode: Launched new persistent pid=20005
[2026-02-10T12:56:29+0000][W][337] subproc_checkTimeLimit():531 pid=20005 took too much time (limit 1 s). Killing it with SIGKILL
[2026-02-10T12:56:30+0000][W][337] arch_checkWait():241 Persistent mode: pid=20005 exited with status: SIGNALED, signal: 9 (Killed)
Persistent mode: Launched new persistent pid=20009
Thread 0 (pid=20009) initial speed set at 374 us/exec
[2026-02-10T12:56:40+0000][W][337] subproc_checkTimeLimit():531 pid=20009 took too much time (limit 1 s). Killing it with SIGKILL
[2026-02-10T12:56:40+0000][W][337] arch_checkWait():241 Persistent mode: pid=20009 exited with status: SIGNALED, signal: 9 (Killed)
Persistent mode: Launched new persistent pid=20016
[2026-02-10T12:56:42+0000][W][337] subproc_checkTimeLimit():531 pid=20016 took too much time (limit 1 s). Killing it with SIGKILL
[2026-02-10T12:56:42+0000][W][337] arch_checkWait():241 Persistent mode: pid=20016 exited with status: SIGNALED, signal: 9 (Killed)
Persistent mode: Launched new persistent pid=20020
Thread 0 (pid=20020) initial speed set at 307 us/exec
Sz:1804 Tm:76250us (i/b/h/e/p/c) New:0/0/0/0/0/1, Cur:0/0/0/388/0/1485
[2026-02-10T12:56:57+0000][W][337] subproc_checkTimeLimit():531 pid=20020 took too much time (limit 1 s). Killing it with SIGKILL
[2026-02-10T12:56:57+0000][W][337] arch_checkWait():241 Persistent mode: pid=20020 exited with status: SIGNALED, signal: 9 (Killed)
Persistent mode: Launched new persistent pid=20030
Thread 0 (pid=20030) initial speed set at 277 us/exec
[2026-02-10T12:57:18+0000][W][337] subproc_checkTimeLimit():531 pid=20030 took too much time (limit 1 s). Killing it with SIGKILL
[2026-02-10T12:57:18+0000][W][337] arch_checkWait():241 Persistent mode: pid=20030 exited with status: SIGNALED, signal: 9 (Killed)
Persistent mode: Launched new persistent pid=20043
Thread 0 (pid=20043) initial speed set at 392 us/exec
[2026-02-10T12:57:35+0000][W][337] subproc_checkTimeLimit():531 pid=20043 took too much time (limit 1 s). Killing it with SIGKILL
[2026-02-10T12:57:35+0000][W][337] arch_checkWait():241 Persistent mode: pid=20043 exited with status: SIGNALED, signal: 9 (Killed)
Persistent mode: Launched new persistent pid=20053
Thread 0 (pid=20053) initial speed set at 255 us/exec
Signal 15 (Terminated) received, terminating
Terminating thread no. #0, left: 0
Summary iterations:66669178 time:50169 speed:1328 crashes_count:0 timeout_count:2526 new_units_added:3504 slowest_unit_ms:16906926 guard_nb:9705 branch_coverage_percent:33 peak_rss_mb:991
[r[500B
Campaign terminated at 2026-02-10 12:57
