[2026-02-10 07:58] Container for honggfuzz/php/exif started in aa9f42e3aec9
/magma/targets/php/corpus/exif/bug34704.jpg: exit_code 137
/magma/targets/php/corpus/exif/bug77563.jpg: exit_code 0 bug PHP009
/magma/targets/php/corpus/exif/bug77753.tiff: exit_code 0 bug PHP004
/magma/targets/php/corpus/exif/bug77950.tiff: exit_code 0 bug PHP011
Campaign launched at 2026-02-10 12:58
Persistent signature found in '/magma_out/exif'. Enabling persistent fuzzing mode
Start time:'2026-02-10.12.58.09' bin:'/magma_out/exif', input:'/magma/targets/php/corpus/exif', output:'/magma_shared/output', persistent:true, stdin:true, mutation_rate:5, timeout:1, max_runs:0, threads:1, minimize:false, git_commit:9f448ea9e8b59960970572e24ba4444b9a4b2fe8
[2J[500BEntering phase 1/3: Dry Run
Launched new fuzzing thread, no. #0
Persistent mode: Launched new persistent pid=873
Sz:4 Tm:69171us (i/b/h/e/p/c) New:0/0/0/719/43/18792, Cur:0/0/0/835/0/1510
Sz:8 Tm:538us (i/b/h/e/p/c) New:0/0/0/38/1/1758, Cur:0/0/0/866/0/1279
Sz:16 Tm:212us (i/b/h/e/p/c) New:0/0/0/0/0/4, Cur:0/0/0/865/0/1179
Sz:32 Tm:143us (i/b/h/e/p/c) New:0/0/0/5/0/575, Cur:0/0/0/870/0/1266
Sz:64 Tm:140us (i/b/h/e/p/c) New:0/0/0/0/0/2, Cur:0/0/0/870/0/1268
Sz:512 Tm:118us (i/b/h/e/p/c) New:0/0/0/0/0/1, Cur:0/0/0/870/0/1270
Sz:1024 Tm:114us (i/b/h/e/p/c) New:0/0/0/0/0/1, Cur:0/0/0/870/0/1271
Sz:8192 Tm:162us (i/b/h/e/p/c) New:0/0/0/0/0/2, Cur:0/0/0/867/0/1273
Sz:9976 Tm:482us (i/b/h/e/p/c) New:0/0/0/136/0/5419, Cur:0/0/0/907/0/4502
Sz:4 Tm:177us (i/b/h/e/p/c) New:0/0/0/1/0/27, Cur:0/0/0/824/0/869
Sz:140 Tm:178us (i/b/h/e/p/c) New:0/0/0/8/0/177, Cur:0/0/0/864/0/1145
Sz:4 Tm:209us (i/b/h/e/p/c) New:0/0/0/2/0/62, Cur:0/0/0/733/0/494
Sz:8 Tm:192us (i/b/h/e/p/c) New:0/0/0/9/0/653, Cur:0/0/0/848/0/889
Sz:16 Tm:156us (i/b/h/e/p/c) New:0/0/0/1/0/73, Cur:0/0/0/865/0/914
Sz:32 Tm:259us (i/b/h/e/p/c) New:0/0/0/17/0/1258, Cur:0/0/0/974/0/3060
Sz:48 Tm:374us (i/b/h/e/p/c) New:0/0/0/38/0/1165, Cur:0/0/0/1016/0/4092
Sz:32 Tm:147us (i/b/h/e/p/c) New:0/0/0/0/0/1, Cur:0/0/0/863/0/1025
Sz:64 Tm:175us (i/b/h/e/p/c) New:0/0/0/12/0/765, Cur:0/0/0/889/0/1297
Sz:128 Tm:174us (i/b/h/e/p/c) New:0/0/0/0/0/11, Cur:0/0/0/890/0/1442
Sz:1024 Tm:1155us (i/b/h/e/p/c) New:0/0/0/43/0/2581, Cur:0/0/0/971/0/2310
Sz:1240 Tm:1138us (i/b/h/e/p/c) New:0/0/0/36/0/1069, Cur:0/0/0/994/0/7437
Sz:256 Tm:129us (i/b/h/e/p/c) New:0/0/0/6/0/724, Cur:0/0/0/845/0/1030
Sz:512 Tm:206us (i/b/h/e/p/c) New:0/0/0/18/0/649, Cur:0/0/0/917/0/2243
Sz:1984 Tm:2734us (i/b/h/e/p/c) New:0/0/0/50/0/1415, Cur:0/0/0/991/0/8840
Sz:1024 Tm:177us (i/b/h/e/p/c) New:0/0/0/1/0/1, Cur:0/0/0/916/0/1939
Sz:1240 Tm:336us (i/b/h/e/p/c) New:0/0/0/0/0/1, Cur:0/0/0/918/0/2792
Sz:8 Tm:115us (i/b/h/e/p/c) New:0/0/0/1/0/0, Cur:0/0/0/767/0/499
Sz:2048 Tm:230us (i/b/h/e/p/c) New:0/0/0/10/0/610, Cur:0/0/0/894/0/1249
Sz:3711 Tm:572us (i/b/h/e/p/c) New:0/0/0/70/0/2107, Cur:0/0/0/1048/0/2034
Sz:512 Tm:213us (i/b/h/e/p/c) New:0/0/0/12/0/162, Cur:0/0/0/931/0/2173
Sz:721 Tm:417us (i/b/h/e/p/c) New:0/0/0/2/0/50, Cur:0/0/0/915/0/4100
Sz:512 Tm:177us (i/b/h/e/p/c) New:0/0/0/0/0/2, Cur:0/0/0/895/0/1864
Sz:1024 Tm:220us (i/b/h/e/p/c) New:0/0/0/0/0/1, Cur:0/0/0/895/0/1864
Sz:2048 Tm:2736us (i/b/h/e/p/c) New:0/0/0/5/0/16, Cur:0/0/0/999/0/3502
Sz:2282 Tm:3424us (i/b/h/e/p/c) New:0/0/0/4/0/225, Cur:0/0/0/998/0/5805
Sz:512 Tm:269us (i/b/h/e/p/c) New:0/0/0/1/0/12, Cur:0/0/0/907/0/2137
Sz:8192 Tm:583us (i/b/h/e/p/c) New:0/0/0/35/0/1407, Cur:0/0/0/1094/0/4751
Sz:16384 Tm:677us (i/b/h/e/p/c) New:0/0/0/0/0/2, Cur:0/0/0/1083/0/4773
Sz:256 Tm:167us (i/b/h/e/p/c) New:0/0/0/1/0/9, Cur:0/0/0/818/0/867
Sz:8 Tm:175us (i/b/h/e/p/c) New:0/0/0/1/0/5, Cur:0/0/0/797/0/646
Sz:512 Tm:559us (i/b/h/e/p/c) New:0/0/0/1/0/5, Cur:0/0/0/894/0/1912
Sz:2048 Tm:6061us (i/b/h/e/p/c) New:0/0/0/2/0/7, Cur:0/0/0/992/0/3234
Sz:2068 Tm:4509us (i/b/h/e/p/c) New:0/0/0/0/0/1, Cur:0/0/0/918/0/4428
Sz:32 Tm:192us (i/b/h/e/p/c) New:0/0/0/1/0/8, Cur:0/0/0/801/0/832
Sz:1024 Tm:163us (i/b/h/e/p/c) New:0/0/0/3/0/70, Cur:0/0/0/857/0/869
Sz:128 Tm:345us (i/b/h/e/p/c) New:0/0/0/63/5/986, Cur:0/0/0/946/0/1145
Sz:735 Tm:1709us (i/b/h/e/p/c) New:0/0/0/10/1/251, Cur:0/0/0/948/0/2213
Sz:128 Tm:262us (i/b/h/e/p/c) New:0/0/0/1/0/1, Cur:0/0/0/852/0/882
Sz:368 Tm:197us (i/b/h/e/p/c) New:0/0/0/7/0/66, Cur:0/0/0/872/0/1103
Sz:8192 Tm:723us (i/b/h/e/p/c) New:0/0/0/0/0/1, Cur:0/0/0/1081/0/4625
Sz:32768 Tm:1019us (i/b/h/e/p/c) New:0/0/0/0/0/2, Cur:0/0/0/1081/0/4625
Sz:1024 Tm:280us (i/b/h/e/p/c) New:0/0/0/14/3/373, Cur:0/0/0/971/0/1948
Sz:128 Tm:235us (i/b/h/e/p/c) New:0/0/0/16/0/348, Cur:0/0/0/905/0/2283
Sz:164 Tm:2468us (i/b/h/e/p/c) New:0/0/0/5/0/492, Cur:0/0/0/1012/0/11638
Sz:2048 Tm:220us (i/b/h/e/p/c) New:0/0/0/0/0/2, Cur:0/0/0/952/0/1600
Sz:8192 Tm:41862us (i/b/h/e/p/c) New:0/0/0/6/0/285, Cur:0/0/0/1025/0/10160
Sz:2282 Tm:3682us (i/b/h/e/p/c) New:0/0/0/0/0/1, Cur:0/0/0/938/0/3973
Sz:523 Tm:171us (i/b/h/e/p/c) New:0/0/0/1/0/31, Cur:0/0/0/774/0/1244
Sz:46 Tm:187us (i/b/h/e/p/c) New:0/0/0/1/0/0, Cur:0/0/0/819/0/877
Sz:256 Tm:189us (i/b/h/e/p/c) New:0/0/0/2/0/12, Cur:0/0/0/856/0/1060
Sz:49 Tm:244us (i/b/h/e/p/c) New:0/0/0/5/0/4, Cur:0/0/0/852/0/804
Sz:91 Tm:262us (i/b/h/e/p/c) New:0/0/0/2/0/15, Cur:0/0/0/822/0/1097
Sz:2372 Tm:346us (i/b/h/e/p/c) New:0/0/0/2/0/34, Cur:0/0/0/885/0/2926
Sz:1250 Tm:624us (i/b/h/e/p/c) New:0/0/0/4/0/223, Cur:0/0/0/993/0/1738
Sz:4096 Tm:404us (i/b/h/e/p/c) New:0/0/0/8/2/319, Cur:0/0/0/962/0/2894
Sz:7599 Tm:769us (i/b/h/e/p/c) New:0/0/0/11/0/204, Cur:0/0/0/1036/0/5035
Sz:140 Tm:280us (i/b/h/e/p/c) New:0/0/0/1/0/4, Cur:0/0/0/856/0/1547
Sz:1202 Tm:447us (i/b/h/e/p/c) New:0/0/0/0/0/1, Cur:0/0/0/924/0/2320
Sz:1632 Tm:8126us (i/b/h/e/p/c) New:0/0/0/0/0/10, Cur:0/0/0/846/0/2208
Sz:112 Tm:182us (i/b/h/e/p/c) New:0/0/0/2/0/1, Cur:0/0/0/843/0/1553
Sz:256 Tm:315us (i/b/h/e/p/c) New:0/0/0/7/2/269, Cur:0/0/0/906/0/2043
Sz:713 Tm:404us (i/b/h/e/p/c) New:0/0/0/0/0/7, Cur:0/0/0/897/0/2686
Entering phase 2/3: Switching to the Feedback Driven Mode
Setting maximum input size to 40960 bytes (previously 87599 bytes)
Entering phase 3/3: Dynamic Main (Feedback Driven Mode)
Sz:16384 Tm:625us (i/b/h/e/p/c) New:0/0/0/4/0/32, Cur:0/0/0/906/0/2744
Sz:7611 Tm:267us (i/b/h/e/p/c) New:0/0/0/1/0/2, Cur:0/0/0/868/0/1559
Sz:48 Tm:128us (i/b/h/e/p/c) New:0/0/0/0/0/8, Cur:0/0/0/798/0/819
Sz:48 Tm:202us (i/b/h/e/p/c) New:0/0/0/0/0/3, Cur:0/0/0/863/0/905
Sz:63 Tm:191us (i/b/h/e/p/c) New:0/0/0/1/0/2, Cur:0/0/0/777/0/817
Sz:2020 Tm:229us (i/b/h/e/p/c) New:0/0/0/0/0/1, Cur:0/0/0/837/0/1537
Sz:32 Tm:169us (i/b/h/e/p/c) New:0/0/0/0/0/1, Cur:0/0/0/889/0/915
Sz:40 Tm:175us (i/b/h/e/p/c) New:0/0/0/0/0/2, Cur:0/0/0/863/0/907
Sz:512 Tm:714us (i/b/h/e/p/c) New:0/0/0/1/0/0, Cur:0/0/0/788/0/849
Sz:1227 Tm:221us (i/b/h/e/p/c) New:0/0/0/1/0/0, Cur:0/0/0/855/0/1218
Sz:527 Tm:2255us (i/b/h/e/p/c) New:0/0/0/0/0/1, Cur:0/0/0/824/0/1100
Sz:3803 Tm:206us (i/b/h/e/p/c) New:0/0/0/1/0/5, Cur:0/0/0/882/0/1117
Sz:147 Tm:132us (i/b/h/e/p/c) New:0/0/0/4/0/72, Cur:0/0/0/814/0/854
Sz:6209 Tm:183us (i/b/h/e/p/c) New:0/0/0/1/0/1, Cur:0/0/0/863/0/1082
Sz:3823 Tm:177us (i/b/h/e/p/c) New:0/0/0/0/0/1, Cur:0/0/0/882/0/1117
Sz:66 Tm:99us (i/b/h/e/p/c) New:0/0/0/1/0/1, Cur:0/0/0/746/0/455
Sz:140 Tm:150us (i/b/h/e/p/c) New:0/0/0/1/0/0, Cur:0/0/0/775/0/736
Sz:146 Tm:180us (i/b/h/e/p/c) New:0/0/0/0/0/1, Cur:0/0/0/858/0/1619
Sz:264 Tm:254us (i/b/h/e/p/c) New:0/0/0/0/0/3, Cur:0/0/0/826/0/1729
Sz:261 Tm:138us (i/b/h/e/p/c) New:0/0/0/0/0/2, Cur:0/0/0/793/0/869
Sz:2 Tm:146us (i/b/h/e/p/c) New:0/0/0/0/0/1, Cur:0/0/0/669/0/435
Sz:256 Tm:166us (i/b/h/e/p/c) New:0/0/0/1/0/0, Cur:0/0/0/790/0/770
Sz:269 Tm:188us (i/b/h/e/p/c) New:0/0/0/0/0/1, Cur:0/0/0/796/0/1635
Sz:63 Tm:151us (i/b/h/e/p/c) New:0/0/0/0/0/2, Cur:0/0/0/778/0/872
Sz:50 Tm:214us (i/b/h/e/p/c) New:0/0/0/0/0/1, Cur:0/0/0/865/0/935
Sz:2076 Tm:2479us (i/b/h/e/p/c) New:0/0/0/1/0/1, Cur:0/0/0/969/0/2265
Sz:526 Tm:307us (i/b/h/e/p/c) New:0/0/0/0/0/1, Cur:0/0/0/836/0/1225
Sz:513 Tm:579us (i/b/h/e/p/c) New:0/0/0/0/0/1, Cur:0/0/0/863/0/2125
Sz:1095 Tm:209us (i/b/h/e/p/c) New:0/0/0/0/0/10, Cur:0/0/0/831/0/1487
Sz:533 Tm:282us (i/b/h/e/p/c) New:0/0/0/0/0/1, Cur:0/0/0/841/0/1296
Sz:3831 Tm:550us (i/b/h/e/p/c) New:0/0/0/0/0/1, Cur:0/0/0/882/0/1117
Sz:50 Tm:210us (i/b/h/e/p/c) New:0/0/0/0/0/1, Cur:0/0/0/864/0/970
Sz:205 Tm:395us (i/b/h/e/p/c) New:0/0/0/1/0/0, Cur:0/0/0/790/0/806
Sz:102 Tm:110us (i/b/h/e/p/c) New:0/0/0/1/0/0, Cur:0/0/0/767/0/706
Sz:40 Tm:175us (i/b/h/e/p/c) New:0/0/0/0/0/8, Cur:0/0/0/861/0/907
Sz:1821 Tm:137us (i/b/h/e/p/c) New:0/0/0/2/0/4, Cur:0/0/0/830/0/1062
Sz:512 Tm:592us (i/b/h/e/p/c) New:0/0/0/1/0/6, Cur:0/0/0/844/0/2248
Sz:883 Tm:828us (i/b/h/e/p/c) New:0/0/0/0/0/2, Cur:0/0/0/908/0/2997
Sz:1095 Tm:317us (i/b/h/e/p/c) New:0/0/0/1/0/1, Cur:0/0/0/917/0/3044
Sz:289 Tm:197us (i/b/h/e/p/c) New:0/0/0/1/0/4, Cur:0/0/0/861/0/1332
Sz:8194 Tm:6211us (i/b/h/e/p/c) New:0/0/0/0/0/2, Cur:0/0/0/891/0/1679
Sz:3832 Tm:150us (i/b/h/e/p/c) New:0/0/0/0/0/2, Cur:0/0/0/882/0/1117
Sz:305 Tm:488us (i/b/h/e/p/c) New:0/0/0/1/0/0, Cur:0/0/0/840/0/1759
Sz:8194 Tm:15366us (i/b/h/e/p/c) New:0/0/0/0/0/1, Cur:0/0/0/966/0/1948
Sz:1262 Tm:279us (i/b/h/e/p/c) New:0/0/0/1/0/4, Cur:0/0/0/996/0/1822
Sz:7619 Tm:8419us (i/b/h/e/p/c) New:0/0/0/1/0/65, Cur:0/0/0/869/0/1560
Sz:6214 Tm:196us (i/b/h/e/p/c) New:0/0/0/0/0/1, Cur:0/0/0/863/0/1082
Sz:885 Tm:287us (i/b/h/e/p/c) New:0/0/0/0/0/1, Cur:0/0/0/923/0/2994
Sz:2380 Tm:306us (i/b/h/e/p/c) New:0/0/0/1/0/0, Cur:0/0/0/859/0/2856
Sz:1 Tm:113us (i/b/h/e/p/c) New:0/0/0/1/0/0, Cur:0/0/0/736/0/436
Sz:52 Tm:183us (i/b/h/e/p/c) New:0/0/0/0/0/1, Cur:0/0/0/894/0/819
Sz:260 Tm:302us (i/b/h/e/p/c) New:0/0/0/0/0/1, Cur:0/0/0/793/0/1088
Sz:500 Tm:241us (i/b/h/e/p/c) New:0/0/0/0/0/1, Cur:0/0/0/835/0/1088
Sz:8208 Tm:26748us (i/b/h/e/p/c) New:0/0/0/0/0/4, Cur:0/0/0/980/0/6016
Sz:8221 Tm:37364us (i/b/h/e/p/c) New:0/0/0/3/0/224, Cur:0/0/0/981/0/6024
Sz:55 Tm:283us (i/b/h/e/p/c) New:0/0/0/2/0/21, Cur:0/0/0/868/0/1416
Sz:297 Tm:215us (i/b/h/e/p/c) New:0/0/0/0/0/1, Cur:0/0/0/864/0/1597
Sz:270 Tm:191us (i/b/h/e/p/c) New:0/0/0/0/0/1, Cur:0/0/0/808/0/1661
Sz:287 Tm:175us (i/b/h/e/p/c) New:0/0/0/0/0/1, Cur:0/0/0/836/0/1295
Sz:3711 Tm:436us (i/b/h/e/p/c) New:0/0/0/0/0/3, Cur:0/0/0/865/0/964
Sz:380 Tm:255us (i/b/h/e/p/c) New:0/0/0/1/0/1, Cur:0/0/0/834/0/930
Sz:262 Tm:175us (i/b/h/e/p/c) New:0/0/0/0/0/1, Cur:0/0/0/795/0/1311
Sz:52 Tm:180us (i/b/h/e/p/c) New:0/0/0/0/0/1, Cur:0/0/0/864/0/972
Sz:164 Tm:242us (i/b/h/e/p/c) New:0/0/0/0/0/1, Cur:0/0/0/860/0/1952
Sz:55 Tm:1121us (i/b/h/e/p/c) New:0/0/0/0/0/3, Cur:0/0/0/779/0/1361
Sz:3575 Tm:399us (i/b/h/e/p/c) New:0/0/0/0/0/10, Cur:0/0/0/860/0/4289
Sz:522 Tm:670us (i/b/h/e/p/c) New:0/0/0/0/0/1, Cur:0/0/0/827/0/679
Sz:1025 Tm:205us (i/b/h/e/p/c) New:0/0/0/0/0/1, Cur:0/0/0/817/0/961
Sz:55 Tm:276us (i/b/h/e/p/c) New:0/0/0/0/0/9, Cur:0/0/0/804/0/2464
Sz:384 Tm:301us (i/b/h/e/p/c) New:0/0/0/1/0/1, Cur:0/0/0/834/0/930
Sz:59 Tm:286us (i/b/h/e/p/c) New:0/0/0/8/0/11, Cur:0/0/0/905/0/853
Sz:8206 Tm:18549us (i/b/h/e/p/c) New:0/0/0/0/0/1, Cur:0/0/0/966/0/1948
Sz:260 Tm:159us (i/b/h/e/p/c) New:0/0/0/0/0/2, Cur:0/0/0/845/0/1023
Sz:256 Tm:176us (i/b/h/e/p/c) New:0/0/0/0/0/2, Cur:0/0/0/790/0/642
Sz:67 Tm:255us (i/b/h/e/p/c) New:0/0/0/0/0/4, Cur:0/0/0/806/0/2329
Sz:972 Tm:516us (i/b/h/e/p/c) New:0/0/0/0/0/1, Cur:0/0/0/922/0/2945
Sz:9875 Tm:42145us (i/b/h/e/p/c) New:0/0/0/1/0/12, Cur:0/0/0/983/0/6010
Sz:3720 Tm:323us (i/b/h/e/p/c) New:0/0/0/1/0/0, Cur:0/0/0/868/0/1030
Sz:95 Tm:293us (i/b/h/e/p/c) New:0/0/0/0/0/4, Cur:0/0/0/913/0/2656
Thread 0 (pid=873) initial speed set at 353 us/exec
Sz:1591 Tm:372us (i/b/h/e/p/c) New:0/0/0/1/0/2, Cur:0/0/0/987/0/1494
Sz:3736 Tm:208us (i/b/h/e/p/c) New:0/0/0/0/0/1, Cur:0/0/0/884/0/1116
Sz:303 Tm:585us (i/b/h/e/p/c) New:0/0/0/1/0/0, Cur:0/0/0/872/0/1883
Sz:537 Tm:181us (i/b/h/e/p/c) New:0/0/0/1/0/0, Cur:0/0/0/790/0/976
Sz:1277 Tm:5792us (i/b/h/e/p/c) New:0/0/0/0/0/3, Cur:0/0/0/999/0/1822
Sz:4099 Tm:229us (i/b/h/e/p/c) New:0/0/0/0/0/1, Cur:0/0/0/884/0/1118
Sz:268 Tm:233us (i/b/h/e/p/c) New:0/0/0/1/0/1, Cur:0/0/0/822/0/955
Sz:56 Tm:279us (i/b/h/e/p/c) New:0/0/0/0/0/1, Cur:0/0/0/921/0/2084
Sz:112 Tm:126us (i/b/h/e/p/c) New:0/0/0/0/0/1, Cur:0/0/0/770/0/650
Sz:148 Tm:185us (i/b/h/e/p/c) New:0/0/0/1/0/0, Cur:0/0/0/854/0/1668
Sz:45 Tm:161us (i/b/h/e/p/c) New:0/0/0/0/0/1, Cur:0/0/0/857/0/819
Sz:66 Tm:157us (i/b/h/e/p/c) New:0/0/0/0/0/1, Cur:0/0/0/817/0/962
Sz:99 Tm:492us (i/b/h/e/p/c) New:0/0/0/0/0/4, Cur:0/0/0/809/0/2352
Sz:272 Tm:147us (i/b/h/e/p/c) New:0/0/0/1/0/0, Cur:0/0/0/816/0/833
Sz:10418 Tm:1022us (i/b/h/e/p/c) New:0/0/0/7/0/35, Cur:0/0/0/997/0/1818
Sz:512 Tm:277us (i/b/h/e/p/c) New:0/0/0/1/0/1, Cur:0/0/0/857/0/2220
Sz:330 Tm:205us (i/b/h/e/p/c) New:0/0/0/1/0/2, Cur:0/0/0/807/0/1621
Sz:74 Tm:148us (i/b/h/e/p/c) New:0/0/0/1/0/4, Cur:0/0/0/804/0/1084
Sz:520 Tm:227us (i/b/h/e/p/c) New:0/0/0/1/0/1, Cur:0/0/0/853/0/2224
Sz:1266 Tm:314us (i/b/h/e/p/c) New:0/0/0/1/0/1, Cur:0/0/0/903/0/1198
Sz:5364 Tm:264us (i/b/h/e/p/c) New:0/0/0/0/0/3, Cur:0/0/0/863/0/1082
Sz:4568 Tm:249us (i/b/h/e/p/c) New:0/0/0/0/0/1, Cur:0/0/0/863/0/1080
Sz:8280 Tm:23024us (i/b/h/e/p/c) New:0/0/0/0/0/2, Cur:0/0/0/972/0/2717
Sz:8296 Tm:20137us (i/b/h/e/p/c) New:0/0/0/0/0/1, Cur:0/0/0/971/0/2714
Sz:123 Tm:164us (i/b/h/e/p/c) New:0/0/0/1/0/4, Cur:0/0/0/788/0/720
Sz:10426 Tm:301us (i/b/h/e/p/c) New:0/0/0/2/0/33, Cur:0/0/0/978/0/1654
Sz:1259 Tm:310us (i/b/h/e/p/c) New:0/0/0/3/0/0, Cur:0/0/0/1000/0/1878
Sz:1376 Tm:371us (i/b/h/e/p/c) New:0/0/0/4/0/78, Cur:0/0/0/999/0/1839
Sz:267 Tm:225us (i/b/h/e/p/c) New:0/0/0/1/0/3, Cur:0/0/0/789/0/747
Sz:8326 Tm:492us (i/b/h/e/p/c) New:0/0/0/0/0/3, Cur:0/0/0/839/0/1274
Sz:18 Tm:132us (i/b/h/e/p/c) New:0/0/0/0/0/1, Cur:0/0/0/778/0/577
Sz:4995 Tm:192us (i/b/h/e/p/c) New:0/0/0/0/0/1, Cur:0/0/0/865/0/1081
Sz:2286 Tm:329us (i/b/h/e/p/c) New:0/0/0/0/0/1, Cur:0/0/0/943/0/2357
Sz:100 Tm:329us (i/b/h/e/p/c) New:0/0/0/0/0/3, Cur:0/0/0/923/0/3181
Sz:1356 Tm:761us (i/b/h/e/p/c) New:0/0/0/0/0/1, Cur:0/0/0/997/0/1820
Sz:1250 Tm:291us (i/b/h/e/p/c) New:0/0/0/0/0/1, Cur:0/0/0/905/0/3299
Sz:8192 Tm:742us (i/b/h/e/p/c) New:0/0/0/44/0/1160, Cur:0/0/0/1045/0/2970
Sz:4995 Tm:192us (i/b/h/e/p/c) New:0/0/0/0/0/2, Cur:0/0/0/863/0/1169
Sz:56 Tm:152us (i/b/h/e/p/c) New:0/0/0/3/0/7, Cur:0/0/0/899/0/852
Sz:56 Tm:574us (i/b/h/e/p/c) New:0/0/0/1/0/1, Cur:0/0/0/892/0/830
Sz:1270 Tm:762us (i/b/h/e/p/c) New:0/0/0/0/0/1, Cur:0/0/0/1001/0/1834
Sz:1276 Tm:549us (i/b/h/e/p/c) New:0/0/0/2/0/66, Cur:0/0/0/1028/0/1833
Sz:274 Tm:189us (i/b/h/e/p/c) New:0/0/0/2/0/2, Cur:0/0/0/841/0/1204
Sz:1270 Tm:318us (i/b/h/e/p/c) New:0/0/0/3/0/6, Cur:0/0/0/1019/0/2001
Sz:1355 Tm:412us (i/b/h/e/p/c) New:0/0/0/1/0/0, Cur:0/0/0/966/0/1257
Sz:128 Tm:136us (i/b/h/e/p/c) New:0/0/0/0/0/2, Cur:0/0/0/766/0/1220
Sz:1359 Tm:226us (i/b/h/e/p/c) New:0/0/0/2/0/3, Cur:0/0/0/967/0/1255
Sz:253 Tm:108us (i/b/h/e/p/c) New:0/0/0/2/0/1, Cur:0/0/0/773/0/656
Sz:1277 Tm:857us (i/b/h/e/p/c) New:0/0/0/1/0/0, Cur:0/0/0/997/0/1821
Sz:1363 Tm:256us (i/b/h/e/p/c) New:0/0/0/1/0/0, Cur:0/0/0/965/0/1261
Sz:144 Tm:2616us (i/b/h/e/p/c) New:0/0/0/0/0/1, Cur:0/0/0/855/0/1625
Sz:195 Tm:335us (i/b/h/e/p/c) New:0/0/0/1/0/1, Cur:0/0/0/788/0/720
Sz:3808 Tm:153us (i/b/h/e/p/c) New:0/0/0/1/0/3, Cur:0/0/0/881/0/1102
Sz:4576 Tm:192us (i/b/h/e/p/c) New:0/0/0/0/0/1, Cur:0/0/0/881/0/1105
Sz:126 Tm:122us (i/b/h/e/p/c) New:0/0/0/0/0/14, Cur:0/0/0/788/0/1564
Sz:1487 Tm:283us (i/b/h/e/p/c) New:0/0/0/22/0/494, Cur:0/0/0/1048/0/1935
Sz:602 Tm:138us (i/b/h/e/p/c) New:0/0/0/0/0/3, Cur:0/0/0/792/0/875
Sz:184 Tm:408us (i/b/h/e/p/c) New:0/0/0/0/0/2, Cur:0/0/0/943/0/2422
Sz:11644 Tm:31978us (i/b/h/e/p/c) New:0/0/0/0/0/1, Cur:0/0/0/982/0/6024
Sz:614 Tm:151us (i/b/h/e/p/c) New:0/0/0/0/0/1, Cur:0/0/0/788/0/726
Sz:721 Tm:527us (i/b/h/e/p/c) New:0/0/0/3/0/123, Cur:0/0/0/792/0/1610
Sz:16384 Tm:277us (i/b/h/e/p/c) New:0/0/0/0/0/1, Cur:0/0/0/850/0/1980
Sz:739 Tm:141us (i/b/h/e/p/c) New:0/0/0/1/0/1, Cur:0/0/0/777/0/594
Sz:119 Tm:5146us (i/b/h/e/p/c) New:0/0/0/1/0/61, Cur:0/0/0/861/0/5628
Sz:290 Tm:561us (i/b/h/e/p/c) New:0/0/0/0/0/1, Cur:0/0/0/797/0/1343
Sz:179 Tm:107us (i/b/h/e/p/c) New:0/0/0/1/0/1, Cur:0/0/0/754/0/515
Sz:8192 Tm:420us (i/b/h/e/p/c) New:0/0/0/1/0/0, Cur:0/0/0/1006/0/2171
Sz:2063 Tm:204us (i/b/h/e/p/c) New:0/0/0/0/0/1, Cur:0/0/0/785/0/780
Sz:134 Tm:150us (i/b/h/e/p/c) New:0/0/0/0/0/1, Cur:0/0/0/752/0/595
Sz:2282 Tm:287us (i/b/h/e/p/c) New:0/0/0/1/0/1, Cur:0/0/0/950/0/1464
Sz:1262 Tm:432us (i/b/h/e/p/c) New:0/0/0/0/0/1, Cur:0/0/0/903/0/1416
Sz:125 Tm:1152us (i/b/h/e/p/c) New:0/0/0/0/0/1, Cur:0/0/0/823/0/1798
Sz:56 Tm:199us (i/b/h/e/p/c) New:0/0/0/0/0/3, Cur:0/0/0/860/0/735
Sz:177 Tm:309us (i/b/h/e/p/c) New:0/0/0/0/0/3, Cur:0/0/0/823/0/1799
Sz:1804 Tm:271us (i/b/h/e/p/c) New:0/0/0/3/0/1, Cur:0/0/0/998/0/1481
Sz:8208 Tm:33498us (i/b/h/e/p/c) New:0/0/0/0/0/4, Cur:0/0/0/932/0/4185
Sz:1808 Tm:236us (i/b/h/e/p/c) New:0/0/0/0/0/2, Cur:0/0/0/957/0/1498
Sz:1805 Tm:327us (i/b/h/e/p/c) New:0/0/0/2/0/32, Cur:0/0/0/995/0/1483
Sz:1360 Tm:275us (i/b/h/e/p/c) New:0/0/0/1/0/1, Cur:0/0/0/966/0/989
Sz:1581 Tm:513us (i/b/h/e/p/c) New:0/0/0/1/0/3, Cur:0/0/0/989/0/1531
Sz:60 Tm:197us (i/b/h/e/p/c) New:0/0/0/0/0/5, Cur:0/0/0/776/0/723
Sz:289 Tm:184us (i/b/h/e/p/c) New:0/0/0/1/0/1, Cur:0/0/0/792/0/1235
Sz:3983 Tm:880us (i/b/h/e/p/c) New:0/0/0/0/0/2, Cur:0/0/0/972/0/1189
Sz:1032 Tm:179us (i/b/h/e/p/c) New:0/0/0/0/0/1, Cur:0/0/0/837/0/851
Sz:61 Tm:173us (i/b/h/e/p/c) New:0/0/0/0/0/1, Cur:0/0/0/776/0/834
Sz:149 Tm:350us (i/b/h/e/p/c) New:0/0/0/0/0/2, Cur:0/0/0/868/0/2908
Sz:181 Tm:143us (i/b/h/e/p/c) New:0/0/0/0/0/1, Cur:0/0/0/753/0/509
Sz:261 Tm:286us (i/b/h/e/p/c) New:0/0/0/2/0/0, Cur:0/0/0/810/0/1589
Sz:274 Tm:140us (i/b/h/e/p/c) New:0/0/0/0/0/2, Cur:0/0/0/756/0/690
Sz:1815 Tm:347us (i/b/h/e/p/c) New:0/0/0/1/0/3, Cur:0/0/0/1007/0/1576
Sz:56 Tm:194us (i/b/h/e/p/c) New:0/0/0/0/0/4, Cur:0/0/0/863/0/732
Sz:738 Tm:122us (i/b/h/e/p/c) New:0/0/0/0/0/1, Cur:0/0/0/772/0/550
Sz:842 Tm:130us (i/b/h/e/p/c) New:0/0/0/0/0/1, Cur:0/0/0/774/0/547
Sz:274 Tm:135us (i/b/h/e/p/c) New:0/0/0/0/0/1, Cur:0/0/0/752/0/691
Sz:154 Tm:359us (i/b/h/e/p/c) New:0/0/0/0/0/1, Cur:0/0/0/862/0/2074
Sz:1251 Tm:221us (i/b/h/e/p/c) New:0/0/0/1/0/2, Cur:0/0/0/963/0/1169
Sz:7636 Tm:263us (i/b/h/e/p/c) New:0/0/0/1/0/1, Cur:0/0/0/847/0/1244
Sz:52 Tm:267us (i/b/h/e/p/c) New:0/0/0/3/0/72, Cur:0/0/0/859/0/775
Sz:1361 Tm:215us (i/b/h/e/p/c) New:0/0/0/0/0/2, Cur:0/0/0/955/0/983
Sz:1974 Tm:329us (i/b/h/e/p/c) New:0/0/0/0/0/12, Cur:0/0/0/862/0/765
Sz:181 Tm:129us (i/b/h/e/p/c) New:0/0/0/1/0/1, Cur:0/0/0/753/0/509
Sz:77 Tm:209us (i/b/h/e/p/c) New:0/0/0/0/0/7, Cur:0/0/0/779/0/861
Sz:266 Tm:136us (i/b/h/e/p/c) New:0/0/0/0/0/3, Cur:0/0/0/819/0/607
Sz:1371 Tm:234us (i/b/h/e/p/c) New:0/0/0/2/0/3, Cur:0/0/0/940/0/959
Sz:8197 Tm:33473us (i/b/h/e/p/c) New:0/0/0/0/0/5, Cur:0/0/0/932/0/4323
Sz:61 Tm:502us (i/b/h/e/p/c) New:0/0/0/0/0/1, Cur:0/0/0/849/0/692
Sz:8222 Tm:31326us (i/b/h/e/p/c) New:0/0/0/1/0/4, Cur:0/0/0/929/0/4193
Sz:4101 Tm:772us (i/b/h/e/p/c) New:0/0/0/0/0/2, Cur:0/0/0/845/0/814
Sz:829 Tm:132us (i/b/h/e/p/c) New:0/0/0/0/0/1, Cur:0/0/0/779/0/581
Sz:826 Tm:123us (i/b/h/e/p/c) New:0/0/0/0/0/1, Cur:0/0/0/754/0/525
Sz:69 Tm:187us (i/b/h/e/p/c) New:0/0/0/0/0/2, Cur:0/0/0/859/0/905
Sz:2380 Tm:598us (i/b/h/e/p/c) New:0/0/0/0/0/2, Cur:0/0/0/815/0/2852
Sz:73 Tm:234us (i/b/h/e/p/c) New:0/0/0/0/0/3, Cur:0/0/0/779/0/881
Sz:1452 Tm:190us (i/b/h/e/p/c) New:0/0/0/0/0/1, Cur:0/0/0/963/0/990
Sz:138 Tm:457us (i/b/h/e/p/c) New:0/0/0/0/0/1, Cur:0/0/0/761/0/1643
Sz:607 Tm:552us (i/b/h/e/p/c) New:0/0/0/1/0/1, Cur:0/0/0/756/0/530
Sz:289 Tm:160us (i/b/h/e/p/c) New:0/0/0/0/0/1, Cur:0/0/0/818/0/1163
Sz:334 Tm:6686us (i/b/h/e/p/c) New:0/0/0/0/0/1, Cur:0/0/0/791/0/1626
Sz:1316 Tm:321us (i/b/h/e/p/c) New:0/0/0/1/0/2, Cur:0/0/0/771/0/520
Sz:132 Tm:141us (i/b/h/e/p/c) New:0/0/0/3/0/0, Cur:0/0/0/799/0/611
Sz:1805 Tm:677us (i/b/h/e/p/c) New:0/0/0/0/0/1, Cur:0/0/0/1006/0/1580
Sz:3723 Tm:654us (i/b/h/e/p/c) New:0/0/0/14/0/214, Cur:0/0/0/1029/0/1807
Sz:388 Tm:244us (i/b/h/e/p/c) New:0/0/0/0/0/1, Cur:0/0/0/828/0/1770
Sz:77 Tm:489us (i/b/h/e/p/c) New:0/0/0/0/0/6, Cur:0/0/0/779/0/832
Sz:101 Tm:189us (i/b/h/e/p/c) New:0/0/0/0/0/4, Cur:0/0/0/773/0/589
Sz:607 Tm:149us (i/b/h/e/p/c) New:0/0/0/1/0/1, Cur:0/0/0/738/0/512
Sz:91 Tm:235us (i/b/h/e/p/c) New:0/0/0/0/0/1, Cur:0/0/0/742/0/587
Sz:126 Tm:494us (i/b/h/e/p/c) New:0/0/0/0/0/3, Cur:0/0/0/863/0/756
Sz:187 Tm:157us (i/b/h/e/p/c) New:0/0/0/0/0/1, Cur:0/0/0/754/0/525
Sz:256 Tm:381us (i/b/h/e/p/c) New:0/0/0/0/0/1, Cur:0/0/0/865/0/1405
Sz:164 Tm:372us (i/b/h/e/p/c) New:0/0/0/0/0/1, Cur:0/0/0/871/0/1524
Sz:5571 Tm:432us (i/b/h/e/p/c) New:0/0/0/0/0/2, Cur:0/0/0/826/0/805
Sz:388 Tm:638us (i/b/h/e/p/c) New:0/0/0/0/0/1, Cur:0/0/0/828/0/1768
Sz:56 Tm:580us (i/b/h/e/p/c) New:0/0/0/0/0/1, Cur:0/0/0/848/0/791
Sz:289 Tm:910us (i/b/h/e/p/c) New:0/0/0/0/0/1, Cur:0/0/0/787/0/993
Sz:172 Tm:212us (i/b/h/e/p/c) New:0/0/0/0/0/1, Cur:0/0/0/815/0/1653
Sz:52 Tm:206us (i/b/h/e/p/c) New:0/0/0/2/0/0, Cur:0/0/0/861/0/774
Sz:2888 Tm:3034us (i/b/h/e/p/c) New:0/0/0/59/0/1548, Cur:0/0/0/1038/0/2792
Sz:8308 Tm:14514us (i/b/h/e/p/c) New:0/0/0/0/0/1, Cur:0/0/0/927/0/2162
Sz:133 Tm:422us (i/b/h/e/p/c) New:0/0/0/0/0/1, Cur:0/0/0/823/0/1799
Sz:60 Tm:214us (i/b/h/e/p/c) New:0/0/0/0/0/1, Cur:0/0/0/850/0/794
Sz:256 Tm:216us (i/b/h/e/p/c) New:0/0/0/0/0/2, Cur:0/0/0/868/0/1105
Sz:7611 Tm:861us (i/b/h/e/p/c) New:0/0/0/0/0/1, Cur:0/0/0/831/0/1278
Sz:168 Tm:327us (i/b/h/e/p/c) New:0/0/0/0/0/3, Cur:0/0/0/871/0/1800
Sz:81 Tm:262us (i/b/h/e/p/c) New:0/0/0/0/0/1, Cur:0/0/0/860/0/910
Sz:1277 Tm:258us (i/b/h/e/p/c) New:0/0/0/0/0/3, Cur:0/0/0/952/0/1287
Sz:261 Tm:1495us (i/b/h/e/p/c) New:0/0/0/0/0/4, Cur:0/0/0/869/0/1667
Sz:740 Tm:308us (i/b/h/e/p/c) New:0/0/0/0/0/1, Cur:0/0/0/834/0/944
Sz:52 Tm:1485us (i/b/h/e/p/c) New:0/0/0/0/0/2, Cur:0/0/0/864/0/885
Sz:114 Tm:446us (i/b/h/e/p/c) New:0/0/0/0/0/3, Cur:0/0/0/783/0/843
Sz:85 Tm:185us (i/b/h/e/p/c) New:0/0/0/1/0/3, Cur:0/0/0/778/0/786
Sz:296 Tm:296us (i/b/h/e/p/c) New:0/0/0/0/0/4, Cur:0/0/0/861/0/780
Sz:59 Tm:116us (i/b/h/e/p/c) New:0/0/0/0/0/1, Cur:0/0/0/759/0/639
Sz:293 Tm:186us (i/b/h/e/p/c) New:0/0/0/0/0/1, Cur:0/0/0/787/0/993
Sz:289 Tm:325us (i/b/h/e/p/c) New:0/0/0/0/0/1, Cur:0/0/0/818/0/1383
Sz:304 Tm:203us (i/b/h/e/p/c) New:0/0/0/0/0/2, Cur:0/0/0/861/0/784
Sz:254 Tm:202us (i/b/h/e/p/c) New:0/0/0/0/0/1, Cur:0/0/0/759/0/742
Sz:320 Tm:186us (i/b/h/e/p/c) New:0/0/0/1/0/1, Cur:0/0/0/861/0/778
Sz:2899 Tm:4788us (i/b/h/e/p/c) New:0/0/0/0/0/2, Cur:0/0/0/1035/0/2549
Sz:134 Tm:188us (i/b/h/e/p/c) New:0/0/0/0/0/1, Cur:0/0/0/851/0/691
Sz:1467 Tm:232us (i/b/h/e/p/c) New:0/0/0/0/0/1, Cur:0/0/0/927/0/995
Sz:293 Tm:831us (i/b/h/e/p/c) New:0/0/0/0/0/1, Cur:0/0/0/787/0/997
Sz:172 Tm:592us (i/b/h/e/p/c) New:0/0/0/14/0/747, Cur:0/0/0/1007/0/8252
Sz:1445 Tm:190us (i/b/h/e/p/c) New:0/0/0/0/0/2, Cur:0/0/0/924/0/1000
Sz:138 Tm:509us (i/b/h/e/p/c) New:0/0/0/0/0/8, Cur:0/0/0/782/0/1151
Sz:274 Tm:162us (i/b/h/e/p/c) New:0/0/0/0/0/2, Cur:0/0/0/805/0/1094
Sz:324 Tm:198us (i/b/h/e/p/c) New:0/0/0/1/0/1, Cur:0/0/0/860/0/790
Sz:8315 Tm:20623us (i/b/h/e/p/c) New:0/0/0/0/0/1, Cur:0/0/0/927/0/2162
Sz:256 Tm:247us (i/b/h/e/p/c) New:0/0/0/1/1/25, Cur:0/0/0/873/0/1108
Sz:376 Tm:335us (i/b/h/e/p/c) New:0/0/0/0/0/4, Cur:0/0/0/900/0/2264
Sz:8282 Tm:17564us (i/b/h/e/p/c) New:0/0/0/0/0/1, Cur:0/0/0/925/0/2146
Sz:256 Tm:860us (i/b/h/e/p/c) New:0/0/0/0/0/1, Cur:0/0/0/873/0/1116
Sz:256 Tm:1834us (i/b/h/e/p/c) New:0/0/0/0/0/2, Cur:0/0/0/872/0/1109
Sz:291 Tm:219us (i/b/h/e/p/c) New:0/0/0/0/0/1, Cur:0/0/0/786/0/1435
Sz:212 Tm:185us (i/b/h/e/p/c) New:0/0/0/1/0/1, Cur:0/0/0/755/0/526
Sz:273 Tm:408us (i/b/h/e/p/c) New:0/0/0/0/0/1, Cur:0/0/0/891/0/1556
Sz:105 Tm:164us (i/b/h/e/p/c) New:0/0/0/0/0/5, Cur:0/0/0/768/0/993
Sz:194 Tm:160us (i/b/h/e/p/c) New:0/0/0/1/0/1, Cur:0/0/0/753/0/509
Sz:324 Tm:178us (i/b/h/e/p/c) New:0/0/0/0/0/1, Cur:0/0/0/848/0/714
Sz:120 Tm:183us (i/b/h/e/p/c) New:0/0/0/0/0/4, Cur:0/0/0/768/0/1096
Sz:7599 Tm:762us (i/b/h/e/p/c) New:0/0/0/0/0/1, Cur:0/0/0/994/0/3764
Sz:274 Tm:686us (i/b/h/e/p/c) New:0/0/0/0/0/1, Cur:0/0/0/901/0/2744
Sz:129 Tm:181us (i/b/h/e/p/c) New:0/0/0/0/0/1, Cur:0/0/0/783/0/1107
Sz:16396 Tm:222us (i/b/h/e/p/c) New:0/0/0/1/0/1, Cur:0/0/0/842/0/1029
Sz:259 Tm:179us (i/b/h/e/p/c) New:0/0/0/0/0/4, Cur:0/0/0/755/0/535
Sz:143 Tm:138us (i/b/h/e/p/c) New:0/0/0/0/0/1, Cur:0/0/0/783/0/707
Sz:3820 Tm:190us (i/b/h/e/p/c) New:0/0/0/1/0/1, Cur:0/0/0/849/0/823
Sz:274 Tm:262us (i/b/h/e/p/c) New:0/0/0/1/0/31, Cur:0/0/0/873/0/1394
Sz:336 Tm:1008us (i/b/h/e/p/c) New:0/0/0/0/0/1, Cur:0/0/0/865/0/791
Sz:178 Tm:984us (i/b/h/e/p/c) New:0/0/0/0/0/2, Cur:0/0/0/861/0/889
Sz:180 Tm:9870us (i/b/h/e/p/c) New:0/0/0/0/0/26, Cur:0/0/0/879/0/4737
Sz:420 Tm:269us (i/b/h/e/p/c) New:0/0/0/0/0/1, Cur:0/0/0/865/0/1136
Sz:324 Tm:179us (i/b/h/e/p/c) New:0/0/0/1/0/1, Cur:0/0/0/855/0/792
Sz:256 Tm:409us (i/b/h/e/p/c) New:0/0/0/0/0/1, Cur:0/0/0/750/0/599
Sz:126 Tm:461us (i/b/h/e/p/c) New:0/0/0/0/0/43, Cur:0/0/0/963/0/2121
Sz:203 Tm:441us (i/b/h/e/p/c) New:0/0/0/0/0/3, Cur:0/0/0/781/0/1288
Sz:1246 Tm:176us (i/b/h/e/p/c) New:0/0/0/0/0/2, Cur:0/0/0/824/0/806
Sz:273 Tm:225us (i/b/h/e/p/c) New:0/0/0/0/0/2, Cur:0/0/0/819/0/616
Sz:145 Tm:1707us (i/b/h/e/p/c) New:0/0/0/1/0/8, Cur:0/0/0/962/0/1138
Sz:19846 Tm:268us (i/b/h/e/p/c) New:0/0/0/1/0/3, Cur:0/0/0/961/0/1141
Sz:3170 Tm:1015us (i/b/h/e/p/c) New:0/0/0/0/0/3, Cur:0/0/0/861/0/1202
Sz:256 Tm:555us (i/b/h/e/p/c) New:0/0/0/0/0/1, Cur:0/0/0/872/0/1109
Sz:445 Tm:1041us (i/b/h/e/p/c) New:0/0/0/7/0/348, Cur:0/0/0/926/0/3124
Sz:128 Tm:228us (i/b/h/e/p/c) New:0/0/0/0/0/1, Cur:0/0/0/881/0/731
Sz:452 Tm:11241us (i/b/h/e/p/c) New:0/0/0/0/0/4, Cur:0/0/0/972/0/4982
Sz:458 Tm:16824us (i/b/h/e/p/c) New:0/0/0/0/0/3, Cur:0/0/0/973/0/4864
Sz:453 Tm:1811us (i/b/h/e/p/c) New:0/0/0/1/0/9, Cur:0/0/0/975/0/5182
Sz:367 Tm:186us (i/b/h/e/p/c) New:0/0/0/0/0/1, Cur:0/0/0/821/0/1285
Sz:477 Tm:626us (i/b/h/e/p/c) New:0/0/0/1/0/6, Cur:0/0/0/975/0/4943
Sz:508 Tm:10722us (i/b/h/e/p/c) New:0/0/0/0/0/7, Cur:0/0/0/974/0/4863
Sz:18603 Tm:5550us (i/b/h/e/p/c) New:0/0/0/3/0/17, Cur:0/0/0/972/0/4758
Sz:469 Tm:693us (i/b/h/e/p/c) New:0/0/0/0/0/5, Cur:0/0/0/970/0/5044
Sz:450 Tm:738us (i/b/h/e/p/c) New:0/0/0/8/0/139, Cur:0/0/0/969/0/4389
Sz:1278 Tm:851us (i/b/h/e/p/c) New:0/0/0/0/0/1, Cur:0/0/0/971/0/1639
Sz:498 Tm:13365us (i/b/h/e/p/c) New:0/0/0/0/0/1, Cur:0/0/0/972/0/4772
Sz:484 Tm:682us (i/b/h/e/p/c) New:0/0/0/0/0/3, Cur:0/0/0/972/0/4886
Sz:473 Tm:7803us (i/b/h/e/p/c) New:0/0/0/0/0/1, Cur:0/0/0/972/0/4810
Sz:515 Tm:625us (i/b/h/e/p/c) New:0/0/0/4/0/20, Cur:0/0/0/905/0/2613
Sz:472 Tm:782us (i/b/h/e/p/c) New:0/0/0/3/0/62, Cur:0/0/0/956/0/4105
Sz:472 Tm:24777us (i/b/h/e/p/c) New:0/0/0/5/0/52, Cur:0/0/0/971/0/4770
Sz:451 Tm:625us (i/b/h/e/p/c) New:0/0/0/3/0/28, Cur:0/0/0/970/0/4776
Sz:40109 Tm:610us (i/b/h/e/p/c) New:0/0/0/0/0/3, Cur:0/0/0/924/0/2853
Sz:475 Tm:684us (i/b/h/e/p/c) New:0/0/0/0/0/5, Cur:0/0/0/967/0/4692
Sz:2616 Tm:8759us (i/b/h/e/p/c) New:0/0/0/0/0/1, Cur:0/0/0/954/0/4216
Sz:1262 Tm:305us (i/b/h/e/p/c) New:0/0/0/1/0/1, Cur:0/0/0/951/0/1374
Sz:449 Tm:375us (i/b/h/e/p/c) New:0/0/0/0/0/1, Cur:0/0/0/923/0/3041
Sz:482 Tm:14290us (i/b/h/e/p/c) New:0/0/0/0/0/1, Cur:0/0/0/967/0/4393
Sz:795 Tm:1485us (i/b/h/e/p/c) New:0/0/0/1/0/5, Cur:0/0/0/965/0/4506
Sz:477 Tm:834us (i/b/h/e/p/c) New:0/0/0/2/0/12, Cur:0/0/0/969/0/4797
Sz:483 Tm:25990us (i/b/h/e/p/c) New:0/0/0/0/0/187, Cur:0/0/0/960/0/10263
Sz:805 Tm:1006us (i/b/h/e/p/c) New:0/0/0/0/0/1, Cur:0/0/0/956/0/3811
Sz:531 Tm:14846us (i/b/h/e/p/c) New:0/0/0/0/0/5, Cur:0/0/0/957/0/3845
Sz:455 Tm:1640us (i/b/h/e/p/c) New:0/0/0/0/0/1, Cur:0/0/0/955/0/3781
Sz:457 Tm:723us (i/b/h/e/p/c) New:0/0/0/0/0/3, Cur:0/0/0/958/0/3986
Sz:477 Tm:691us (i/b/h/e/p/c) New:0/0/0/0/0/2, Cur:0/0/0/959/0/3936
Sz:467 Tm:1230us (i/b/h/e/p/c) New:0/0/0/0/0/1, Cur:0/0/0/956/0/3811
Sz:445 Tm:667us (i/b/h/e/p/c) New:0/0/0/0/0/5, Cur:0/0/0/952/0/3691
Sz:1270 Tm:651us (i/b/h/e/p/c) New:0/0/0/0/0/1, Cur:0/0/0/958/0/1606
Sz:455 Tm:673us (i/b/h/e/p/c) New:0/0/0/0/0/1, Cur:0/0/0/965/0/4195
Sz:504 Tm:12793us (i/b/h/e/p/c) New:0/0/0/0/0/15, Cur:0/0/0/950/0/9368
Sz:483 Tm:23079us (i/b/h/e/p/c) New:0/0/0/3/0/17, Cur:0/0/0/956/0/4108
Sz:484 Tm:1390us (i/b/h/e/p/c) New:0/0/0/2/0/107, Cur:0/0/0/956/0/3844
Sz:463 Tm:694us (i/b/h/e/p/c) New:0/0/0/0/0/12, Cur:0/0/0/904/0/4056
Sz:477 Tm:7019us (i/b/h/e/p/c) New:0/0/0/0/0/2, Cur:0/0/0/950/0/3697
Sz:60 Tm:173us (i/b/h/e/p/c) New:0/0/0/1/0/2, Cur:0/0/0/874/0/778
Sz:462 Tm:618us (i/b/h/e/p/c) New:0/0/0/1/0/9, Cur:0/0/0/955/0/4007
Sz:455 Tm:6054us (i/b/h/e/p/c) New:0/0/0/0/0/1, Cur:0/0/0/958/0/3985
Sz:448 Tm:270us (i/b/h/e/p/c) New:0/0/0/0/0/1, Cur:0/0/0/859/0/671
Sz:1282 Tm:294us (i/b/h/e/p/c) New:0/0/0/0/0/1, Cur:0/0/0/941/0/1248
Sz:492 Tm:13970us (i/b/h/e/p/c) New:0/0/0/0/0/1, Cur:0/0/0/954/0/3751
Sz:514 Tm:44986us (i/b/h/e/p/c) New:0/0/0/0/0/33, Cur:0/0/0/944/0/8797
Sz:125 Tm:445us (i/b/h/e/p/c) New:0/0/0/0/0/13, Cur:0/0/0/860/0/2711
Sz:447 Tm:386us (i/b/h/e/p/c) New:0/0/0/0/0/3, Cur:0/0/0/882/0/1705
Sz:649 Tm:634us (i/b/h/e/p/c) New:0/0/0/0/0/13, Cur:0/0/0/914/0/5977
Sz:500 Tm:721us (i/b/h/e/p/c) New:0/0/0/1/0/6, Cur:0/0/0/959/0/3901
Sz:69 Tm:813us (i/b/h/e/p/c) New:0/0/0/3/0/52, Cur:0/0/0/870/0/2025
Sz:467 Tm:13854us (i/b/h/e/p/c) New:0/0/0/0/0/6, Cur:0/0/0/862/0/6862
Sz:447 Tm:15137us (i/b/h/e/p/c) New:0/0/0/0/0/4, Cur:0/0/0/959/0/9657
Sz:133 Tm:135us (i/b/h/e/p/c) New:0/0/0/0/0/1, Cur:0/0/0/768/0/1021
Sz:56 Tm:616us (i/b/h/e/p/c) New:0/0/0/1/0/1, Cur:0/0/0/854/0/730
Sz:357 Tm:168us (i/b/h/e/p/c) New:0/0/0/0/0/3, Cur:0/0/0/754/0/794
Sz:125 Tm:360us (i/b/h/e/p/c) New:0/0/0/0/0/2, Cur:0/0/0/860/0/2711
Sz:189 Tm:2331us (i/b/h/e/p/c) New:0/0/0/0/0/2, Cur:0/0/0/823/0/1887
Sz:69 Tm:454us (i/b/h/e/p/c) New:0/0/0/4/0/53, Cur:0/0/0/873/0/2186
Sz:73 Tm:412us (i/b/h/e/p/c) New:0/0/0/0/0/3, Cur:0/0/0/863/0/1958
Sz:128 Tm:510us (i/b/h/e/p/c) New:0/0/0/0/0/1, Cur:0/0/0/863/0/796
Sz:263 Tm:311us (i/b/h/e/p/c) New:0/0/0/0/0/1, Cur:0/0/0/868/0/1068
Sz:8285 Tm:31068us (i/b/h/e/p/c) New:0/0/0/1/0/1, Cur:0/0/0/926/0/2143
Sz:343 Tm:294us (i/b/h/e/p/c) New:0/0/0/1/0/65, Cur:0/0/0/819/0/1652
Sz:380 Tm:104us (i/b/h/e/p/c) New:0/0/0/0/0/1, Cur:0/0/0/761/0/611
Sz:60 Tm:247us (i/b/h/e/p/c) New:0/0/0/3/0/1, Cur:0/0/0/940/0/922
Sz:60 Tm:6234us (i/b/h/e/p/c) New:0/0/0/2/0/32, Cur:0/0/0/891/0/822
Sz:67 Tm:5001us (i/b/h/e/p/c) New:0/0/0/1/0/0, Cur:0/0/0/940/0/920
Sz:198 Tm:172us (i/b/h/e/p/c) New:0/0/0/0/0/1, Cur:0/0/0/783/0/736
Sz:523 Tm:1338us (i/b/h/e/p/c) New:0/0/0/0/0/2, Cur:0/0/0/944/0/8797
Sz:575 Tm:8223us (i/b/h/e/p/c) New:0/0/0/0/0/2, Cur:0/0/0/951/0/9455
Sz:210 Tm:136us (i/b/h/e/p/c) New:0/0/0/0/0/1, Cur:0/0/0/783/0/685
Sz:812 Tm:409us (i/b/h/e/p/c) New:0/0/0/0/0/2, Cur:0/0/0/919/0/2595
Sz:64 Tm:266us (i/b/h/e/p/c) New:0/0/0/1/0/66, Cur:0/0/0/946/0/924
Sz:549 Tm:3529us (i/b/h/e/p/c) New:0/0/0/0/0/1, Cur:0/0/0/914/0/5977
Sz:64 Tm:190us (i/b/h/e/p/c) New:0/0/0/1/0/0, Cur:0/0/0/867/0/776
Sz:1282 Tm:261us (i/b/h/e/p/c) New:0/0/0/0/0/2, Cur:0/0/0/940/0/1244
Sz:531 Tm:1741us (i/b/h/e/p/c) New:0/0/0/0/0/2, Cur:0/0/0/949/0/9267
Sz:538 Tm:9512us (i/b/h/e/p/c) New:0/0/0/0/0/3, Cur:0/0/0/942/0/8616
Sz:481 Tm:812us (i/b/h/e/p/c) New:0/0/0/0/0/4, Cur:0/0/0/861/0/6060
Sz:477 Tm:11586us (i/b/h/e/p/c) New:0/0/0/0/0/1, Cur:0/0/0/868/0/6487
Sz:291 Tm:223us (i/b/h/e/p/c) New:0/0/0/0/0/2, Cur:0/0/0/783/0/542
Sz:489 Tm:37382us (i/b/h/e/p/c) New:0/0/0/0/0/2, Cur:0/0/0/862/0/6121
Sz:501 Tm:52728us (i/b/h/e/p/c) New:0/0/0/0/0/6, Cur:0/0/0/861/0/6060
Sz:793 Tm:49730us (i/b/h/e/p/c) New:0/0/0/0/0/1, Cur:0/0/0/864/0/6243
Sz:3805 Tm:118us (i/b/h/e/p/c) New:0/0/0/1/0/65, Cur:0/0/0/734/0/586
Sz:495 Tm:20214us (i/b/h/e/p/c) New:0/0/0/0/0/1, Cur:0/0/0/861/0/6061
Sz:185 Tm:320us (i/b/h/e/p/c) New:0/0/0/0/0/3, Cur:0/0/0/856/0/2244
Sz:470 Tm:4810us (i/b/h/e/p/c) New:0/0/0/2/0/42, Cur:0/0/0/963/0/4197
Sz:630 Tm:15417us (i/b/h/e/p/c) New:0/0/0/0/0/1, Cur:0/0/0/862/0/6121
Sz:545 Tm:589us (i/b/h/e/p/c) New:0/0/0/1/0/36, Cur:0/0/0/954/0/3755
Sz:313 Tm:4833us (i/b/h/e/p/c) New:0/0/0/1/0/1, Cur:0/0/0/788/0/1310
Sz:792 Tm:10483us (i/b/h/e/p/c) New:0/0/0/0/0/1, Cur:0/0/0/863/0/6182
Sz:463 Tm:10255us (i/b/h/e/p/c) New:0/0/0/0/0/8, Cur:0/0/0/957/0/7713
Sz:69 Tm:470us (i/b/h/e/p/c) New:0/0/0/0/0/1, Cur:0/0/0/873/0/2186
Sz:481 Tm:9303us (i/b/h/e/p/c) New:0/0/0/0/0/1, Cur:0/0/0/956/0/3925
Sz:799 Tm:13554us (i/b/h/e/p/c) New:0/0/0/0/0/1, Cur:0/0/0/854/0/5633
Sz:343 Tm:197us (i/b/h/e/p/c) New:0/0/0/1/0/0, Cur:0/0/0/827/0/1722
Sz:862 Tm:1228us (i/b/h/e/p/c) New:0/0/0/0/0/5, Cur:0/0/0/945/0/8891
Sz:868 Tm:18467us (i/b/h/e/p/c) New:0/0/0/0/0/2, Cur:0/0/0/946/0/8985
Sz:343 Tm:244us (i/b/h/e/p/c) New:0/0/0/1/0/2, Cur:0/0/0/822/0/1651
Sz:343 Tm:640us (i/b/h/e/p/c) New:0/0/0/1/0/2, Cur:0/0/0/826/0/1649
Sz:507 Tm:482us (i/b/h/e/p/c) New:0/0/0/0/0/2, Cur:0/0/0/788/0/2005
Sz:69 Tm:247us (i/b/h/e/p/c) New:0/0/0/1/0/6, Cur:0/0/0/863/0/886
Sz:862 Tm:29538us (i/b/h/e/p/c) New:0/0/0/0/0/1, Cur:0/0/0/934/0/7857
Sz:420 Tm:210us (i/b/h/e/p/c) New:0/0/0/0/0/1, Cur:0/0/0/861/0/813
Sz:77 Tm:171us (i/b/h/e/p/c) New:0/0/0/1/0/0, Cur:0/0/0/945/0/703
Sz:1301 Tm:882us (i/b/h/e/p/c) New:0/0/0/2/0/6, Cur:0/0/0/967/0/1462
Sz:507 Tm:984us (i/b/h/e/p/c) New:0/0/0/0/0/4, Cur:0/0/0/869/0/7308
Sz:523 Tm:30640us (i/b/h/e/p/c) New:0/0/0/0/0/2, Cur:0/0/0/943/0/8703
Sz:729 Tm:786us (i/b/h/e/p/c) New:0/0/0/1/0/70, Cur:0/0/0/955/0/3893
Sz:71 Tm:1095us (i/b/h/e/p/c) New:0/0/0/0/0/1, Cur:0/0/0/858/0/861
Sz:290 Tm:361us (i/b/h/e/p/c) New:0/0/0/0/0/2, Cur:0/0/0/902/0/2657
Sz:64 Tm:291us (i/b/h/e/p/c) New:0/0/0/4/0/34, Cur:0/0/0/945/0/935
Sz:3166 Tm:930us (i/b/h/e/p/c) New:0/0/0/0/0/2, Cur:0/0/0/857/0/951
Sz:271 Tm:334us (i/b/h/e/p/c) New:0/0/0/0/0/1, Cur:0/0/0/864/0/1136
Sz:460 Tm:31724us (i/b/h/e/p/c) New:0/0/0/0/0/1, Cur:0/0/0/947/0/6785
Sz:932 Tm:23641us (i/b/h/e/p/c) New:0/0/0/0/0/3, Cur:0/0/0/944/0/3293
Sz:577 Tm:3537us (i/b/h/e/p/c) New:0/0/0/0/0/2, Cur:0/0/0/950/0/3697
Sz:1358 Tm:1120us (i/b/h/e/p/c) New:0/0/0/0/0/1, Cur:0/0/0/950/0/1465
Sz:368 Tm:164us (i/b/h/e/p/c) New:0/0/0/0/0/1, Cur:0/0/0/794/0/699
Sz:89 Tm:2049us (i/b/h/e/p/c) New:0/0/0/0/0/1, Cur:0/0/0/868/0/1417
Sz:713 Tm:356us (i/b/h/e/p/c) New:0/0/0/0/0/1, Cur:0/0/0/959/0/1411
Sz:128 Tm:195us (i/b/h/e/p/c) New:0/0/0/0/0/2, Cur:0/0/0/861/0/808
Sz:547 Tm:336us (i/b/h/e/p/c) New:0/0/0/0/0/3, Cur:0/0/0/873/0/1214
Sz:748 Tm:172us (i/b/h/e/p/c) New:0/0/0/0/0/1, Cur:0/0/0/841/0/983
Sz:1240 Tm:915us (i/b/h/e/p/c) New:0/0/0/8/0/167, Cur:0/0/0/841/0/1360
Sz:185 Tm:292us (i/b/h/e/p/c) New:0/0/0/0/0/5, Cur:0/0/0/860/0/2291
Sz:372 Tm:122us (i/b/h/e/p/c) New:0/0/0/0/0/1, Cur:0/0/0/794/0/699
Sz:181 Tm:19080us (i/b/h/e/p/c) New:0/0/0/0/0/2, Cur:0/0/0/822/0/1886
Sz:420 Tm:274us (i/b/h/e/p/c) New:0/0/0/2/0/0, Cur:0/0/0/863/0/783
Sz:1813 Tm:1080us (i/b/h/e/p/c) New:0/0/0/0/0/1, Cur:0/0/0/952/0/1455
Sz:125 Tm:354us (i/b/h/e/p/c) New:0/0/0/0/0/25, Cur:0/0/0/859/0/2811
Sz:141 Tm:385us (i/b/h/e/p/c) New:0/0/0/0/0/1, Cur:0/0/0/859/0/2811
Sz:1115 Tm:2396us (i/b/h/e/p/c) New:0/0/0/1/0/0, Cur:0/0/0/878/0/801
Sz:717 Tm:378us (i/b/h/e/p/c) New:0/0/0/1/0/1, Cur:0/0/0/950/0/2815
Sz:377 Tm:468us (i/b/h/e/p/c) New:0/0/0/0/0/1, Cur:0/0/0/815/0/1144
Sz:72 Tm:160us (i/b/h/e/p/c) New:0/0/0/0/0/1, Cur:0/0/0/852/0/731
Sz:713 Tm:254us (i/b/h/e/p/c) New:0/0/0/0/0/1, Cur:0/0/0/864/0/1063
Sz:93 Tm:368us (i/b/h/e/p/c) New:0/0/0/0/0/4, Cur:0/0/0/871/0/798
Sz:547 Tm:840us (i/b/h/e/p/c) New:0/0/0/0/0/2, Cur:0/0/0/864/0/1130
Sz:367 Tm:253us (i/b/h/e/p/c) New:0/0/0/0/0/1, Cur:0/0/0/823/0/1383
Sz:740 Tm:185us (i/b/h/e/p/c) New:0/0/0/0/0/3, Cur:0/0/0/839/0/1435
Sz:862 Tm:1803us (i/b/h/e/p/c) New:0/0/0/0/0/8, Cur:0/0/0/884/0/3164
Sz:16400 Tm:251us (i/b/h/e/p/c) New:0/0/0/0/0/7, Cur:0/0/0/837/0/1250
Sz:343 Tm:208us (i/b/h/e/p/c) New:0/0/0/1/0/63, Cur:0/0/0/821/0/1651
Sz:347 Tm:205us (i/b/h/e/p/c) New:0/0/0/1/0/1, Cur:0/0/0/779/0/1520
Sz:291 Tm:177us (i/b/h/e/p/c) New:0/0/0/0/0/1, Cur:0/0/0/784/0/541
Sz:64 Tm:862us (i/b/h/e/p/c) New:0/0/0/1/0/0, Cur:0/0/0/880/0/804
Sz:64 Tm:4178us (i/b/h/e/p/c) New:0/0/0/1/0/3, Cur:0/0/0/870/0/779
Sz:293 Tm:216us (i/b/h/e/p/c) New:0/0/0/0/0/1, Cur:0/0/0/827/0/1757
Sz:721 Tm:837us (i/b/h/e/p/c) New:0/0/0/0/0/2, Cur:0/0/0/867/0/1041
Sz:287 Tm:194us (i/b/h/e/p/c) New:0/0/0/0/0/2, Cur:0/0/0/768/0/641
Sz:64 Tm:224us (i/b/h/e/p/c) New:0/0/0/0/0/1, Cur:0/0/0/869/0/783
Sz:8291 Tm:17908us (i/b/h/e/p/c) New:0/0/0/0/0/1, Cur:0/0/0/926/0/2143
Sz:303 Tm:645us (i/b/h/e/p/c) New:0/0/0/0/0/1, Cur:0/0/0/785/0/764
Sz:291 Tm:154us (i/b/h/e/p/c) New:0/0/0/0/0/1, Cur:0/0/0/786/0/651
Sz:1244 Tm:621us (i/b/h/e/p/c) New:0/0/0/0/0/4, Cur:0/0/0/883/0/1342
Sz:1275 Tm:418us (i/b/h/e/p/c) New:0/0/0/0/0/1, Cur:0/0/0/785/0/765
Sz:1262 Tm:277us (i/b/h/e/p/c) New:0/0/0/0/0/1, Cur:0/0/0/923/0/1440
Sz:1266 Tm:360us (i/b/h/e/p/c) New:0/0/0/0/0/1, Cur:0/0/0/927/0/1481
Sz:481 Tm:23089us (i/b/h/e/p/c) New:0/0/0/0/0/2, Cur:0/0/0/793/0/1952
Sz:64 Tm:11602us (i/b/h/e/p/c) New:0/0/0/0/0/1, Cur:0/0/0/880/0/804
Sz:4104 Tm:217us (i/b/h/e/p/c) New:0/0/0/1/0/21, Cur:0/0/0/806/0/871
Sz:4112 Tm:4056us (i/b/h/e/p/c) New:0/0/0/0/0/12, Cur:0/0/0/818/0/939
Sz:4540 Tm:209us (i/b/h/e/p/c) New:0/0/0/1/0/1, Cur:0/0/0/825/0/968
Sz:437 Tm:217us (i/b/h/e/p/c) New:0/0/0/0/0/1, Cur:0/0/0/860/0/934
Sz:347 Tm:259us (i/b/h/e/p/c) New:0/0/0/1/0/0, Cur:0/0/0/807/0/1621
Sz:2881 Tm:3369us (i/b/h/e/p/c) New:0/0/0/0/0/1, Cur:0/0/0/868/0/999
Sz:25261 Tm:484us (i/b/h/e/p/c) New:0/0/0/0/0/5, Cur:0/0/0/831/0/1266
Sz:650 Tm:334us (i/b/h/e/p/c) New:0/0/0/1/0/2, Cur:0/0/0/909/0/2720
Sz:663 Tm:547us (i/b/h/e/p/c) New:0/0/0/1/0/0, Cur:0/0/0/932/0/2703
Sz:522 Tm:1035us (i/b/h/e/p/c) New:0/0/0/0/0/1, Cur:0/0/0/780/0/1172
Sz:13130 Tm:35503us (i/b/h/e/p/c) New:0/0/0/0/0/4, Cur:0/0/0/931/0/4286
Sz:677 Tm:17077us (i/b/h/e/p/c) New:0/0/0/0/0/1, Cur:0/0/0/784/0/1363
Sz:256 Tm:113us (i/b/h/e/p/c) New:0/0/0/0/0/1, Cur:0/0/0/818/0/707
Sz:1119 Tm:621us (i/b/h/e/p/c) New:0/0/0/0/0/3, Cur:0/0/0/880/0/1423
Sz:64 Tm:173us (i/b/h/e/p/c) New:0/0/0/0/0/1, Cur:0/0/0/852/0/730
Sz:663 Tm:848us (i/b/h/e/p/c) New:0/0/0/1/0/2, Cur:0/0/0/931/0/2705
Sz:8208 Tm:30562us (i/b/h/e/p/c) New:0/0/0/0/0/1, Cur:0/0/0/933/0/4256
Sz:275 Tm:261us (i/b/h/e/p/c) New:0/0/0/0/0/1, Cur:0/0/0/865/0/1157
Sz:73 Tm:5621us (i/b/h/e/p/c) New:0/0/0/0/0/2, Cur:0/0/0/786/0/671
Sz:99 Tm:651us (i/b/h/e/p/c) New:0/0/0/0/0/4, Cur:0/0/0/861/0/1896
Sz:361 Tm:182us (i/b/h/e/p/c) New:0/0/0/0/0/1, Cur:0/0/0/790/0/1496
Sz:2900 Tm:234us (i/b/h/e/p/c) New:0/0/0/1/0/0, Cur:0/0/0/860/0/866
Sz:144 Tm:876us (i/b/h/e/p/c) New:0/0/0/0/0/12, Cur:0/0/0/853/0/2289
Sz:150 Tm:391us (i/b/h/e/p/c) New:0/0/0/0/0/3, Cur:0/0/0/854/0/2738
Sz:149 Tm:524us (i/b/h/e/p/c) New:0/0/0/1/0/7, Cur:0/0/0/787/0/843
Sz:405 Tm:242us (i/b/h/e/p/c) New:0/0/0/0/0/3, Cur:0/0/0/860/0/881
Sz:405 Tm:276us (i/b/h/e/p/c) New:0/0/0/0/0/1, Cur:0/0/0/755/0/694
Sz:405 Tm:253us (i/b/h/e/p/c) New:0/0/0/0/0/4, Cur:0/0/0/905/0/2007
Sz:128 Tm:12616us (i/b/h/e/p/c) New:0/0/0/0/0/20, Cur:0/0/0/899/0/6166
Sz:405 Tm:360us (i/b/h/e/p/c) New:0/0/0/0/0/1, Cur:0/0/0/905/0/2007
Sz:871 Tm:8964us (i/b/h/e/p/c) New:0/0/0/0/0/8, Cur:0/0/0/875/0/2311
Sz:2325 Tm:1275us (i/b/h/e/p/c) New:0/0/0/1/0/32, Cur:0/0/0/904/0/1045
Sz:123 Tm:2291us (i/b/h/e/p/c) New:0/0/0/0/0/2, Cur:0/0/0/823/0/1887
Sz:122 Tm:919us (i/b/h/e/p/c) New:0/0/0/0/0/11, Cur:0/0/0/860/0/2711
Sz:138 Tm:347us (i/b/h/e/p/c) New:0/0/0/0/0/4, Cur:0/0/0/855/0/2716
Sz:804 Tm:22574us (i/b/h/e/p/c) New:0/0/0/0/0/1, Cur:0/0/0/792/0/1851
Sz:354 Tm:4452us (i/b/h/e/p/c) New:0/0/0/1/0/1, Cur:0/0/0/788/0/1549
Sz:300 Tm:788us (i/b/h/e/p/c) New:0/0/0/0/0/19, Cur:0/0/0/777/0/1649
Sz:133 Tm:169us (i/b/h/e/p/c) New:0/0/0/0/0/1, Cur:0/0/0/772/0/627
Sz:275 Tm:294us (i/b/h/e/p/c) New:0/0/0/0/0/1, Cur:0/0/0/867/0/1253
Sz:1206 Tm:495us (i/b/h/e/p/c) New:0/0/0/0/0/1, Cur:0/0/0/880/0/810
Sz:138 Tm:284us (i/b/h/e/p/c) New:0/0/0/2/0/133, Cur:0/0/0/862/0/2308
Sz:283 Tm:215us (i/b/h/e/p/c) New:0/0/0/0/0/1, Cur:0/0/0/864/0/1108
Sz:178 Tm:172us (i/b/h/e/p/c) New:0/0/0/0/0/1, Cur:0/0/0/764/0/959
Sz:367 Tm:256us (i/b/h/e/p/c) New:0/0/0/0/0/1, Cur:0/0/0/822/0/1380
Sz:379 Tm:197us (i/b/h/e/p/c) New:0/0/0/0/0/1, Cur:0/0/0/822/0/1510
Sz:694 Tm:626us (i/b/h/e/p/c) New:0/0/0/0/0/1, Cur:0/0/0/931/0/2697
Sz:379 Tm:177us (i/b/h/e/p/c) New:0/0/0/0/0/1, Cur:0/0/0/784/0/1095
Sz:383 Tm:203us (i/b/h/e/p/c) New:0/0/0/0/0/1, Cur:0/0/0/822/0/1409
Sz:149 Tm:284us (i/b/h/e/p/c) New:0/0/0/0/0/4, Cur:0/0/0/860/0/2263
Sz:379 Tm:522us (i/b/h/e/p/c) New:0/0/0/0/0/1, Cur:0/0/0/822/0/1510
Sz:215 Tm:518us (i/b/h/e/p/c) New:0/0/0/1/0/1, Cur:0/0/0/855/0/2244
Sz:3022 Tm:264us (i/b/h/e/p/c) New:0/0/0/0/0/1, Cur:0/0/0/880/0/845
Sz:270 Tm:151us (i/b/h/e/p/c) New:0/0/0/1/0/1, Cur:0/0/0/785/0/722
Sz:530 Tm:1495us (i/b/h/e/p/c) New:0/0/0/0/0/1, Cur:0/0/0/787/0/1603
Sz:287 Tm:520us (i/b/h/e/p/c) New:0/0/0/0/0/1, Cur:0/0/0/858/0/1106
Sz:5074 Tm:468us (i/b/h/e/p/c) New:0/0/0/1/0/6, Cur:0/0/0/879/0/1246
Sz:607 Tm:372us (i/b/h/e/p/c) New:0/0/0/0/0/1, Cur:0/0/0/755/0/531
Sz:153 Tm:456us (i/b/h/e/p/c) New:0/0/0/0/0/4, Cur:0/0/0/863/0/2439
Sz:424 Tm:369us (i/b/h/e/p/c) New:0/0/0/0/0/2, Cur:0/0/0/866/0/1009
Sz:181 Tm:301us (i/b/h/e/p/c) New:0/0/0/1/0/7, Cur:0/0/0/797/0/1013
Sz:277 Tm:603us (i/b/h/e/p/c) New:0/0/0/0/0/1, Cur:0/0/0/876/0/1013
Sz:3336 Tm:391us (i/b/h/e/p/c) New:0/0/0/0/0/27, Cur:0/0/0/922/0/2776
Sz:560 Tm:402us (i/b/h/e/p/c) New:0/0/0/0/0/2, Cur:0/0/0/864/0/1123
Sz:147 Tm:121us (i/b/h/e/p/c) New:0/0/0/0/0/1, Cur:0/0/0/747/0/680
Sz:153 Tm:465us (i/b/h/e/p/c) New:0/0/0/0/0/3, Cur:0/0/0/862/0/2418
Sz:2979 Tm:9135us (i/b/h/e/p/c) New:0/0/0/0/0/4, Cur:0/0/0/786/0/2100
Sz:49 Tm:3720us (i/b/h/e/p/c) New:0/0/0/0/0/1, Cur:0/0/0/800/0/806
Sz:161 Tm:252us (i/b/h/e/p/c) New:0/0/0/0/0/2, Cur:0/0/0/753/0/1819
Sz:375 Tm:621us (i/b/h/e/p/c) New:0/0/0/0/0/1, Cur:0/0/0/821/0/1385
Sz:862 Tm:552us (i/b/h/e/p/c) New:0/0/0/0/0/6, Cur:0/0/0/862/0/1311
Sz:293 Tm:173us (i/b/h/e/p/c) New:0/0/0/0/0/1, Cur:0/0/0/821/0/1195
Sz:867 Tm:666us (i/b/h/e/p/c) New:0/0/0/0/0/2, Cur:0/0/0/859/0/1040
Sz:2517 Tm:529us (i/b/h/e/p/c) New:0/0/0/0/0/2, Cur:0/0/0/886/0/5132
Sz:998 Tm:152us (i/b/h/e/p/c) New:0/0/0/1/0/0, Cur:0/0/0/772/0/714
Sz:2529 Tm:1389us (i/b/h/e/p/c) New:0/0/0/0/0/10, Cur:0/0/0/870/0/5047
Sz:5666 Tm:196us (i/b/h/e/p/c) New:0/0/0/0/0/1, Cur:0/0/0/819/0/793
Sz:267 Tm:107us (i/b/h/e/p/c) New:0/0/0/0/0/1, Cur:0/0/0/746/0/515
Sz:267 Tm:103us (i/b/h/e/p/c) New:0/0/0/0/0/3, Cur:0/0/0/746/0/525
Sz:383 Tm:177us (i/b/h/e/p/c) New:0/0/0/0/0/5, Cur:0/0/0/761/0/815
Sz:202 Tm:724us (i/b/h/e/p/c) New:0/0/0/0/0/1, Cur:0/0/0/898/0/6054
Sz:202 Tm:6698us (i/b/h/e/p/c) New:0/0/0/0/0/1, Cur:0/0/0/900/0/5973
Sz:29727 Tm:765us (i/b/h/e/p/c) New:0/0/0/0/0/7, Cur:0/0/0/900/0/5992
Sz:2529 Tm:4121us (i/b/h/e/p/c) New:0/0/0/0/0/1, Cur:0/0/0/873/0/5094
Sz:895 Tm:65775us (i/b/h/e/p/c) New:0/0/0/0/0/2, Cur:0/0/0/858/0/1085
Sz:1832 Tm:1028us (i/b/h/e/p/c) New:0/0/0/0/0/4, Cur:0/0/0/838/0/1300
Sz:199 Tm:143us (i/b/h/e/p/c) New:0/0/0/0/0/1, Cur:0/0/0/774/0/750
Sz:202 Tm:838us (i/b/h/e/p/c) New:0/0/0/0/0/2, Cur:0/0/0/902/0/5994
Sz:122 Tm:362us (i/b/h/e/p/c) New:0/0/0/0/0/4, Cur:0/0/0/856/0/2692
Sz:8201 Tm:43139us (i/b/h/e/p/c) New:0/0/0/0/0/1, Cur:0/0/0/929/0/4182
Sz:303 Tm:325us (i/b/h/e/p/c) New:0/0/0/0/0/7, Cur:0/0/0/792/0/2282
Sz:202 Tm:645us (i/b/h/e/p/c) New:0/0/0/0/0/1, Cur:0/0/0/900/0/6098
Sz:4112 Tm:510us (i/b/h/e/p/c) New:0/0/0/0/0/2, Cur:0/0/0/906/0/3877
Sz:178 Tm:519us (i/b/h/e/p/c) New:0/0/0/0/0/1, Cur:0/0/0/858/0/2710
Sz:220 Tm:17490us (i/b/h/e/p/c) New:0/0/0/1/0/21, Cur:0/0/0/758/0/2660
Sz:365 Tm:820us (i/b/h/e/p/c) New:0/0/0/1/0/3, Cur:0/0/0/768/0/939
Sz:303 Tm:1398us (i/b/h/e/p/c) New:0/0/0/0/0/3, Cur:0/0/0/783/0/2096
Sz:307 Tm:10491us (i/b/h/e/p/c) New:0/0/0/0/0/2, Cur:0/0/0/783/0/2107
Sz:162 Tm:677us (i/b/h/e/p/c) New:0/0/0/0/0/16, Cur:0/0/0/825/0/1830
Sz:297 Tm:274us (i/b/h/e/p/c) New:0/0/0/0/0/2, Cur:0/0/0/783/0/2099
Sz:297 Tm:523us (i/b/h/e/p/c) New:0/0/0/0/0/19, Cur:0/0/0/828/0/4627
Sz:336 Tm:329us (i/b/h/e/p/c) New:0/0/0/0/0/1, Cur:0/0/0/761/0/1785
Sz:12920 Tm:1242us (i/b/h/e/p/c) New:0/0/0/0/0/3, Cur:0/0/0/743/0/1602
Sz:493 Tm:584us (i/b/h/e/p/c) New:0/0/0/0/0/1, Cur:0/0/0/792/0/2955
Sz:316 Tm:166us (i/b/h/e/p/c) New:0/0/0/0/0/4, Cur:0/0/0/742/0/526
Sz:874 Tm:37173us (i/b/h/e/p/c) New:0/0/0/0/0/1, Cur:0/0/0/820/0/842
Sz:300 Tm:273us (i/b/h/e/p/c) New:0/0/0/0/0/2, Cur:0/0/0/761/0/1730
Sz:502 Tm:546us (i/b/h/e/p/c) New:0/0/0/0/0/2, Cur:0/0/0/791/0/1969
Sz:373 Tm:229us (i/b/h/e/p/c) New:0/0/0/0/0/1, Cur:0/0/0/758/0/1391
Sz:297 Tm:503us (i/b/h/e/p/c) New:0/0/0/0/0/2, Cur:0/0/0/787/0/2918
Sz:2048 Tm:8483us (i/b/h/e/p/c) New:0/0/0/0/0/3, Cur:0/0/0/865/0/3981
Sz:8296 Tm:22492us (i/b/h/e/p/c) New:0/0/0/0/0/1, Cur:0/0/0/884/0/1926
Sz:712 Tm:5819us (i/b/h/e/p/c) New:0/0/0/0/0/9, Cur:0/0/0/876/0/5105
Sz:654 Tm:338us (i/b/h/e/p/c) New:0/0/0/1/0/0, Cur:0/0/0/838/0/1718
Sz:303 Tm:218us (i/b/h/e/p/c) New:0/0/0/0/0/1, Cur:0/0/0/775/0/1236
Sz:317 Tm:467us (i/b/h/e/p/c) New:0/0/0/0/0/2, Cur:0/0/0/774/0/1822
Sz:1205 Tm:14831us (i/b/h/e/p/c) New:0/0/0/0/0/1, Cur:0/0/0/816/0/897
Sz:301 Tm:439us (i/b/h/e/p/c) New:0/0/0/0/0/2, Cur:0/0/0/773/0/2150
Sz:166 Tm:319us (i/b/h/e/p/c) New:0/0/0/0/0/3, Cur:0/0/0/811/0/1710
Sz:507 Tm:1321us (i/b/h/e/p/c) New:0/0/0/0/0/1, Cur:0/0/0/791/0/2986
Sz:165 Tm:172us (i/b/h/e/p/c) New:0/0/0/0/0/1, Cur:0/0/0/739/0/740
Sz:211 Tm:24413us (i/b/h/e/p/c) New:0/0/0/0/0/3, Cur:0/0/0/741/0/1589
Sz:784 Tm:20878us (i/b/h/e/p/c) New:0/0/0/0/0/1, Cur:0/0/0/816/0/897
Sz:297 Tm:6371us (i/b/h/e/p/c) New:0/0/0/0/0/6, Cur:0/0/0/863/0/4190
Sz:502 Tm:1088us (i/b/h/e/p/c) New:0/0/0/0/0/2, Cur:0/0/0/788/0/1894
Sz:10324 Tm:268us (i/b/h/e/p/c) New:0/0/0/0/0/1, Cur:0/0/0/762/0/1050
Sz:214 Tm:190us (i/b/h/e/p/c) New:0/0/0/0/0/1, Cur:0/0/0/757/0/1008
Sz:161 Tm:322us (i/b/h/e/p/c) New:0/0/0/0/0/9, Cur:0/0/0/826/0/1954
Sz:604 Tm:454us (i/b/h/e/p/c) New:0/0/0/0/0/4, Cur:0/0/0/765/0/2076
Sz:514 Tm:327us (i/b/h/e/p/c) New:0/0/0/0/0/5, Cur:0/0/0/786/0/1885
Sz:368 Tm:114us (i/b/h/e/p/c) New:0/0/0/1/0/1, Cur:0/0/0/761/0/491
Sz:343 Tm:210us (i/b/h/e/p/c) New:0/0/0/0/0/2, Cur:0/0/0/812/0/1180
Sz:514 Tm:539us (i/b/h/e/p/c) New:0/0/0/0/0/1, Cur:0/0/0/868/0/2738
Sz:451 Tm:258us (i/b/h/e/p/c) New:0/0/0/0/0/1, Cur:0/0/0/818/0/909
Sz:193 Tm:141us (i/b/h/e/p/c) New:0/0/0/0/0/1, Cur:0/0/0/740/0/479
Sz:3803 Tm:347us (i/b/h/e/p/c) New:0/0/0/0/0/2, Cur:0/0/0/770/0/808
Sz:529 Tm:368us (i/b/h/e/p/c) New:0/0/0/0/0/4, Cur:0/0/0/786/0/1885
Sz:2284 Tm:6494us (i/b/h/e/p/c) New:0/0/0/0/0/11, Cur:0/0/0/873/0/3484
Sz:465 Tm:987us (i/b/h/e/p/c) New:0/0/0/0/0/1, Cur:0/0/0/821/0/1098
Sz:510 Tm:1167us (i/b/h/e/p/c) New:0/0/0/0/0/1, Cur:0/0/0/764/0/1839
Sz:202 Tm:763us (i/b/h/e/p/c) New:0/0/0/0/0/1, Cur:0/0/0/848/0/3057
Sz:178 Tm:173us (i/b/h/e/p/c) New:0/0/0/0/0/3, Cur:0/0/0/739/0/831
Sz:251 Tm:15117us (i/b/h/e/p/c) New:0/0/0/0/0/2, Cur:0/0/0/741/0/1593
Sz:493 Tm:7503us (i/b/h/e/p/c) New:0/0/0/0/0/1, Cur:0/0/0/759/0/1706
Sz:748 Tm:934us (i/b/h/e/p/c) New:0/0/0/0/0/1, Cur:0/0/0/826/0/1108
Sz:554 Tm:1107us (i/b/h/e/p/c) New:0/0/0/0/0/1, Cur:0/0/0/779/0/2076
Sz:351 Tm:598us (i/b/h/e/p/c) New:0/0/0/0/0/1, Cur:0/0/0/816/0/1228
Sz:283 Tm:324us (i/b/h/e/p/c) New:0/0/0/0/0/3, Cur:0/0/0/819/0/2060
Sz:206 Tm:109us (i/b/h/e/p/c) New:0/0/0/0/0/1, Cur:0/0/0/738/0/484
Sz:191 Tm:134us (i/b/h/e/p/c) New:0/0/0/0/0/1, Cur:0/0/0/738/0/490
Sz:202 Tm:4487us (i/b/h/e/p/c) New:0/0/0/0/0/2, Cur:0/0/0/842/0/2528
Sz:138 Tm:8447us (i/b/h/e/p/c) New:0/0/0/0/0/25, Cur:0/0/0/827/0/2104
Sz:201 Tm:812us (i/b/h/e/p/c) New:0/0/0/0/0/3, Cur:0/0/0/842/0/2572
Sz:201 Tm:13068us (i/b/h/e/p/c) New:0/0/0/0/0/7, Cur:0/0/0/836/0/2538
Sz:272 Tm:472us (i/b/h/e/p/c) New:0/0/0/0/0/1, Cur:0/0/0/738/0/505
Sz:227 Tm:14742us (i/b/h/e/p/c) New:0/0/0/0/0/1, Cur:0/0/0/739/0/1584
Sz:643 Tm:159us (i/b/h/e/p/c) New:0/0/0/0/0/1, Cur:0/0/0/738/0/833
Sz:3323 Tm:293us (i/b/h/e/p/c) New:0/0/0/0/0/4, Cur:0/0/0/858/0/1787
Sz:297 Tm:474us (i/b/h/e/p/c) New:0/0/0/1/0/11, Cur:0/0/0/772/0/2574
Sz:329 Tm:816us (i/b/h/e/p/c) New:0/0/0/0/0/3, Cur:0/0/0/852/0/4334
Sz:471 Tm:8025us (i/b/h/e/p/c) New:0/0/0/0/0/2, Cur:0/0/0/813/0/752
Sz:514 Tm:6617us (i/b/h/e/p/c) New:0/0/0/0/0/24, Cur:0/0/0/761/0/3518
Sz:518 Tm:15222us (i/b/h/e/p/c) New:0/0/0/0/0/2, Cur:0/0/0/742/0/1593
Sz:172 Tm:384us (i/b/h/e/p/c) New:0/0/0/0/0/19, Cur:0/0/0/818/0/2024
Sz:522 Tm:37388us (i/b/h/e/p/c) New:0/0/0/0/0/2, Cur:0/0/0/742/0/1599
Sz:416 Tm:276us (i/b/h/e/p/c) New:0/0/0/0/0/1, Cur:0/0/0/739/0/652
Sz:677 Tm:37450us (i/b/h/e/p/c) New:0/0/0/0/0/1, Cur:0/0/0/742/0/1567
Sz:244 Tm:151us (i/b/h/e/p/c) New:0/0/0/0/0/4, Cur:0/0/0/759/0/656
Sz:497 Tm:310us (i/b/h/e/p/c) New:0/0/0/0/0/1, Cur:0/0/0/743/0/1520
Sz:179 Tm:1027us (i/b/h/e/p/c) New:0/0/0/0/0/12, Cur:0/0/0/814/0/1842
Sz:329 Tm:10966us (i/b/h/e/p/c) New:0/0/0/0/0/4, Cur:0/0/0/835/0/3737
Sz:297 Tm:441us (i/b/h/e/p/c) New:0/0/0/0/0/1, Cur:0/0/0/741/0/1484
Sz:479 Tm:10183us (i/b/h/e/p/c) New:0/0/0/0/0/2, Cur:0/0/0/811/0/748
Sz:157 Tm:462us (i/b/h/e/p/c) New:0/0/0/0/0/9, Cur:0/0/0/816/0/2159
Sz:297 Tm:1389us (i/b/h/e/p/c) New:0/0/0/0/0/3, Cur:0/0/0/834/0/3930
Sz:499 Tm:364us (i/b/h/e/p/c) New:0/0/0/0/0/1, Cur:0/0/0/751/0/1514
Sz:297 Tm:20179us (i/b/h/e/p/c) New:0/0/0/0/0/6, Cur:0/0/0/756/0/2782
Sz:1033 Tm:550us (i/b/h/e/p/c) New:0/0/0/0/0/2, Cur:0/0/0/827/0/731
Sz:503 Tm:5229us (i/b/h/e/p/c) New:0/0/0/0/0/1, Cur:0/0/0/747/0/1522
Sz:320 Tm:443us (i/b/h/e/p/c) New:0/0/0/0/0/3, Cur:0/0/0/737/0/1192
Sz:164 Tm:263us (i/b/h/e/p/c) New:0/0/0/2/0/34, Cur:0/0/0/840/0/1732
Sz:164 Tm:841us (i/b/h/e/p/c) New:0/0/0/0/0/2, Cur:0/0/0/837/0/2544
Sz:184 Tm:448us (i/b/h/e/p/c) New:0/0/0/0/0/4, Cur:0/0/0/816/0/2028
Sz:184 Tm:376us (i/b/h/e/p/c) New:0/0/0/0/0/4, Cur:0/0/0/818/0/2054
Sz:280 Tm:1052us (i/b/h/e/p/c) New:0/0/0/0/0/4, Cur:0/0/0/816/0/2023
Sz:297 Tm:38708us (i/b/h/e/p/c) New:0/0/0/0/0/10, Cur:0/0/0/755/0/2096
Sz:375 Tm:2544us (i/b/h/e/p/c) New:0/0/0/0/0/1, Cur:0/0/0/800/0/1668
Sz:379 Tm:1516us (i/b/h/e/p/c) New:0/0/0/0/0/2, Cur:0/0/0/801/0/1772
Sz:2284 Tm:8040us (i/b/h/e/p/c) New:0/0/0/0/0/1, Cur:0/0/0/836/0/2617
Sz:1336 Tm:327us (i/b/h/e/p/c) New:0/0/0/0/0/5, Cur:0/0/0/869/0/1932
Sz:164 Tm:997us (i/b/h/e/p/c) New:0/0/0/0/0/2, Cur:0/0/0/833/0/2491
Sz:164 Tm:705us (i/b/h/e/p/c) New:0/0/0/0/0/1, Cur:0/0/0/836/0/1741
Sz:259 Tm:7506us (i/b/h/e/p/c) New:0/0/0/0/0/2, Cur:0/0/0/744/0/1699
Sz:272 Tm:1310us (i/b/h/e/p/c) New:0/0/0/0/0/1, Cur:0/0/0/827/0/2315
Sz:472 Tm:437us (i/b/h/e/p/c) New:0/0/0/0/0/2, Cur:0/0/0/816/0/1170
Sz:164 Tm:827us (i/b/h/e/p/c) New:0/0/0/0/0/5, Cur:0/0/0/875/0/2489
Sz:3330 Tm:324us (i/b/h/e/p/c) New:0/0/0/0/0/4, Cur:0/0/0/857/0/1758
Sz:5808 Tm:217us (i/b/h/e/p/c) New:0/0/0/0/0/1, Cur:0/0/0/737/0/1045
Sz:524 Tm:7768us (i/b/h/e/p/c) New:0/0/0/0/0/4, Cur:0/0/0/743/0/1495
Sz:2885 Tm:485us (i/b/h/e/p/c) New:0/0/0/0/0/1, Cur:0/0/0/810/0/755
Sz:168 Tm:702us (i/b/h/e/p/c) New:0/0/0/0/0/2, Cur:0/0/0/870/0/2491
Sz:1373 Tm:1235us (i/b/h/e/p/c) New:0/0/0/0/0/2, Cur:0/0/0/755/0/1575
Sz:2532 Tm:1115us (i/b/h/e/p/c) New:0/0/0/0/0/1, Cur:0/0/0/871/0/2495
Sz:431 Tm:347us (i/b/h/e/p/c) New:0/0/0/3/0/40, Cur:0/0/0/866/0/1853
Sz:194 Tm:8002us (i/b/h/e/p/c) New:0/0/0/0/0/3, Cur:0/0/0/874/0/2596
Sz:200 Tm:326us (i/b/h/e/p/c) New:0/0/0/0/0/1, Cur:0/0/0/747/0/1394
Sz:1293 Tm:1203us (i/b/h/e/p/c) New:0/0/0/0/0/2, Cur:0/0/0/812/0/840
Sz:202 Tm:10489us (i/b/h/e/p/c) New:0/0/0/0/0/4, Cur:0/0/0/828/0/2349
Sz:579 Tm:453us (i/b/h/e/p/c) New:0/0/0/0/0/9, Cur:0/0/0/746/0/1499
Sz:192 Tm:4322us (i/b/h/e/p/c) New:0/0/0/0/0/28, Cur:0/0/0/866/0/2472
Sz:164 Tm:2346us (i/b/h/e/p/c) New:0/0/0/1/0/5, Cur:0/0/0/834/0/2444
Sz:401 Tm:4800us (i/b/h/e/p/c) New:0/0/0/0/0/8, Cur:0/0/0/823/0/4034
Sz:521 Tm:296us (i/b/h/e/p/c) New:0/0/0/1/0/3, Cur:0/0/0/864/0/1800
Sz:415 Tm:925us (i/b/h/e/p/c) New:0/0/0/0/0/1, Cur:0/0/0/817/0/944
Sz:969 Tm:5649us (i/b/h/e/p/c) New:0/0/0/1/0/6, Cur:0/0/0/740/0/1446
Sz:883 Tm:12822us (i/b/h/e/p/c) New:0/0/0/0/0/2, Cur:0/0/0/797/0/767
Sz:2372 Tm:325us (i/b/h/e/p/c) New:0/0/0/1/0/2, Cur:0/0/0/758/0/1365
Sz:168 Tm:587us (i/b/h/e/p/c) New:0/0/0/0/0/2, Cur:0/0/0/866/0/2442
Sz:280 Tm:578us (i/b/h/e/p/c) New:0/0/0/0/0/3, Cur:0/0/0/808/0/2004
Sz:1296 Tm:254us (i/b/h/e/p/c) New:0/0/0/0/0/1, Cur:0/0/0/709/0/573
Sz:685 Tm:38334us (i/b/h/e/p/c) New:0/0/0/0/0/3, Cur:0/0/0/742/0/1663
Sz:182 Tm:675us (i/b/h/e/p/c) New:0/0/0/0/0/1, Cur:0/0/0/859/0/2380
Sz:343 Tm:242us (i/b/h/e/p/c) New:0/0/0/1/0/1, Cur:0/0/0/749/0/1416
Sz:1289 Tm:196us (i/b/h/e/p/c) New:0/0/0/0/0/7, Cur:0/0/0/722/0/599
Sz:1110 Tm:144us (i/b/h/e/p/c) New:0/0/0/0/0/1, Cur:0/0/0/739/0/648
Sz:360 Tm:225us (i/b/h/e/p/c) New:0/0/0/0/0/1, Cur:0/0/0/747/0/1434
Sz:181 Tm:451us (i/b/h/e/p/c) New:0/0/0/1/0/5, Cur:0/0/0/712/0/570
Sz:176 Tm:662us (i/b/h/e/p/c) New:0/0/0/0/0/1, Cur:0/0/0/801/0/2144
Sz:198 Tm:503us (i/b/h/e/p/c) New:0/0/0/0/0/4, Cur:0/0/0/803/0/1942
Sz:1041 Tm:619us (i/b/h/e/p/c) New:0/0/0/0/0/25, Cur:0/0/0/823/0/542
Sz:305 Tm:925us (i/b/h/e/p/c) New:0/0/0/0/0/4, Cur:0/0/0/806/0/2225
Sz:284 Tm:14939us (i/b/h/e/p/c) New:0/0/0/0/0/3, Cur:0/0/0/805/0/1986
Sz:305 Tm:1701us (i/b/h/e/p/c) New:0/0/0/0/0/4, Cur:0/0/0/804/0/1882
Sz:3329 Tm:383us (i/b/h/e/p/c) New:0/0/0/0/0/3, Cur:0/0/0/846/0/1705
Sz:146 Tm:520us (i/b/h/e/p/c) New:0/0/0/0/0/4, Cur:0/0/0/804/0/1950
Sz:155 Tm:10489us (i/b/h/e/p/c) New:0/0/0/0/0/4, Cur:0/0/0/805/0/1958
Sz:493 Tm:4685us (i/b/h/e/p/c) New:0/0/0/0/0/3, Cur:0/0/0/748/0/1503
Sz:171 Tm:435us (i/b/h/e/p/c) New:0/0/0/0/0/4, Cur:0/0/0/805/0/1963
Sz:1903 Tm:9271us (i/b/h/e/p/c) New:0/0/0/0/0/8, Cur:0/0/0/853/0/2438
Sz:164 Tm:449us (i/b/h/e/p/c) New:0/0/0/0/0/1, Cur:0/0/0/774/0/1410
Sz:260 Tm:133us (i/b/h/e/p/c) New:0/0/0/0/0/2, Cur:0/0/0/739/0/555
Sz:703 Tm:48525us (i/b/h/e/p/c) New:0/0/0/0/0/4, Cur:0/0/0/742/0/1652
Sz:198 Tm:483us (i/b/h/e/p/c) New:0/0/0/0/0/1, Cur:0/0/0/737/0/474
Sz:1603 Tm:629us (i/b/h/e/p/c) New:0/0/0/0/0/4, Cur:0/0/0/845/0/920
Sz:1603 Tm:1321us (i/b/h/e/p/c) New:0/0/0/0/0/2, Cur:0/0/0/806/0/894
Sz:607 Tm:423us (i/b/h/e/p/c) New:0/0/0/0/0/1, Cur:0/0/0/800/0/935
Sz:168 Tm:4215us (i/b/h/e/p/c) New:0/0/0/0/0/4, Cur:0/0/0/862/0/2342
Sz:288 Tm:2741us (i/b/h/e/p/c) New:0/0/0/0/0/13, Cur:0/0/0/797/0/2208
Sz:1320 Tm:321us (i/b/h/e/p/c) New:0/0/0/0/0/1, Cur:0/0/0/726/0/457
Sz:1296 Tm:185us (i/b/h/e/p/c) New:0/0/0/0/0/4, Cur:0/0/0/713/0/604
Sz:309 Tm:590us (i/b/h/e/p/c) New:0/0/0/0/0/2, Cur:0/0/0/801/0/2178
Sz:499 Tm:653us (i/b/h/e/p/c) New:0/0/0/1/0/32, Cur:0/0/0/745/0/1535
Sz:1825 Tm:4895us (i/b/h/e/p/c) New:0/0/0/0/0/1, Cur:0/0/0/853/0/1805
Sz:498 Tm:449us (i/b/h/e/p/c) New:0/0/0/1/0/64, Cur:0/0/0/744/0/1452
Sz:713 Tm:303us (i/b/h/e/p/c) New:0/0/0/0/0/1, Cur:0/0/0/875/0/1010
Sz:187 Tm:3445us (i/b/h/e/p/c) New:0/0/0/0/0/4, Cur:0/0/0/858/0/2265
Sz:726 Tm:41399us (i/b/h/e/p/c) New:0/0/0/0/0/2, Cur:0/0/0/742/0/1753
Sz:514 Tm:390us (i/b/h/e/p/c) New:0/0/0/1/0/1, Cur:0/0/0/739/0/1447
Sz:503 Tm:777us (i/b/h/e/p/c) New:0/0/0/0/0/1, Cur:0/0/0/816/0/2202
Sz:198 Tm:139us (i/b/h/e/p/c) New:0/0/0/0/0/1, Cur:0/0/0/737/0/474
Sz:260 Tm:150us (i/b/h/e/p/c) New:0/0/0/1/0/0, Cur:0/0/0/738/0/557
Sz:216 Tm:123us (i/b/h/e/p/c) New:0/0/0/0/0/1, Cur:0/0/0/737/0/479
Sz:134 Tm:351us (i/b/h/e/p/c) New:0/0/0/1/0/1, Cur:0/0/0/802/0/794
Sz:313 Tm:814us (i/b/h/e/p/c) New:0/0/0/0/0/1, Cur:0/0/0/746/0/1378
Sz:393 Tm:837us (i/b/h/e/p/c) New:0/0/0/0/0/1, Cur:0/0/0/747/0/1425
Sz:28396 Tm:285us (i/b/h/e/p/c) New:0/0/0/1/0/0, Cur:0/0/0/810/0/818
Sz:730 Tm:34732us (i/b/h/e/p/c) New:0/0/0/0/0/2, Cur:0/0/0/740/0/1573
Sz:168 Tm:946us (i/b/h/e/p/c) New:0/0/0/0/0/4, Cur:0/0/0/860/0/2388
Sz:503 Tm:1697us (i/b/h/e/p/c) New:0/0/0/0/0/1, Cur:0/0/0/816/0/2212
Sz:1002 Tm:558us (i/b/h/e/p/c) New:0/0/0/1/0/5, Cur:0/0/0/804/0/1971
Sz:233 Tm:284us (i/b/h/e/p/c) New:0/0/0/0/0/1, Cur:0/0/0/737/0/485
Sz:275 Tm:430us (i/b/h/e/p/c) New:0/0/0/0/0/2, Cur:0/0/0/739/0/648
Sz:171 Tm:508us (i/b/h/e/p/c) New:0/0/0/2/0/14, Cur:0/0/0/807/0/2010
Sz:252 Tm:552us (i/b/h/e/p/c) New:0/0/0/1/0/1, Cur:0/0/0/798/0/597
Sz:397 Tm:141us (i/b/h/e/p/c) New:0/0/0/0/0/1, Cur:0/0/0/722/0/638
Sz:705 Tm:69016us (i/b/h/e/p/c) New:0/0/0/0/0/1, Cur:0/0/0/740/0/1568
Sz:152 Tm:274us (i/b/h/e/p/c) New:0/0/0/0/0/1, Cur:0/0/0/838/0/826
Sz:1052 Tm:244us (i/b/h/e/p/c) New:0/0/0/0/0/2, Cur:0/0/0/830/0/979
Sz:499 Tm:3549us (i/b/h/e/p/c) New:0/0/0/0/0/2, Cur:0/0/0/745/0/1576
Sz:313 Tm:38052us (i/b/h/e/p/c) New:0/0/0/0/0/16, Cur:0/0/0/748/0/2063
Sz:171 Tm:515us (i/b/h/e/p/c) New:0/0/0/1/0/6, Cur:0/0/0/806/0/1997
Sz:617 Tm:24952us (i/b/h/e/p/c) New:0/0/0/0/0/1, Cur:0/0/0/742/0/1700
Sz:446 Tm:1377us (i/b/h/e/p/c) New:0/0/0/0/0/1, Cur:0/0/0/801/0/2178
Sz:1258 Tm:2445us (i/b/h/e/p/c) New:0/0/0/0/0/15, Cur:0/0/0/786/0/2804
Sz:412 Tm:124us (i/b/h/e/p/c) New:0/0/0/0/0/3, Cur:0/0/0/722/0/730
Sz:1907 Tm:6757us (i/b/h/e/p/c) New:0/0/0/0/0/1, Cur:0/0/0/843/0/2169
Sz:511 Tm:3025us (i/b/h/e/p/c) New:0/0/0/0/0/1, Cur:0/0/0/745/0/1454
Sz:1907 Tm:8138us (i/b/h/e/p/c) New:0/0/0/0/0/1, Cur:0/0/0/849/0/2085
Sz:702 Tm:35628us (i/b/h/e/p/c) New:0/0/0/0/0/1, Cur:0/0/0/794/0/2592
Sz:178 Tm:550us (i/b/h/e/p/c) New:0/0/0/1/0/5, Cur:0/0/0/798/0/1965
Sz:201 Tm:150us (i/b/h/e/p/c) New:0/0/0/0/0/1, Cur:0/0/0/750/0/651
Sz:201 Tm:159us (i/b/h/e/p/c) New:0/0/0/0/0/1, Cur:0/0/0/740/0/740
Sz:425 Tm:146us (i/b/h/e/p/c) New:0/0/0/0/0/3, Cur:0/0/0/722/0/823
Sz:297 Tm:2593us (i/b/h/e/p/c) New:0/0/0/0/0/2, Cur:0/0/0/748/0/1597
Sz:8217 Tm:39939us (i/b/h/e/p/c) New:0/0/0/0/0/4, Cur:0/0/0/820/0/2197
Sz:4120 Tm:205us (i/b/h/e/p/c) New:0/0/0/0/0/1, Cur:0/0/0/751/0/549
Sz:1849 Tm:206us (i/b/h/e/p/c) New:0/0/0/0/0/6, Cur:0/0/0/707/0/636
Sz:1916 Tm:818us (i/b/h/e/p/c) New:0/0/0/0/0/1, Cur:0/0/0/838/0/2052
Sz:4124 Tm:331us (i/b/h/e/p/c) New:0/0/0/0/0/1, Cur:0/0/0/751/0/549
Sz:8192 Tm:12548us (i/b/h/e/p/c) New:0/0/0/0/0/4, Cur:0/0/0/814/0/1937
Sz:219 Tm:342us (i/b/h/e/p/c) New:0/0/0/0/0/2, Cur:0/0/0/787/0/1645
Sz:5774 Tm:913us (i/b/h/e/p/c) New:0/0/0/0/0/1, Cur:0/0/0/832/0/2051
Sz:2232 Tm:355us (i/b/h/e/p/c) New:0/0/0/0/0/3, Cur:0/0/0/832/0/778
Sz:1850 Tm:214us (i/b/h/e/p/c) New:0/0/0/1/0/3, Cur:0/0/0/715/0/627
Sz:207 Tm:128us (i/b/h/e/p/c) New:0/0/0/0/0/1, Cur:0/0/0/737/0/479
Sz:8207 Tm:30568us (i/b/h/e/p/c) New:0/0/0/0/0/1, Cur:0/0/0/820/0/2188
Sz:241 Tm:147us (i/b/h/e/p/c) New:0/0/0/0/0/2, Cur:0/0/0/741/0/925
Sz:253 Tm:131us (i/b/h/e/p/c) New:0/0/0/0/0/1, Cur:0/0/0/740/0/926
Sz:207 Tm:119us (i/b/h/e/p/c) New:0/0/0/0/0/1, Cur:0/0/0/737/0/485
Sz:187 Tm:139us (i/b/h/e/p/c) New:0/0/0/0/0/1, Cur:0/0/0/737/0/479
Sz:243 Tm:149us (i/b/h/e/p/c) New:0/0/0/0/0/1, Cur:0/0/0/740/0/831
Sz:297 Tm:450us (i/b/h/e/p/c) New:0/0/0/0/0/1, Cur:0/0/0/739/0/1479
Sz:2885 Tm:132270us (i/b/h/e/p/c) New:0/0/0/0/0/2, Cur:0/0/0/796/0/2035
Sz:313 Tm:393us (i/b/h/e/p/c) New:0/0/0/0/0/1, Cur:0/0/0/795/0/1875
Sz:164 Tm:6085us (i/b/h/e/p/c) New:0/0/0/0/0/3, Cur:0/0/0/804/0/1890
Sz:244 Tm:143us (i/b/h/e/p/c) New:0/0/0/0/0/1, Cur:0/0/0/738/0/832
Sz:317 Tm:1843us (i/b/h/e/p/c) New:0/0/0/0/0/1, Cur:0/0/0/794/0/1858
Sz:129 Tm:159us (i/b/h/e/p/c) New:0/0/0/0/0/1, Cur:0/0/0/750/0/592
Sz:373 Tm:153us (i/b/h/e/p/c) New:0/0/0/0/0/1, Cur:0/0/0/736/0/1008
Sz:394 Tm:165us (i/b/h/e/p/c) New:0/0/0/0/0/3, Cur:0/0/0/725/0/1280
Sz:264 Tm:171us (i/b/h/e/p/c) New:0/0/0/0/0/2, Cur:0/0/0/740/0/1019
Sz:411 Tm:233us (i/b/h/e/p/c) New:0/0/0/0/0/1, Cur:0/0/0/746/0/1420
Sz:186 Tm:1016us (i/b/h/e/p/c) New:0/0/0/0/0/3, Cur:0/0/0/795/0/1774
Sz:227 Tm:9946us (i/b/h/e/p/c) New:0/0/0/0/0/7, Cur:0/0/0/788/0/1938
Sz:385 Tm:193us (i/b/h/e/p/c) New:0/0/0/0/0/1, Cur:0/0/0/743/0/1294
Sz:432 Tm:150us (i/b/h/e/p/c) New:0/0/0/0/0/1, Cur:0/0/0/723/0/1096
Sz:670 Tm:23945us (i/b/h/e/p/c) New:0/0/0/0/0/10, Cur:0/0/0/744/0/1888
Sz:1968 Tm:16381us (i/b/h/e/p/c) New:0/0/0/0/0/2, Cur:0/0/0/753/0/1562
Sz:148 Tm:114us (i/b/h/e/p/c) New:0/0/0/0/0/1, Cur:0/0/0/750/0/593
Sz:773 Tm:25358us (i/b/h/e/p/c) New:0/0/0/0/0/4, Cur:0/0/0/745/0/1973
Sz:204 Tm:498us (i/b/h/e/p/c) New:0/0/0/0/0/1, Cur:0/0/0/795/0/1875
Sz:663 Tm:1365us (i/b/h/e/p/c) New:0/0/0/0/0/1, Cur:0/0/0/740/0/1494
Sz:537 Tm:905us (i/b/h/e/p/c) New:0/0/0/0/0/2, Cur:0/0/0/746/0/1517
Sz:606 Tm:127us (i/b/h/e/p/c) New:0/0/0/0/0/3, Cur:0/0/0/737/0/523
Sz:219 Tm:349us (i/b/h/e/p/c) New:0/0/0/0/0/1, Cur:0/0/0/737/0/495
Sz:541 Tm:7076us (i/b/h/e/p/c) New:0/0/0/0/0/1, Cur:0/0/0/746/0/1532
Sz:297 Tm:23933us (i/b/h/e/p/c) New:0/0/0/0/0/6, Cur:0/0/0/739/0/1651
Sz:1926 Tm:857us (i/b/h/e/p/c) New:0/0/0/1/0/31, Cur:0/0/0/844/0/2044
Sz:372 Tm:150us (i/b/h/e/p/c) New:0/0/0/0/0/1, Cur:0/0/0/739/0/476
Sz:564 Tm:12138us (i/b/h/e/p/c) New:0/0/0/0/0/1, Cur:0/0/0/746/0/1511
Sz:187 Tm:5024us (i/b/h/e/p/c) New:0/0/0/0/0/3, Cur:0/0/0/840/0/1828
Sz:164 Tm:325us (i/b/h/e/p/c) New:0/0/0/0/0/1, Cur:0/0/0/807/0/1644
Sz:521 Tm:403us (i/b/h/e/p/c) New:0/0/0/0/0/3, Cur:0/0/0/853/0/1805
Sz:993 Tm:29663us (i/b/h/e/p/c) New:0/0/0/0/0/2, Cur:0/0/0/741/0/1600
Sz:800 Tm:1188us (i/b/h/e/p/c) New:0/0/0/0/0/1, Cur:0/0/0/742/0/1471
Sz:1916 Tm:5328us (i/b/h/e/p/c) New:0/0/0/0/0/2, Cur:0/0/0/837/0/2058
Sz:537 Tm:911us (i/b/h/e/p/c) New:0/0/0/0/0/1, Cur:0/0/0/745/0/1500
Sz:172 Tm:5242us (i/b/h/e/p/c) New:0/0/0/0/0/5, Cur:0/0/0/796/0/1947
Sz:406 Tm:185us (i/b/h/e/p/c) New:0/0/0/0/0/1, Cur:0/0/0/730/0/1291
Sz:672 Tm:37812us (i/b/h/e/p/c) New:0/0/0/0/0/2, Cur:0/0/0/740/0/1583
Sz:2240 Tm:619us (i/b/h/e/p/c) New:0/0/0/1/0/0, Cur:0/0/0/828/0/709
Sz:224 Tm:1026us (i/b/h/e/p/c) New:0/0/0/0/0/1, Cur:0/0/0/794/0/2153
Sz:383 Tm:398us (i/b/h/e/p/c) New:0/0/0/0/0/1, Cur:0/0/0/755/0/667
Sz:490 Tm:6808us (i/b/h/e/p/c) New:0/0/0/0/0/1, Cur:0/0/0/740/0/1575
Sz:568 Tm:277us (i/b/h/e/p/c) New:0/0/0/0/0/1, Cur:0/0/0/749/0/485
Sz:337 Tm:2319us (i/b/h/e/p/c) New:0/0/0/0/0/1, Cur:0/0/0/794/0/2033
Sz:564 Tm:37073us (i/b/h/e/p/c) New:0/0/0/0/0/6, Cur:0/0/0/745/0/1782
Sz:191 Tm:1604us (i/b/h/e/p/c) New:0/0/0/0/0/8, Cur:0/0/0/851/0/1929
Sz:175 Tm:425us (i/b/h/e/p/c) New:0/0/0/0/0/1, Cur:0/0/0/794/0/2153
Sz:338 Tm:6144us (i/b/h/e/p/c) New:0/0/0/0/0/2, Cur:0/0/0/840/0/1864
Sz:191 Tm:703us (i/b/h/e/p/c) New:0/0/0/0/0/1, Cur:0/0/0/851/0/1919
Sz:175 Tm:775us (i/b/h/e/p/c) New:0/0/0/0/0/1, Cur:0/0/0/795/0/2170
Sz:1072 Tm:352us (i/b/h/e/p/c) New:0/0/0/1/0/0, Cur:0/0/0/763/0/804
Sz:195 Tm:7328us (i/b/h/e/p/c) New:0/0/0/0/0/2, Cur:0/0/0/841/0/1804
Sz:7830 Tm:750us (i/b/h/e/p/c) New:0/0/0/0/0/4, Cur:0/0/0/801/0/1816
Sz:932 Tm:32877us (i/b/h/e/p/c) New:0/0/0/0/0/2, Cur:0/0/0/745/0/1975
Sz:2232 Tm:260us (i/b/h/e/p/c) New:0/0/0/0/0/2, Cur:0/0/0/793/0/753
Sz:188 Tm:121us (i/b/h/e/p/c) New:0/0/0/0/0/1, Cur:0/0/0/737/0/487
Sz:337 Tm:459us (i/b/h/e/p/c) New:0/0/0/1/0/376, Cur:0/0/0/740/0/1469
Sz:337 Tm:488us (i/b/h/e/p/c) New:0/0/0/1/0/2, Cur:0/0/0/740/0/1317
Sz:470 Tm:22829us (i/b/h/e/p/c) New:0/0/0/0/0/4, Cur:0/0/0/742/0/1688
Sz:584 Tm:851us (i/b/h/e/p/c) New:0/0/0/0/0/1, Cur:0/0/0/746/0/1515
Sz:446 Tm:248us (i/b/h/e/p/c) New:0/0/0/0/0/1, Cur:0/0/0/730/0/1290
Sz:164 Tm:882us (i/b/h/e/p/c) New:0/0/0/0/0/1, Cur:0/0/0/799/0/1738
Sz:2476 Tm:9628us (i/b/h/e/p/c) New:0/0/0/0/0/1, Cur:0/0/0/840/0/2065
Sz:584 Tm:5157us (i/b/h/e/p/c) New:0/0/0/0/0/1, Cur:0/0/0/745/0/1495
Sz:585 Tm:253us (i/b/h/e/p/c) New:0/0/0/0/0/2, Cur:0/0/0/730/0/1310
Sz:13183 Tm:50895us (i/b/h/e/p/c) New:0/0/0/0/0/1, Cur:0/0/0/821/0/2177
Sz:2258 Tm:378us (i/b/h/e/p/c) New:0/0/0/0/0/29, Cur:0/0/0/845/0/903
Sz:3111 Tm:647us (i/b/h/e/p/c) New:0/0/0/0/0/4, Cur:0/0/0/856/0/1011
Sz:191 Tm:722us (i/b/h/e/p/c) New:0/0/0/0/0/2, Cur:0/0/0/848/0/1905
Sz:4151 Tm:402us (i/b/h/e/p/c) New:0/0/0/1/0/0, Cur:0/0/0/843/0/849
Sz:3124 Tm:16344us (i/b/h/e/p/c) New:0/0/0/0/0/1, Cur:0/0/0/856/0/1020
Sz:191 Tm:719us (i/b/h/e/p/c) New:0/0/0/0/0/1, Cur:0/0/0/844/0/1805
Sz:3213 Tm:621us (i/b/h/e/p/c) New:0/0/0/0/0/3, Cur:0/0/0/847/0/892
Sz:4000 Tm:301us (i/b/h/e/p/c) New:0/0/0/0/0/1, Cur:0/0/0/845/0/927
Sz:4008 Tm:308us (i/b/h/e/p/c) New:0/0/0/0/0/3, Cur:0/0/0/839/0/912
Sz:186 Tm:732us (i/b/h/e/p/c) New:0/0/0/0/0/1, Cur:0/0/0/791/0/1742
Sz:3225 Tm:374us (i/b/h/e/p/c) New:0/0/0/0/0/1, Cur:0/0/0/844/0/1086
Sz:3263 Tm:429us (i/b/h/e/p/c) New:0/0/0/0/0/1, Cur:0/0/0/841/0/1130
Sz:5418 Tm:400us (i/b/h/e/p/c) New:0/0/0/0/0/2, Cur:0/0/0/846/0/1080
Sz:164 Tm:10598us (i/b/h/e/p/c) New:0/0/0/0/0/1, Cur:0/0/0/805/0/1804
Sz:3139 Tm:296us (i/b/h/e/p/c) New:0/0/0/0/0/2, Cur:0/0/0/853/0/870
Sz:588 Tm:12601us (i/b/h/e/p/c) New:0/0/0/0/0/1, Cur:0/0/0/741/0/1495
Sz:3729 Tm:2322us (i/b/h/e/p/c) New:0/0/0/0/0/3, Cur:0/0/0/840/0/850
Sz:3318 Tm:306us (i/b/h/e/p/c) New:0/0/0/0/0/1, Cur:0/0/0/840/0/894
Sz:594 Tm:4892us (i/b/h/e/p/c) New:0/0/0/0/0/1, Cur:0/0/0/743/0/1498
Sz:3175 Tm:501us (i/b/h/e/p/c) New:0/0/0/0/0/1, Cur:0/0/0/854/0/937
Sz:3143 Tm:458us (i/b/h/e/p/c) New:0/0/0/0/0/2, Cur:0/0/0/853/0/920
Sz:191 Tm:1071us (i/b/h/e/p/c) New:0/0/0/1/0/0, Cur:0/0/0/849/0/1687
Sz:218 Tm:11652us (i/b/h/e/p/c) New:0/0/0/0/0/62, Cur:0/0/0/859/0/2567
Sz:1903 Tm:16860us (i/b/h/e/p/c) New:0/0/0/0/0/1, Cur:0/0/0/801/0/2409
Sz:627 Tm:658us (i/b/h/e/p/c) New:0/0/0/0/0/1, Cur:0/0/0/727/0/1340
Sz:199 Tm:1490us (i/b/h/e/p/c) New:0/0/0/0/0/2, Cur:0/0/0/900/0/2597
Sz:606 Tm:154us (i/b/h/e/p/c) New:0/0/0/0/0/1, Cur:0/0/0/749/0/492
Sz:8370 Tm:33773us (i/b/h/e/p/c) New:0/0/0/0/0/8, Cur:0/0/0/818/0/2154
Sz:2275 Tm:1050us (i/b/h/e/p/c) New:0/0/0/0/0/2, Cur:0/0/0/847/0/2230
Sz:773 Tm:7181us (i/b/h/e/p/c) New:0/0/0/0/0/1, Cur:0/0/0/747/0/1424
Sz:2279 Tm:3068us (i/b/h/e/p/c) New:0/0/0/0/0/2, Cur:0/0/0/741/0/1684
Sz:193 Tm:290us (i/b/h/e/p/c) New:0/0/0/0/0/1, Cur:0/0/0/845/0/1654
Sz:1240 Tm:653us (i/b/h/e/p/c) New:0/0/0/0/0/24, Cur:0/0/0/820/0/527
Sz:177 Tm:868us (i/b/h/e/p/c) New:0/0/0/0/0/8, Cur:0/0/0/841/0/1804
Sz:3183 Tm:1125us (i/b/h/e/p/c) New:0/0/0/0/0/2, Cur:0/0/0/848/0/941
Sz:495 Tm:16955us (i/b/h/e/p/c) New:0/0/0/0/0/1, Cur:0/0/0/743/0/1499
Sz:577 Tm:634us (i/b/h/e/p/c) New:0/0/0/0/0/1, Cur:0/0/0/743/0/1481
Sz:191 Tm:13803us (i/b/h/e/p/c) New:0/0/0/0/0/1, Cur:0/0/0/873/0/1717
Sz:24988 Tm:17013us (i/b/h/e/p/c) New:0/0/0/0/0/1, Cur:0/0/0/801/0/2574
Sz:1945 Tm:12288us (i/b/h/e/p/c) New:0/0/0/0/0/1, Cur:0/0/0/798/0/2368
Sz:2234 Tm:5093us (i/b/h/e/p/c) New:0/0/0/0/0/3, Cur:0/0/0/793/0/1233
Sz:577 Tm:715us (i/b/h/e/p/c) New:0/0/0/0/0/1, Cur:0/0/0/743/0/1481
Sz:134 Tm:952us (i/b/h/e/p/c) New:0/0/0/0/0/1, Cur:0/0/0/803/0/810
Sz:1262 Tm:1620us (i/b/h/e/p/c) New:0/0/0/0/0/2, Cur:0/0/0/771/0/1517
Sz:305 Tm:54432us (i/b/h/e/p/c) New:0/0/0/0/0/6, Cur:0/0/0/742/0/1772
Sz:503 Tm:22863us (i/b/h/e/p/c) New:0/0/0/0/0/2, Cur:0/0/0/743/0/1618
Sz:8258 Tm:41883us (i/b/h/e/p/c) New:0/0/0/0/0/9, Cur:0/0/0/817/0/2325
Sz:512 Tm:27090us (i/b/h/e/p/c) New:0/0/0/0/0/2, Cur:0/0/0/748/0/1656
Sz:5132 Tm:69183us (i/b/h/e/p/c) New:0/0/0/0/0/2, Cur:0/0/0/789/0/708
Sz:191 Tm:854us (i/b/h/e/p/c) New:0/0/0/0/0/1, Cur:0/0/0/862/0/2581
Sz:490 Tm:34458us (i/b/h/e/p/c) New:0/0/0/0/0/2, Cur:0/0/0/740/0/1568
Sz:183 Tm:4972us (i/b/h/e/p/c) New:0/0/0/0/0/1, Cur:0/0/0/840/0/1800
Sz:233 Tm:644us (i/b/h/e/p/c) New:0/0/0/0/0/1, Cur:0/0/0/737/0/497
Sz:523 Tm:13584us (i/b/h/e/p/c) New:0/0/0/0/0/2, Cur:0/0/0/744/0/1690
Sz:8244 Tm:31886us (i/b/h/e/p/c) New:0/0/0/0/0/1, Cur:0/0/0/818/0/2175
Sz:191 Tm:1706us (i/b/h/e/p/c) New:0/0/0/0/0/1, Cur:0/0/0/862/0/2581
Sz:5062 Tm:332us (i/b/h/e/p/c) New:0/0/0/0/0/1, Cur:0/0/0/834/0/829
Sz:372 Tm:465us (i/b/h/e/p/c) New:0/0/0/0/0/1, Cur:0/0/0/745/0/573
Sz:494 Tm:36824us (i/b/h/e/p/c) New:0/0/0/0/0/4, Cur:0/0/0/741/0/1669
Sz:2368 Tm:16880us (i/b/h/e/p/c) New:0/0/0/0/0/2, Cur:0/0/0/744/0/1700
Sz:191 Tm:1144us (i/b/h/e/p/c) New:0/0/0/0/0/1, Cur:0/0/0/860/0/2571
Sz:146 Tm:586us (i/b/h/e/p/c) New:0/0/0/0/0/1, Cur:0/0/0/794/0/790
Sz:191 Tm:3532us (i/b/h/e/p/c) New:0/0/0/0/0/3, Cur:0/0/0/870/0/2632
Sz:1412 Tm:117us (i/b/h/e/p/c) New:0/0/0/0/0/2, Cur:0/0/0/745/0/469
Sz:1368 Tm:1239us (i/b/h/e/p/c) New:0/0/0/0/0/3, Cur:0/0/0/785/0/1697
Sz:1412 Tm:160us (i/b/h/e/p/c) New:0/0/0/0/0/1, Cur:0/0/0/736/0/471
Sz:301 Tm:20562us (i/b/h/e/p/c) New:0/0/0/0/0/1, Cur:0/0/0/746/0/1617
Sz:1412 Tm:142us (i/b/h/e/p/c) New:0/0/0/0/0/1, Cur:0/0/0/744/0/471
Sz:2040 Tm:277us (i/b/h/e/p/c) New:0/0/0/0/0/6, Cur:0/0/0/709/0/710
Sz:247 Tm:277us (i/b/h/e/p/c) New:0/0/0/2/0/8, Cur:0/0/0/803/0/812
Sz:3139 Tm:322us (i/b/h/e/p/c) New:0/0/0/0/0/2, Cur:0/0/0/845/0/869
Sz:91 Tm:185us (i/b/h/e/p/c) New:0/0/0/0/0/1, Cur:0/0/0/724/0/548
Sz:4190 Tm:293us (i/b/h/e/p/c) New:0/0/0/0/0/1, Cur:0/0/0/853/0/1036
Sz:254 Tm:415us (i/b/h/e/p/c) New:0/0/0/0/0/2, Cur:0/0/0/792/0/1924
Sz:258 Tm:524us (i/b/h/e/p/c) New:0/0/0/0/0/2, Cur:0/0/0/792/0/1988
Sz:427 Tm:39703us (i/b/h/e/p/c) New:0/0/0/0/0/2, Cur:0/0/0/740/0/1575
Sz:2353 Tm:9408us (i/b/h/e/p/c) New:0/0/0/0/0/1, Cur:0/0/0/742/0/1579
Sz:628 Tm:13962us (i/b/h/e/p/c) New:0/0/0/0/0/6, Cur:0/0/0/858/0/2566
Sz:337 Tm:7327us (i/b/h/e/p/c) New:0/0/0/0/0/1, Cur:0/0/0/798/0/2017
Sz:633 Tm:4727us (i/b/h/e/p/c) New:0/0/0/0/0/1, Cur:0/0/0/858/0/2606
Sz:635 Tm:17947us (i/b/h/e/p/c) New:0/0/0/0/0/1, Cur:0/0/0/858/0/2648
Sz:3275 Tm:365us (i/b/h/e/p/c) New:0/0/0/0/0/1, Cur:0/0/0/843/0/1133
Sz:3275 Tm:504us (i/b/h/e/p/c) New:0/0/0/0/0/1, Cur:0/0/0/833/0/1035
Sz:4386 Tm:105719us (i/b/h/e/p/c) New:0/0/0/0/0/2, Cur:0/0/0/795/0/2031
Sz:1024 Tm:191us (i/b/h/e/p/c) New:0/0/0/0/0/1, Cur:0/0/0/820/0/527
Sz:168 Tm:20565us (i/b/h/e/p/c) New:0/0/0/0/0/8, Cur:0/0/0/749/0/1875
Sz:592 Tm:37368us (i/b/h/e/p/c) New:0/0/0/0/0/1, Cur:0/0/0/741/0/1586
Sz:2361 Tm:27885us (i/b/h/e/p/c) New:0/0/0/0/0/3, Cur:0/0/0/741/0/1565
Sz:539 Tm:4563us (i/b/h/e/p/c) New:0/0/0/0/0/1, Cur:0/0/0/744/0/1485
Sz:260 Tm:731us (i/b/h/e/p/c) New:0/0/0/0/0/2, Cur:0/0/0/792/0/1988
Sz:3292 Tm:1053us (i/b/h/e/p/c) New:0/0/0/0/0/1, Cur:0/0/0/832/0/1043
Sz:3300 Tm:340us (i/b/h/e/p/c) New:0/0/0/0/0/1, Cur:0/0/0/832/0/1029
Sz:607 Tm:737us (i/b/h/e/p/c) New:0/0/0/0/0/1, Cur:0/0/0/854/0/1973
Sz:3041 Tm:632us (i/b/h/e/p/c) New:0/0/0/0/0/2, Cur:0/0/0/826/0/761
Sz:1916 Tm:9439us (i/b/h/e/p/c) New:0/0/0/2/0/60, Cur:0/0/0/844/0/2074
Sz:481 Tm:160us (i/b/h/e/p/c) New:0/0/0/0/0/1, Cur:0/0/0/751/0/628
Sz:255 Tm:210us (i/b/h/e/p/c) New:0/0/0/1/0/4, Cur:0/0/0/795/0/796
Sz:743 Tm:956us (i/b/h/e/p/c) New:0/0/0/0/0/1, Cur:0/0/0/803/0/1598
Sz:1041 Tm:533us (i/b/h/e/p/c) New:0/0/0/0/0/1, Cur:0/0/0/822/0/544
Sz:25004 Tm:25350us (i/b/h/e/p/c) New:0/0/0/0/0/4, Cur:0/0/0/799/0/2758
Sz:5571 Tm:213us (i/b/h/e/p/c) New:0/0/0/0/0/1, Cur:0/0/0/778/0/567
Sz:1024 Tm:18743us (i/b/h/e/p/c) New:0/0/0/1/0/27, Cur:0/0/0/818/0/527
Sz:259 Tm:934us (i/b/h/e/p/c) New:0/0/0/0/0/1, Cur:0/0/0/795/0/812
Sz:199 Tm:6542us (i/b/h/e/p/c) New:0/0/0/0/0/2, Cur:0/0/0/898/0/2584
Sz:1302 Tm:353us (i/b/h/e/p/c) New:0/0/0/0/0/1, Cur:0/0/0/830/0/1103
Sz:317 Tm:37203us (i/b/h/e/p/c) New:0/0/0/0/0/1, Cur:0/0/0/740/0/1529
Sz:4790 Tm:363us (i/b/h/e/p/c) New:0/0/0/0/0/1, Cur:0/0/0/842/0/1084
Sz:191 Tm:7601us (i/b/h/e/p/c) New:0/0/0/0/0/1, Cur:0/0/0/867/0/2635
Sz:345 Tm:18525us (i/b/h/e/p/c) New:0/0/0/1/0/3, Cur:0/0/0/828/0/2020
Sz:191 Tm:1306us (i/b/h/e/p/c) New:0/0/0/0/0/4, Cur:0/0/0/851/0/1908
Sz:2236 Tm:641us (i/b/h/e/p/c) New:0/0/0/0/0/3, Cur:0/0/0/827/0/770
Sz:258 Tm:724us (i/b/h/e/p/c) New:0/0/0/0/0/1, Cur:0/0/0/792/0/1988
Sz:568 Tm:825us (i/b/h/e/p/c) New:0/0/0/0/0/1, Cur:0/0/0/820/0/1002
Sz:1005 Tm:17458us (i/b/h/e/p/c) New:0/0/0/0/0/3, Cur:0/0/0/742/0/1545
Sz:8037 Tm:1042us (i/b/h/e/p/c) New:0/0/0/0/0/2, Cur:0/0/0/837/0/1116
Sz:1286 Tm:933us (i/b/h/e/p/c) New:0/0/0/0/0/1, Cur:0/0/0/804/0/1689
Sz:3707 Tm:15106us (i/b/h/e/p/c) New:0/0/0/0/0/1, Cur:0/0/0/810/0/1582
Sz:157 Tm:242us (i/b/h/e/p/c) New:0/0/0/0/0/1, Cur:0/0/0/739/0/650
Sz:3707 Tm:2908us (i/b/h/e/p/c) New:0/0/0/0/0/1, Cur:0/0/0/810/0/1576
Sz:94 Tm:134us (i/b/h/e/p/c) New:0/0/0/0/0/1, Cur:0/0/0/724/0/639
Sz:3721 Tm:12921us (i/b/h/e/p/c) New:0/0/0/0/0/4, Cur:0/0/0/808/0/1538
Sz:713 Tm:4892us (i/b/h/e/p/c) New:0/0/0/0/0/1, Cur:0/0/0/783/0/1044
Sz:217 Tm:13826us (i/b/h/e/p/c) New:0/0/0/0/0/14, Cur:0/0/0/795/0/1689
Sz:1058 Tm:93391us (i/b/h/e/p/c) New:0/0/0/0/0/3, Cur:0/0/0/785/0/1730
Sz:3728 Tm:881us (i/b/h/e/p/c) New:0/0/0/0/0/4, Cur:0/0/0/800/0/1511
Sz:168 Tm:52964us (i/b/h/e/p/c) New:0/0/0/0/0/4, Cur:0/0/0/753/0/1984
Sz:2909 Tm:5959us (i/b/h/e/p/c) New:0/0/0/0/0/2, Cur:0/0/0/790/0/2082
Sz:100 Tm:544us (i/b/h/e/p/c) New:0/0/0/0/0/1, Cur:0/0/0/724/0/732
Sz:497 Tm:262us (i/b/h/e/p/c) New:0/0/0/1/0/1, Cur:0/0/0/757/0/736
Sz:3715 Tm:1304us (i/b/h/e/p/c) New:0/0/0/0/0/4, Cur:0/0/0/805/0/1530
Sz:4143 Tm:45693us (i/b/h/e/p/c) New:0/0/0/0/0/4, Cur:0/0/0/810/0/1580
Sz:510 Tm:1558us (i/b/h/e/p/c) New:0/0/0/0/0/6, Cur:0/0/0/745/0/1562
Sz:1028 Tm:1777us (i/b/h/e/p/c) New:0/0/0/1/0/0, Cur:0/0/0/777/0/879
Sz:3991 Tm:7671us (i/b/h/e/p/c) New:0/0/0/0/0/1, Cur:0/0/0/809/0/1593
Sz:1129 Tm:628us (i/b/h/e/p/c) New:0/0/0/0/0/1, Cur:0/0/0/737/0/557
Sz:6440 Tm:552us (i/b/h/e/p/c) New:0/0/0/1/0/1, Cur:0/0/0/826/0/599
Sz:8209 Tm:53559us (i/b/h/e/p/c) New:0/0/0/0/0/11, Cur:0/0/0/814/0/2206
Sz:366 Tm:778us (i/b/h/e/p/c) New:0/0/0/1/0/1, Cur:0/0/0/746/0/1377
Sz:2040 Tm:988us (i/b/h/e/p/c) New:0/0/0/0/0/2, Cur:0/0/0/709/0/883
Sz:510 Tm:3763us (i/b/h/e/p/c) New:0/0/0/0/0/4, Cur:0/0/0/794/0/1950
Sz:11540 Tm:53858us (i/b/h/e/p/c) New:0/0/0/0/0/3, Cur:0/0/0/807/0/2129
Sz:1331 Tm:10982us (i/b/h/e/p/c) New:0/0/0/0/0/2, Cur:0/0/0/794/0/1980
Sz:2044 Tm:278us (i/b/h/e/p/c) New:0/0/0/0/0/3, Cur:0/0/0/733/0/1270
Sz:3862 Tm:22739us (i/b/h/e/p/c) New:0/0/0/0/0/2, Cur:0/0/0/748/0/1631
Sz:532 Tm:30194us (i/b/h/e/p/c) New:0/0/0/0/0/2, Cur:0/0/0/747/0/1850
Sz:3872 Tm:49156us (i/b/h/e/p/c) New:0/0/0/0/0/1, Cur:0/0/0/747/0/1641
Sz:3884 Tm:72887us (i/b/h/e/p/c) New:0/0/0/0/0/1, Cur:0/0/0/747/0/1641
Sz:3129 Tm:1001us (i/b/h/e/p/c) New:0/0/0/0/0/3, Cur:0/0/0/825/0/757
Sz:450 Tm:36392us (i/b/h/e/p/c) New:0/0/0/0/0/5, Cur:0/0/0/743/0/1564
Sz:325 Tm:1623us (i/b/h/e/p/c) New:0/0/0/0/0/1, Cur:0/0/0/789/0/1784
Sz:3953 Tm:84725us (i/b/h/e/p/c) New:0/0/0/0/0/3, Cur:0/0/0/746/0/1674
Sz:518 Tm:1437us (i/b/h/e/p/c) New:0/0/0/0/0/1, Cur:0/0/0/741/0/1496
Sz:3711 Tm:24954us (i/b/h/e/p/c) New:0/0/0/0/0/4, Cur:0/0/0/808/0/1580
Sz:296 Tm:15025us (i/b/h/e/p/c) New:0/0/0/0/0/1, Cur:0/0/0/789/0/1925
[2026-02-10T17:56:20+0000][W][873] performanceTooSlow():53 Thread 0 (pid=873) became too slow to process fuzzing data, initial: 353 us/exec, current: 1837 us/exec. Restaring myself!
[2026-02-10T17:56:20+0000][W][871] arch_checkWait():241 Persistent mode: pid=873 exited with status: EXITED, exit code: 0
Persistent mode: Launched new persistent pid=11563
Sz:183 Tm:769us (i/b/h/e/p/c) New:0/0/0/0/0/2, Cur:0/0/0/1175/0/9275
Thread 0 (pid=11563) initial speed set at 1362 us/exec
Sz:1074 Tm:48166us (i/b/h/e/p/c) New:0/0/0/0/0/3, Cur:0/0/0/745/0/1558
Sz:514 Tm:1733us (i/b/h/e/p/c) New:0/0/0/0/0/4, Cur:0/0/0/804/0/1946
Sz:514 Tm:6303us (i/b/h/e/p/c) New:0/0/0/0/0/1, Cur:0/0/0/802/0/1991
Sz:440 Tm:783us (i/b/h/e/p/c) New:0/0/0/1/0/1, Cur:0/0/0/747/0/1388
Sz:264 Tm:2519us (i/b/h/e/p/c) New:0/0/0/0/0/1, Cur:0/0/0/797/0/2051
Sz:540 Tm:20414us (i/b/h/e/p/c) New:0/0/0/0/0/1, Cur:0/0/0/745/0/1634
Sz:469 Tm:266us (i/b/h/e/p/c) New:0/0/0/1/0/1, Cur:0/0/0/745/0/1390
Sz:532 Tm:34687us (i/b/h/e/p/c) New:0/0/0/0/0/2, Cur:0/0/0/743/0/1718
Sz:751 Tm:51759us (i/b/h/e/p/c) New:0/0/0/0/0/26, Cur:0/0/0/788/0/3523
Sz:25012 Tm:17840us (i/b/h/e/p/c) New:0/0/0/0/0/3, Cur:0/0/0/781/0/2135
Sz:518 Tm:24707us (i/b/h/e/p/c) New:0/0/0/0/0/2, Cur:0/0/0/729/0/1499
Sz:2040 Tm:524us (i/b/h/e/p/c) New:0/0/0/0/0/11, Cur:0/0/0/694/0/928
Sz:335 Tm:740us (i/b/h/e/p/c) New:0/0/0/0/0/1, Cur:0/0/0/733/0/1342
Sz:610 Tm:2497us (i/b/h/e/p/c) New:0/0/0/0/0/2, Cur:0/0/0/730/0/1575
Sz:2129 Tm:27921us (i/b/h/e/p/c) New:0/0/0/0/0/1, Cur:0/0/0/730/0/1525
Sz:2038 Tm:392us (i/b/h/e/p/c) New:0/0/0/0/0/1, Cur:0/0/0/694/0/936
Sz:4180 Tm:9570us (i/b/h/e/p/c) New:0/0/0/0/0/1, Cur:0/0/0/797/0/1531
Sz:349 Tm:17521us (i/b/h/e/p/c) New:0/0/0/0/0/1, Cur:0/0/0/725/0/1299
Sz:12301 Tm:40679us (i/b/h/e/p/c) New:0/0/0/0/0/1, Cur:0/0/0/802/0/1811
Sz:618 Tm:28749us (i/b/h/e/p/c) New:0/0/0/0/0/1, Cur:0/0/0/728/0/1517
Sz:571 Tm:288us (i/b/h/e/p/c) New:0/0/0/1/0/1, Cur:0/0/0/733/0/1354
Sz:1041 Tm:2132us (i/b/h/e/p/c) New:0/0/0/0/0/1, Cur:0/0/0/809/0/497
Sz:1041 Tm:27945us (i/b/h/e/p/c) New:0/0/0/0/0/1, Cur:0/0/0/730/0/1583
Sz:40960 Tm:10511us (i/b/h/e/p/c) New:0/0/0/0/0/1, Cur:0/0/0/774/0/806
Sz:1024 Tm:242us (i/b/h/e/p/c) New:0/0/0/0/0/2, Cur:0/0/0/808/0/489
Sz:541 Tm:463us (i/b/h/e/p/c) New:0/0/0/0/0/1, Cur:0/0/0/713/0/1263
Sz:3709 Tm:47164us (i/b/h/e/p/c) New:0/0/0/0/0/2, Cur:0/0/0/738/0/1706
Sz:3414 Tm:144us (i/b/h/e/p/c) New:0/0/0/0/0/1, Cur:0/0/0/725/0/485
Sz:598 Tm:22058us (i/b/h/e/p/c) New:0/0/0/0/0/1, Cur:0/0/0/730/0/1583
Sz:808 Tm:4646us (i/b/h/e/p/c) New:0/0/0/0/0/2, Cur:0/0/0/786/0/2267
Sz:3711 Tm:7591us (i/b/h/e/p/c) New:0/0/0/0/0/1, Cur:0/0/0/797/0/1560
Sz:4807 Tm:44996us (i/b/h/e/p/c) New:0/0/0/0/0/2, Cur:0/0/0/737/0/1705
Sz:316 Tm:6671us (i/b/h/e/p/c) New:0/0/0/0/0/1, Cur:0/0/0/772/0/1682
Sz:3718 Tm:33880us (i/b/h/e/p/c) New:0/0/0/0/0/1, Cur:0/0/0/736/0/1733
Sz:980 Tm:788us (i/b/h/e/p/c) New:0/0/0/0/0/4, Cur:0/0/0/731/0/1451
Sz:271 Tm:238us (i/b/h/e/p/c) New:0/0/0/0/0/1, Cur:0/0/0/725/0/459
Sz:548 Tm:14235us (i/b/h/e/p/c) New:0/0/0/0/0/11, Cur:0/0/0/734/0/1820
Sz:988 Tm:723us (i/b/h/e/p/c) New:0/0/0/0/0/3, Cur:0/0/0/731/0/1459
Sz:991 Tm:602us (i/b/h/e/p/c) New:0/0/0/0/0/4, Cur:0/0/0/731/0/1452
Sz:1266 Tm:1785us (i/b/h/e/p/c) New:0/0/0/0/0/1, Cur:0/0/0/755/0/1438
Sz:972 Tm:681us (i/b/h/e/p/c) New:0/0/0/0/0/4, Cur:0/0/0/731/0/1446
Sz:1682 Tm:7530us (i/b/h/e/p/c) New:0/0/0/0/0/4, Cur:0/0/0/730/0/1447
Sz:450 Tm:36973us (i/b/h/e/p/c) New:0/0/0/0/0/1, Cur:0/0/0/732/0/1500
Sz:1882 Tm:36165us (i/b/h/e/p/c) New:0/0/0/0/0/2, Cur:0/0/0/732/0/1560
Sz:6271 Tm:15422us (i/b/h/e/p/c) New:0/0/0/0/0/1, Cur:0/0/0/796/0/1538
Sz:996 Tm:32425us (i/b/h/e/p/c) New:0/0/0/0/0/2, Cur:0/0/0/732/0/1553
Sz:6400 Tm:13463us (i/b/h/e/p/c) New:0/0/0/0/0/1, Cur:0/0/0/795/0/1517
Sz:2789 Tm:843us (i/b/h/e/p/c) New:0/0/0/0/0/4, Cur:0/0/0/731/0/1460
Sz:191 Tm:7090us (i/b/h/e/p/c) New:0/0/0/0/0/2, Cur:0/0/0/843/0/2475
Sz:2826 Tm:20506us (i/b/h/e/p/c) New:0/0/0/0/0/62, Cur:0/0/0/792/0/3179
Sz:994 Tm:9995us (i/b/h/e/p/c) New:0/0/0/0/0/4, Cur:0/0/0/731/0/1454
Sz:510 Tm:17495us (i/b/h/e/p/c) New:0/0/0/0/0/1, Cur:0/0/0/730/0/1449
Sz:1846 Tm:35476us (i/b/h/e/p/c) New:0/0/0/0/0/2, Cur:0/0/0/732/0/1570
Sz:1890 Tm:30863us (i/b/h/e/p/c) New:0/0/0/0/0/2, Cur:0/0/0/732/0/1569
Sz:1761 Tm:143us (i/b/h/e/p/c) New:0/0/0/0/0/3, Cur:0/0/0/724/0/439
Sz:272 Tm:302us (i/b/h/e/p/c) New:0/0/0/0/0/1, Cur:0/0/0/727/0/707
Sz:608 Tm:72141us (i/b/h/e/p/c) New:0/0/0/0/0/1, Cur:0/0/0/729/0/1536
Sz:193 Tm:413us (i/b/h/e/p/c) New:0/0/0/0/0/1, Cur:0/0/0/768/0/1595
Sz:548 Tm:4322us (i/b/h/e/p/c) New:0/0/0/0/0/3, Cur:0/0/0/730/0/1613
Sz:2926 Tm:1302us (i/b/h/e/p/c) New:0/0/0/0/0/2, Cur:0/0/0/841/0/3319
Sz:647 Tm:9123us (i/b/h/e/p/c) New:0/0/0/0/0/2, Cur:0/0/0/837/0/2375
Sz:2337 Tm:24790us (i/b/h/e/p/c) New:0/0/0/0/0/64, Cur:0/0/0/787/0/4665
Sz:2465 Tm:31962us (i/b/h/e/p/c) New:0/0/0/0/0/4, Cur:0/0/0/791/0/3987
Sz:2479 Tm:31192us (i/b/h/e/p/c) New:0/0/0/0/0/3, Cur:0/0/0/777/0/3392
Sz:1016 Tm:39338us (i/b/h/e/p/c) New:0/0/0/0/0/2, Cur:0/0/0/730/0/1561
Sz:1059 Tm:293us (i/b/h/e/p/c) New:0/0/0/1/0/32, Cur:0/0/0/793/0/573
Sz:1854 Tm:6614us (i/b/h/e/p/c) New:0/0/0/0/0/2, Cur:0/0/0/730/0/1570
Sz:1337 Tm:1803us (i/b/h/e/p/c) New:0/0/0/0/0/4, Cur:0/0/0/753/0/1535
Sz:4012 Tm:23029us (i/b/h/e/p/c) New:0/0/0/0/0/2, Cur:0/0/0/733/0/1605
Sz:4031 Tm:59511us (i/b/h/e/p/c) New:0/0/0/0/0/2, Cur:0/0/0/734/0/1604
Sz:829 Tm:380us (i/b/h/e/p/c) New:0/0/0/0/0/1, Cur:0/0/0/734/0/444
Sz:823 Tm:303us (i/b/h/e/p/c) New:0/0/0/0/0/1, Cur:0/0/0/734/0/450
Sz:3849 Tm:178215us (i/b/h/e/p/c) New:0/0/0/0/0/1, Cur:0/0/0/777/0/3594
Sz:4909 Tm:38792us (i/b/h/e/p/c) New:0/0/0/0/0/2, Cur:0/0/0/772/0/3024
Sz:3870 Tm:57102us (i/b/h/e/p/c) New:0/0/0/0/0/1, Cur:0/0/0/733/0/1634
Sz:2742 Tm:70082us (i/b/h/e/p/c) New:0/0/0/0/0/2, Cur:0/0/0/772/0/3243
Signal 15 (Terminated) received, terminating
Terminating thread no. #0, left: 0
Summary iterations:32350442 time:28798 speed:1123 crashes_count:0 timeout_count:0 new_units_added:1056 slowest_unit_ms:912 guard_nb:194430 branch_coverage_percent:0 peak_rss_mb:39
[r[500B
Campaign terminated at 2026-02-10 20:58
