++ id -u swiftgrass
++ id -g swiftgrass
+ docker build -t magma/honggfuzz/poppler --build-arg fuzzer_name=honggfuzz --build-arg target_name=poppler --build-arg USER_ID=1000 --build-arg GROUP_ID=1000 --build-arg canaries=1 -f /home/swiftgrass/sem4/magma/docker/Dockerfile /home/swiftgrass/sem4/magma
#0 building with "default" instance using docker driver

#1 [internal] load build definition from Dockerfile
#1 transferring dockerfile: 2.45kB done
#1 DONE 0.0s

#2 [internal] load metadata for docker.io/library/ubuntu:18.04
#2 DONE 0.8s

#3 [internal] load .dockerignore
#3 transferring context: 47B 0.0s done
#3 DONE 0.0s

#4 [internal] load build context
#4 DONE 0.0s

#5 [ 1/20] FROM docker.io/library/ubuntu:18.04@sha256:152dc042452c496007f07ca9127571cb9c29697f42acbfad72324b2bb2e43c98
#5 resolve docker.io/library/ubuntu:18.04@sha256:152dc042452c496007f07ca9127571cb9c29697f42acbfad72324b2bb2e43c98 0.1s done
#5 DONE 0.1s

#4 [internal] load build context
#4 transferring context: 57.98MB 1.4s done
#4 DONE 1.4s

#6 [11/20] COPY --chown=magma:magma .//fuzzers/honggfuzz /magma/fuzzers/honggfuzz/
#6 CACHED

#7 [10/20] RUN mkdir -p /magma/fuzzers/honggfuzz && chown magma:magma /magma/fuzzers/honggfuzz
#7 CACHED

#8 [ 6/20] RUN mkdir -p /magma/magma && chown magma:magma /magma/magma
#8 CACHED

#9 [19/20] RUN /magma/magma/apply_patches.sh
#9 CACHED

#10 [ 4/20] RUN	ECHO "magma:amgam" | chpasswd && usermod -a -G sudo magma
#10 CACHED

#11 [ 5/20] RUN mkdir -p /magma_shared /magma_out && 	chown magma:magma /magma_shared /magma_out && 	chmod 744 /magma_shared /magma_out
#11 CACHED

#12 [12/20] RUN /magma/fuzzers/honggfuzz/preinstall.sh
#12 CACHED

#13 [14/20] RUN /magma/fuzzers/honggfuzz/build.sh
#13 CACHED

#14 [18/20] RUN /magma/targets/poppler/fetch.sh
#14 CACHED

#15 [13/20] RUN /magma/fuzzers/honggfuzz/fetch.sh
#15 CACHED

#16 [ 7/20] COPY --chown=magma:magma .//magma /magma/magma/
#16 CACHED

#17 [ 2/20] RUN apt-get update && apt-get install -y sudo
#17 CACHED

#18 [17/20] RUN /magma/targets/poppler/preinstall.sh
#18 CACHED

#19 [ 8/20] RUN /magma/magma/preinstall.sh
#19 CACHED

#20 [ 3/20] RUN mkdir -p /home && 	groupadd -g 1000 magma && 	useradd -l -u 1000 -K UMASK=0000 -d /home -g magma magma && 	chown magma:magma /home
#20 CACHED

#21 [15/20] RUN mkdir -p /magma/targets/poppler && chown magma:magma /magma/targets/poppler
#21 CACHED

#22 [ 9/20] RUN /magma/magma/prebuild.sh
#22 CACHED

#23 [16/20] COPY --chown=magma:magma .//targets/poppler /magma/targets/poppler/
#23 CACHED

#24 [20/20] RUN /magma/fuzzers/honggfuzz/instrument.sh
#24 CACHED

#25 exporting to image
#25 exporting layers 0.0s done
#25 exporting manifest sha256:7af3ca0d25dc5a90837c86922dfd8e896384237d015f674c25f4c85510d8d8d3 done
#25 exporting config sha256:0d394c09dfc77a20c00dec2e417631b398069fe8001b87691e5d4e9ac81fef70 done
#25 exporting attestation manifest sha256:743b2b0b07bef8f46b63191095dc5a055d8809e5d361672da72b8b5bc0a652f3
#25 exporting attestation manifest sha256:743b2b0b07bef8f46b63191095dc5a055d8809e5d361672da72b8b5bc0a652f3 0.1s done
#25 exporting manifest list sha256:96ab29c71ef3b75d1b35326bd01a078be8f113193a0f7d425d18c965fbe61899 0.0s done
#25 naming to docker.io/magma/honggfuzz/poppler:latest
#25 naming to docker.io/magma/honggfuzz/poppler:latest 0.0s done
#25 unpacking to docker.io/magma/honggfuzz/poppler:latest 0.1s done
#25 DONE 0.3s

 [33m18 warnings found (use docker --debug to expand):
[0m - LegacyKeyValueFormat: "ENV key=value" should be used instead of legacy "ENV key value" format (line 21)
 - LegacyKeyValueFormat: "ENV key=value" should be used instead of legacy "ENV key value" format (line 39)
 - LegacyKeyValueFormat: "ENV key=value" should be used instead of legacy "ENV key value" format (line 60)
 - LegacyKeyValueFormat: "ENV key=value" should be used instead of legacy "ENV key value" format (line 81)
+ set +x
magma/honggfuzz/poppler
