++ id -u swiftgrass
++ id -g swiftgrass
+ docker build -t magma/honggfuzz/php --build-arg fuzzer_name=honggfuzz --build-arg target_name=php --build-arg USER_ID=1000 --build-arg GROUP_ID=1000 --build-arg canaries=1 -f /home/swiftgrass/sem4/magma/docker/Dockerfile /home/swiftgrass/sem4/magma
#0 building with "default" instance using docker driver

#1 [internal] load build definition from Dockerfile
#1 transferring dockerfile: 2.45kB 0.1s done
#1 DONE 0.1s

#2 [internal] load metadata for docker.io/library/ubuntu:18.04
#2 DONE 1.5s

#3 [internal] load .dockerignore
#3 transferring context: 47B done
#3 DONE 0.0s

#4 [internal] load build context
#4 DONE 0.0s

#5 [ 1/20] FROM docker.io/library/ubuntu:18.04@sha256:152dc042452c496007f07ca9127571cb9c29697f42acbfad72324b2bb2e43c98
#5 resolve docker.io/library/ubuntu:18.04@sha256:152dc042452c496007f07ca9127571cb9c29697f42acbfad72324b2bb2e43c98 0.1s done
#5 DONE 0.1s

#4 [internal] load build context
#4 transferring context: 33.98kB 2.2s done
#4 DONE 2.2s

#6 [ 3/20] RUN mkdir -p /home && 	groupadd -g 1000 magma && 	useradd -l -u 1000 -K UMASK=0000 -d /home -g magma magma && 	chown magma:magma /home
#6 CACHED

#7 [19/20] RUN /magma/magma/apply_patches.sh
#7 CACHED

#8 [17/20] RUN /magma/targets/php/preinstall.sh
#8 CACHED

#9 [18/20] RUN /magma/targets/php/fetch.sh
#9 CACHED

#10 [ 6/20] RUN mkdir -p /magma/magma && chown magma:magma /magma/magma
#10 CACHED

#11 [10/20] RUN mkdir -p /magma/fuzzers/honggfuzz && chown magma:magma /magma/fuzzers/honggfuzz
#11 CACHED

#12 [16/20] COPY --chown=magma:magma .//targets/php /magma/targets/php/
#12 CACHED

#13 [ 8/20] RUN /magma/magma/preinstall.sh
#13 CACHED

#14 [ 9/20] RUN /magma/magma/prebuild.sh
#14 CACHED

#15 [ 5/20] RUN mkdir -p /magma_shared /magma_out && 	chown magma:magma /magma_shared /magma_out && 	chmod 744 /magma_shared /magma_out
#15 CACHED

#16 [15/20] RUN mkdir -p /magma/targets/php && chown magma:magma /magma/targets/php
#16 CACHED

#17 [ 4/20] RUN	ECHO "magma:amgam" | chpasswd && usermod -a -G sudo magma
#17 CACHED

#18 [11/20] COPY --chown=magma:magma .//fuzzers/honggfuzz /magma/fuzzers/honggfuzz/
#18 CACHED

#19 [ 2/20] RUN apt-get update && apt-get install -y sudo
#19 CACHED

#20 [13/20] RUN /magma/fuzzers/honggfuzz/fetch.sh
#20 CACHED

#21 [14/20] RUN /magma/fuzzers/honggfuzz/build.sh
#21 CACHED

#22 [ 7/20] COPY --chown=magma:magma .//magma /magma/magma/
#22 CACHED

#23 [12/20] RUN /magma/fuzzers/honggfuzz/preinstall.sh
#23 CACHED

#24 [20/20] RUN /magma/fuzzers/honggfuzz/instrument.sh
#24 CACHED

#25 exporting to image
#25 exporting layers 0.0s done
#25 exporting manifest sha256:c1ad53334aa6b34d223979a46f9d7e5a3f186449853576c2dc396e9191141041 0.0s done
#25 exporting config sha256:252ab948f97d0731bbfb83a020eb4903d225981d131021646fbbb9cb3e199e59 done
#25 exporting attestation manifest sha256:3351ad7a7ebe9d2b519793298ef7bf77e04a73dd1536474adb0a165470b3ecb5
#25 exporting attestation manifest sha256:3351ad7a7ebe9d2b519793298ef7bf77e04a73dd1536474adb0a165470b3ecb5 0.3s done
#25 exporting manifest list sha256:7a3acfacc359d3e8a0ebd817aedd5761a6c3355d6cf4905608b409b9e727ad8d
#25 exporting manifest list sha256:7a3acfacc359d3e8a0ebd817aedd5761a6c3355d6cf4905608b409b9e727ad8d 0.1s done
#25 naming to docker.io/magma/honggfuzz/php:latest
#25 naming to docker.io/magma/honggfuzz/php:latest 0.0s done
#25 unpacking to docker.io/magma/honggfuzz/php:latest 0.1s done
#25 DONE 0.8s
+ set +x
magma/honggfuzz/php
