[2026-02-10 08:01] Container for honggfuzz/poppler/pdftoppm started in 44c3546b9bc4
/magma/targets/poppler/corpus/pdftoppm/1-criticalnotes.pdf: exit_code 137
/magma/targets/poppler/corpus/pdftoppm/S2.pdf: exit_code 137
/magma/targets/poppler/corpus/pdftoppm/ShowText-ShadingPattern.pdf: exit_code 137
/magma/targets/poppler/corpus/pdftoppm/TAMReview.pdf: exit_code 137
/magma/targets/poppler/corpus/pdftoppm/ThuluthFeatures.pdf: exit_code 137
/magma/targets/poppler/corpus/pdftoppm/ZapfDingbats.pdf: exit_code 137
/magma/targets/poppler/corpus/pdftoppm/a2ping.man1.pdf: exit_code 137
/magma/targets/poppler/corpus/pdftoppm/alphatrans.pdf: exit_code 137
/magma/targets/poppler/corpus/pdftoppm/annotation-strikeout.pdf: exit_code 137
/magma/targets/poppler/corpus/pdftoppm/annotation-tx.pdf: exit_code 137
/magma/targets/poppler/corpus/pdftoppm/annotation-tx2.pdf: exit_code 137
/magma/targets/poppler/corpus/pdftoppm/annotation-tx3.pdf: exit_code 137
/magma/targets/poppler/corpus/pdftoppm/anti_eclipse_V2.pdf: exit_code 137
/magma/targets/poppler/corpus/pdftoppm/b6of3.pdf: exit_code 137
/magma/targets/poppler/corpus/pdftoppm/b6of4.pdf: exit_code 137
/magma/targets/poppler/corpus/pdftoppm/basicapi.pdf: exit_code 137
/magma/targets/poppler/corpus/pdftoppm/bigboundingbox.pdf: exit_code 137
/magma/targets/poppler/corpus/pdftoppm/blendmode.pdf: exit_code 137
/magma/targets/poppler/corpus/pdftoppm/bug1157493.pdf: exit_code 137
/magma/targets/poppler/corpus/pdftoppm/bug852992_reduced.pdf: exit_code 137
/magma/targets/poppler/corpus/pdftoppm/bug886717.pdf: exit_code 137
/magma/targets/poppler/corpus/pdftoppm/bug900822.pdf: exit_code 137
/magma/targets/poppler/corpus/pdftoppm/bug946506.pdf: exit_code 137
/magma/targets/poppler/corpus/pdftoppm/calgray.pdf: exit_code 137
/magma/targets/poppler/corpus/pdftoppm/calrgb.pdf: exit_code 137
/magma/targets/poppler/corpus/pdftoppm/canvas.pdf: exit_code 137
/magma/targets/poppler/corpus/pdftoppm/ccitt_EndOfBlock_false.pdf: exit_code 137
/magma/targets/poppler/corpus/pdftoppm/coons-allflags-withfunction.pdf: exit_code 137
/magma/targets/poppler/corpus/pdftoppm/filled-background.pdf: exit_code 137
/magma/targets/poppler/corpus/pdftoppm/font_ascent_descent.pdf: exit_code 137
/magma/targets/poppler/corpus/pdftoppm/images_1bit_grayscale.pdf: exit_code 137
/magma/targets/poppler/corpus/pdftoppm/issue1002.pdf: exit_code 137
/magma/targets/poppler/corpus/pdftoppm/issue10529.pdf: exit_code 137
/magma/targets/poppler/corpus/pdftoppm/issue11279.pdf: exit_code 137
/magma/targets/poppler/corpus/pdftoppm/issue1350.pdf: exit_code 137
/magma/targets/poppler/corpus/pdftoppm/issue1905.pdf: exit_code 137
/magma/targets/poppler/corpus/pdftoppm/issue215.pdf: exit_code 137
/magma/targets/poppler/corpus/pdftoppm/issue2177.pdf: exit_code 137
/magma/targets/poppler/corpus/pdftoppm/issue2948.pdf: exit_code 137
/magma/targets/poppler/corpus/pdftoppm/issue3214.pdf: exit_code 137
/magma/targets/poppler/corpus/pdftoppm/issue3458.pdf: exit_code 137
/magma/targets/poppler/corpus/pdftoppm/issue4246.pdf: exit_code 137
/magma/targets/poppler/corpus/pdftoppm/issue4379.pdf: exit_code 137
/magma/targets/poppler/corpus/pdftoppm/issue5044.pdf: exit_code 137
/magma/targets/poppler/corpus/pdftoppm/issue5475.pdf: exit_code 137
/magma/targets/poppler/corpus/pdftoppm/issue5549.pdf: exit_code 137
/magma/targets/poppler/corpus/pdftoppm/issue5747.pdf: exit_code 137
/magma/targets/poppler/corpus/pdftoppm/issue5808.pdf: exit_code 137
/magma/targets/poppler/corpus/pdftoppm/issue5946.pdf: exit_code 137
/magma/targets/poppler/corpus/pdftoppm/issue6010_1.pdf: exit_code 137
/magma/targets/poppler/corpus/pdftoppm/issue6010_2.pdf: exit_code 137
/magma/targets/poppler/corpus/pdftoppm/issue6068.pdf: exit_code 137
/magma/targets/poppler/corpus/pdftoppm/issue6231_1.pdf: exit_code 137
/magma/targets/poppler/corpus/pdftoppm/issue6298.pdf: exit_code 137
/magma/targets/poppler/corpus/pdftoppm/issue6410.pdf: exit_code 137
/magma/targets/poppler/corpus/pdftoppm/issue6889.pdf: exit_code 137
/magma/targets/poppler/corpus/pdftoppm/issue7014.pdf: exit_code 137
/magma/targets/poppler/corpus/pdftoppm/issue7200.pdf: exit_code 137
/magma/targets/poppler/corpus/pdftoppm/issue7665.pdf: exit_code 137
/magma/targets/poppler/corpus/pdftoppm/issue8092.pdf: exit_code 137
/magma/targets/poppler/corpus/pdftoppm/issue840.pdf: exit_code 137
/magma/targets/poppler/corpus/pdftoppm/issue8702.pdf: exit_code 137
/magma/targets/poppler/corpus/pdftoppm/issue918.pdf: exit_code 137
/magma/targets/poppler/corpus/pdftoppm/issue9458.pdf: exit_code 137
/magma/targets/poppler/corpus/pdftoppm/issue9940.pdf: exit_code 137
/magma/targets/poppler/corpus/pdftoppm/issue9972-1.pdf: exit_code 137
/magma/targets/poppler/corpus/pdftoppm/issue9972-2.pdf: exit_code 137
/magma/targets/poppler/corpus/pdftoppm/issue9972-3.pdf: exit_code 137
/magma/targets/poppler/corpus/pdftoppm/mixedfonts.pdf: exit_code 137
/magma/targets/poppler/corpus/pdftoppm/multiple-filters-length-zero.pdf: exit_code 137
/magma/targets/poppler/corpus/pdftoppm/pattern_text_embedded_font.pdf: exit_code 137
/magma/targets/poppler/corpus/pdftoppm/personwithdog.pdf: exit_code 137
/magma/targets/poppler/corpus/pdftoppm/pr4922.pdf: exit_code 137
/magma/targets/poppler/corpus/pdftoppm/pr6531_1.pdf: exit_code 137
/magma/targets/poppler/corpus/pdftoppm/pr6531_2.pdf: exit_code 137
/magma/targets/poppler/corpus/pdftoppm/scan-bad.pdf: exit_code 137
/magma/targets/poppler/corpus/pdftoppm/scorecard_reduced.pdf: exit_code 137
/magma/targets/poppler/corpus/pdftoppm/shading_extend.pdf: exit_code 137
/magma/targets/poppler/corpus/pdftoppm/tensor-allflags-withfunction.pdf: exit_code 137
/magma/targets/poppler/corpus/pdftoppm/text_clip_cff_cid.pdf: exit_code 137
/magma/targets/poppler/corpus/pdftoppm/tiling-pattern-box.pdf: exit_code 137
/magma/targets/poppler/corpus/pdftoppm/tiling-pattern-large-steps.pdf: exit_code 137
/magma/targets/poppler/corpus/pdftoppm/transparency_group.pdf: exit_code 137
/magma/targets/poppler/corpus/pdftoppm/type4psfunc.pdf: exit_code 137
Campaign launched at 2026-02-10 13:02
Sz:74195 Tm:125128us (i/b/h/e/p/c) New:0/0/0/0/0/2, Cur:0/0/0/18/0/4646
Sz:3250 Tm:136398us (i/b/h/e/p/c) New:0/0/0/0/0/1, Cur:0/0/0/17/0/5165
Sz:3070 Tm:83813us (i/b/h/e/p/c) New:0/0/0/0/0/3, Cur:0/0/0/37/0/7401
Sz:7572 Tm:111318us (i/b/h/e/p/c) New:0/0/0/0/0/19, Cur:0/0/0/43/0/3866
[2026-02-10T21:01:46+0000][W][7023] subproc_checkTimeLimit():531 pid=5503 took too much time (limit 1 s). Killing it with SIGKILL
Sz:203076 Tm:365675us (i/b/h/e/p/c) New:0/0/0/0/0/2, Cur:0/0/0/10/0/4276
[2026-02-10T21:02:19+0000][W][7023] subproc_checkTimeLimit():531 pid=5892 took too much time (limit 1 s). Killing it with SIGKILL
Signal 15 (Terminated) received, terminating
Terminating thread no. #0, left: 0
Summary iterations:579814 time:28798 speed:20 crashes_count:167 timeout_count:586 new_units_added:12903 slowest_unit_ms:1378 guard_nb:54349 branch_coverage_percent:36 peak_rss_mb:979
[r[500B
Campaign terminated at 2026-02-10 21:02
